[2016.01.27-17.36.28:235][  0]Log file open, 01/27/16 12:36:28
[2016.01.27-17.36.28:235][  0]LogInit:Display: Running engine for game: FPS
[2016.01.27-17.36.28:235][  0]LogInit:Display: RandInit(1449254703) SRandInit(1449254704).
[2016.01.27-17.36.28:235][  0]LogTaskGraph: Started task graph with 4 named threads and 5 total threads.
[2016.01.27-17.36.28:235][  0]LogStats: Stats thread started at 0.085860
[2016.01.27-17.36.28:235][  0]LogInit: Version: 4.9.2-2707645+++depot+UE4-Releases+4.9
[2016.01.27-17.36.28:235][  0]LogInit: API Version: 2672455
[2016.01.27-17.36.28:235][  0]LogInit: Compiled (64-bit): Sep 28 2015 10:25:44
[2016.01.27-17.36.28:235][  0]LogInit: Compiled with Visual C++: 18.00.21005.01
[2016.01.27-17.36.28:235][  0]LogInit: Build Configuration: Development
[2016.01.27-17.36.28:235][  0]LogInit: Branch Name: ++depot+UE4-Releases+4.9
[2016.01.27-17.36.28:235][  0]LogInit: Command line: 
[2016.01.27-17.36.28:235][  0]LogInit: Base directory: C:/Program Files (x86)/Epic Games/4.9/Engine/Binaries/Win64/
[2016.01.27-17.36.28:235][  0]LogInit: Rocket: 1
[2016.01.27-17.36.28:251][  0]LogInit: Using libcurl 7.41.0
[2016.01.27-17.36.28:251][  0]LogInit:  - built for x86_64-pc-win32
[2016.01.27-17.36.28:251][  0]LogInit:  - supports SSL with WinSSL
[2016.01.27-17.36.28:251][  0]LogInit:  - other features:
[2016.01.27-17.36.28:251][  0]LogInit:      CURL_VERSION_SSL
[2016.01.27-17.36.28:251][  0]LogInit:      CURL_VERSION_IPV6
[2016.01.27-17.36.28:251][  0]LogInit:      CURL_VERSION_ASYNCHDNS
[2016.01.27-17.36.28:251][  0]LogInit:      CURL_VERSION_LARGEFILE
[2016.01.27-17.36.28:251][  0]LogInit:      CURL_VERSION_IDN
[2016.01.27-17.36.28:251][  0]LogInit:  CurlRequestOptions (configurable via config and command line):
[2016.01.27-17.36.28:251][  0]LogInit:  - bVerifyPeer = true  - Libcurl will verify peer certificate
[2016.01.27-17.36.28:251][  0]LogInit:  - bUseHttpProxy = false  - Libcurl will NOT use HTTP proxy
[2016.01.27-17.36.28:251][  0]LogInit:  - bDontReuseConnections = false  - Libcurl will reuse connections
[2016.01.27-17.36.28:251][  0]LogInit:  - CertBundlePath = nullptr  - Libcurl will use whatever was configured at build time.
[2016.01.27-17.36.28:265][  0]LogInit: Presizing for 0 objects not considered by GC, pre-allocating 0 bytes.
[2016.01.27-17.36.28:277][  0]LogInit: Object subsystem initialized
[2016.01.27-17.36.28:279][  0]LogInit: Selected Device Profile: [Windows]
[2016.01.27-17.36.28:279][  0]LogInit: Applying CVar settings loaded from the selected device profile: [Windows]
[2016.01.27-17.36.28:297][  0]LogInit: Computer: LAPTOP-LIOL8N73
[2016.01.27-17.36.28:297][  0]LogInit: User: Blake
[2016.01.27-17.36.28:297][  0]LogInit: CPU Page size=4096, Cores=2
[2016.01.27-17.36.28:297][  0]LogInit: High frequency timer resolution =2.531252 MHz
[2016.01.27-17.36.28:297][  0]LogMemory: Memory total: Physical=7.9GB (8GB approx)
[2016.01.27-17.36.28:297][  0]LogMemory: Platform Memory Stats for Windows
[2016.01.27-17.36.28:297][  0]LogMemory: Process Physical Memory: 53.73 MB used, 53.73 MB peak
[2016.01.27-17.36.28:297][  0]LogMemory: Process Virtual Memory: 55.38 MB used, 55.38 MB peak
[2016.01.27-17.36.28:297][  0]LogMemory: Physical Memory: 4961.21 MB used, 8050.76 MB total
[2016.01.27-17.36.28:297][  0]LogMemory: Virtual Memory: 367.54 MB used, 134217728.00 MB total
[2016.01.27-17.36.28:342][  0]LogTextLocalizationManager: No specific translations for ('en-CA') exist, so ('en') translations will be used.
[2016.01.27-17.36.29:284][  0]LogD3D11RHI: Found D3D11 adapter 0: Intel(R) HD Graphics 520 (Feature Level 11_0)
[2016.01.27-17.36.29:284][  0]LogD3D11RHI: Adapter has 128MB of dedicated video memory, 0MB of dedicated system memory, and 4025MB of shared system memory, 1 output[s]
[2016.01.27-17.36.29:292][  0]LogD3D11RHI: Found D3D11 adapter 1: Microsoft Basic Render Driver (Feature Level 11_0)
[2016.01.27-17.36.29:292][  0]LogD3D11RHI: Adapter has 0MB of dedicated video memory, 0MB of dedicated system memory, and 4025MB of shared system memory, 0 output[s]
[2016.01.27-17.36.29:292][  0]LogD3D11RHI: Chosen D3D11 Adapter Id = 0
[2016.01.27-17.36.29:302][  0]LogD3D11RHI: !Direct3DDevice
[2016.01.27-17.36.29:302][  0]LogRHI: Texture pool is 1361 MB (70% of 1945 MB)
[2016.01.27-17.36.29:311][  0]LogD3D11RHI: Async texture creation enabled
[2016.01.27-17.36.29:317][  0]LogShaderCompilers: Guid format shader working directory is 15 characters bigger than the processId version (../../../../../../Users/Blake/Documents/Unreal Projects/FPS/Intermediate/Shaders/WorkingDirectory/9788/).
[2016.01.27-17.36.29:317][  0]LogShaderCompilers: Cleaned the shader compiler working directory '../../../../../../Users/Blake/Documents/Unreal Projects/FPS/Intermediate/Shaders/tmp/3ABDB4A7401C671DEFC3AB98E13F1A48/'.
[2016.01.27-17.36.29:317][  0]LogShaderCompilers:Display: Using Local Shader Compiler.
[2016.01.27-17.36.30:958][  0]LogTemp:Display: Loaded TP AllDesktopTargetPlatform
[2016.01.27-17.36.30:968][  0]LogTemp:Display: Loaded TP WindowsClientTargetPlatform
[2016.01.27-17.36.30:977][  0]LogTemp:Display: Loaded TP WindowsNoEditorTargetPlatform
[2016.01.27-17.36.30:984][  0]LogTemp:Display: Loaded TP WindowsServerTargetPlatform
[2016.01.27-17.36.30:991][  0]LogTemp:Display: Loaded TP WindowsTargetPlatform
[2016.01.27-17.36.30:997][  0]LogTemp:Display: Loaded TP AndroidTargetPlatform
[2016.01.27-17.36.31:001][  0]LogTemp:Display: Loaded TP Android_ASTCTargetPlatform
[2016.01.27-17.36.31:007][  0]LogTemp:Display: Loaded TP Android_ATCTargetPlatform
[2016.01.27-17.36.31:011][  0]LogTemp:Display: Loaded TP Android_DXTTargetPlatform
[2016.01.27-17.36.31:016][  0]LogTemp:Display: Loaded TP Android_ETC1TargetPlatform
[2016.01.27-17.36.31:020][  0]LogTemp:Display: Loaded TP Android_ETC2TargetPlatform
[2016.01.27-17.36.31:025][  0]LogTemp:Display: Loaded TP Android_PVRTCTargetPlatform
[2016.01.27-17.36.31:026][  0]LogTemp:Display: Loaded TP HTML5TargetPlatform
[2016.01.27-17.36.31:047][  0]LogTemp:Display: Loaded TP IOSTargetPlatform
[2016.01.27-17.36.31:051][  0]LogTemp:Display: Loaded TP LinuxNoEditorTargetPlatform
[2016.01.27-17.36.31:055][  0]LogTemp:Display: Loaded TP LinuxServerTargetPlatform
[2016.01.27-17.36.31:060][  0]LogTemp:Display: Loaded TP LinuxTargetPlatform
[2016.01.27-17.36.31:060][  0]LogTargetPlatformManager:Display: Building Assets For Windows
[2016.01.27-17.36.31:184][  0]LogDerivedDataCache:Display: Max Cache Size: 512 MB
[2016.01.27-17.36.31:264][  0]LogDerivedDataCache: Loaded boot cache 0.08s 41MB C:/Users/Blake/AppData/Local/UnrealEngine/4.9/DerivedDataCache/Boot.ddc.
[2016.01.27-17.36.31:264][  0]LogDerivedDataCache:Display: Loaded Boot cache: C:/Users/Blake/AppData/Local/UnrealEngine/4.9/DerivedDataCache/Boot.ddc
[2016.01.27-17.36.31:264][  0]LogDerivedDataCache: FDerivedDataBackendGraph:  Pak pak cache file ../../../../../../Users/Blake/Documents/Unreal Projects/FPS/DerivedDataCache/DDC.ddp not found, will not use a pak cache.
[2016.01.27-17.36.31:264][  0]LogDerivedDataCache: Unable to find inner node Pak for hierarchical cache Hierarchy.
[2016.01.27-17.36.31:265][  0]LogDerivedDataCache: FDerivedDataBackendGraph:  CompressedPak pak cache file ../../../../../../Users/Blake/Documents/Unreal Projects/FPS/DerivedDataCache/Compressed.ddp not found, will not use a pak cache.
[2016.01.27-17.36.31:265][  0]LogDerivedDataCache: Unable to find inner node CompressedPak for hierarchical cache Hierarchy.
[2016.01.27-17.36.31:437][  0]LogDerivedDataCache:Display: Pak cache opened for reading ../../../Engine/DerivedDataCache/Compressed.ddp.
[2016.01.27-17.36.31:450][  0]LogDerivedDataCache: Using Local data cache path C:/Users/Blake/AppData/Local/UnrealEngine/Common/DerivedDataCache: Writable
[2016.01.27-17.36.31:702][  0]LogInit: Selected Device Profile: [Windows]
[2016.01.27-17.36.31:706][  0]LogContentStreaming: Texture pool size is 0.000000MB
[2016.01.27-17.36.31:939][  0]LogMeshUtilities: No automatic mesh reduction module available
[2016.01.27-17.36.31:939][  0]LogMeshUtilities: No automatic mesh merging module available
[2016.01.27-17.36.32:278][  0]LogInit: WinSock: version 1.1 (2.2), MaxSocks=32767, MaxUdp=65467
[2016.01.27-17.36.33:207][  0]UdpMessaging: Initializing bridge on interface 0.0.0.0:0 to multicast group 230.0.0.1:6666.
[2016.01.27-17.36.33:317][  0]LogAssetRegistry: FAssetRegistry took 0.0108 seconds to start up
[2016.01.27-17.36.33:578][  0]SourceControl: Info Source control is disabled
[2016.01.27-17.36.33:579][  0]SourceControl: Info Source control is disabled
[2016.01.27-17.36.33:598][  0]SourceControl: Info Source control is disabled
[2016.01.27-17.36.33:617][  0]SourceControl: Info Source control is disabled
[2016.01.27-17.36.33:874][  0]LogLinker:Warning: Asset '../../../Engine/Plugins/Runtime/LeapMotionController/Content/LM_PassthroughMaterial.uasset' has been saved with empty engine version. The asset will be loaded but may be incompatible.
[2016.01.27-17.36.33:992][  0]LogObj: 28361 objects as part of root set at end of initial load.
[2016.01.27-17.36.33:992][  0]LogUObjectAllocator: 6038864 out of 0 bytes used by permanent object pool.
[2016.01.27-17.36.34:065][  0]LogEngine: Initializing Engine...
[2016.01.27-17.36.34:069][  0]LogHMD: Can't find Oculus library dev build: is proper Runtime installed? Version: 0.7.0.0
[2016.01.27-17.36.34:071][  0]LogHMD: SteamVR failed to initialize.  Err: 110
[2016.01.27-17.36.34:236][  0]LogAIModule: Creating AISystem for world NewWorld
[2016.01.27-17.36.34:241][  0]LogInit: XAudio2 using 'Speakers (Realtek High Definition Audio)' : 2 channels at 48 kHz using 32 bits per sample (channel mask 0x3)
[2016.01.27-17.36.34:276][  0]LogInit: FAudioDevice initialized.
[2016.01.27-17.36.34:313][  0]LogDerivedDataCache: Saved boot cache 0.04s 41MB C:/Users/Blake/AppData/Local/UnrealEngine/4.9/DerivedDataCache/Boot.ddc.
[2016.01.27-17.36.34:318][  0]LogInit: Texture streaming: Enabled
[2016.01.27-17.36.34:327][  0]LogAnalytics: Creating configured Analytics provider AnalyticsET
[2016.01.27-17.36.34:327][  0]LogAnalytics: [UEEditor.Rocket.Release] APIServer = http://et2.epicgames.com/ET2/. AppVersion = 4.9.2-2707645+++depot+UE4-Releases+4.9
[2016.01.27-17.36.34:327][  0]LogAnalytics: [UEEditor.Rocket.Release] SetUserId 1a844ea040a7a8e70cdb1494bb51b4f9|da1c9057e925472d8806720c0005e93a|833134bd-e4ea-4f33-b5b6-b3164e4e3338
[2016.01.27-17.36.34:327][  0]LogAnalytics: [UEEditor.Rocket.Release] AnalyticsET::StartSession
[2016.01.27-17.36.34:349][  0]LogWindowsTextInputMethodSystem:Display: IME system now deactivated.
[2016.01.27-17.36.34:379][  0]LogInit: Transaction tracking system initialized
[2016.01.27-17.36.34:422][  0]BlueprintLog: New page: Editor Load
[2016.01.27-17.36.34:575][  0]LocalizationService: Info Localization service is disabled
[2016.01.27-17.36.34:670][  0]LogLinker:Warning: Can't find file '/Game/FirstPersonBP/FirstPersonOverview'
[2016.01.27-17.36.34:670][  0]LogLinker:Warning: Can't find file '/Game/FirstPersonBP/FirstPersonOverview'
[2016.01.27-17.36.34:670][  0]LogUObjectGlobals:Warning: Failed to find object 'Class /Game/FirstPersonBP/FirstPersonOverview.FirstPersonOverview_C'
[2016.01.27-17.36.34:688][  0]LogConsoleResponse:Display: 
[2016.01.27-17.36.34:866][  0]LogCook:Display: Done creating registry. It took  0.00s.
[2016.01.27-17.36.34:977][  0]LogFileCache: Scanning file cache for directory 'C:/Users/Blake/Documents/Unreal Projects/FPS/Content/' took 0.01s
[2016.01.27-17.36.34:977][  0]SourceControl: Info Source control is disabled
[2016.01.27-17.36.34:977][  0]Cmd: MAP LOAD FILE="../../../Engine/Content/Maps/Templates/Template_Default.umap" TEMPLATE=1 SHOWPROGRESS=1 FEATURELEVEL=3
[2016.01.27-17.36.34:978][  0]LightingResults: New page: Lighting Build
[2016.01.27-17.36.34:984][  0]MapCheck: New page: Map Check
[2016.01.27-17.36.34:984][  0]LightingResults: New page: Lighting Build
[2016.01.27-17.36.35:009][  0]LogParticles: Destroying 0 GPU particle simulations for FXSystem 0x000001BBE1EFE160
[2016.01.27-17.36.35:421][  0]LogAIModule: Creating AISystem for world Untitled_1
[2016.01.27-17.36.35:434][  0]LogEditorServer: Finished looking for orphan Actors (0.000 secs)
[2016.01.27-17.36.35:454][  0]Cmd: MAP CHECKDEP NOCLEARLOG
[2016.01.27-17.36.35:518][  0]MapCheck: Info Map check complete: 0 Error(s), 0 Warning(s), took 64.218ms to complete.
[2016.01.27-17.36.35:518][  0]LogFileHelpers: Loading map 'Template_Default' took 0.542
[2016.01.27-17.36.35:814][  0]LogCollectionManager: Loaded 0 collections in 0.004399 seconds
[2016.01.27-17.36.35:859][  0]LogFileCache: Scanning file cache for directory 'C:/Users/Blake/Documents/Unreal Projects/FPS/Saved/Collections/' took 0.01s
[2016.01.27-17.36.35:859][  0]LogFileCache: Scanning file cache for directory 'C:/Users/Blake/Documents/Unreal Projects/FPS/Content/Developers/Blake/Collections/' took 0.01s
[2016.01.27-17.36.35:859][  0]LogFileCache: Scanning file cache for directory 'C:/Users/Blake/Documents/Unreal Projects/FPS/Content/Collections/' took 0.01s
[2016.01.27-17.36.35:859][  0]LogContentBrowser: Native class hierarchy populated in 0.0117 seconds. Added 1867 classes and 333 folders.
[2016.01.27-17.36.35:869][  0]LogCollectionManager: Rebuilt the GUID cache for 0 collections in 0.000003 seconds
[2016.01.27-17.36.35:882][  0]LogContentBrowser: Native class hierarchy updated for 'WidgetCarousel' in 0.0004 seconds. Added 0 classes and 0 folders.
[2016.01.27-17.36.36:658][  0]LogContentBrowser: Native class hierarchy updated for 'AddContentDialog' in 0.0009 seconds. Added 0 classes and 0 folders.
[2016.01.27-17.36.36:665][  0]LogContentBrowser: Native class hierarchy updated for 'SceneOutliner' in 0.0005 seconds. Added 1 classes and 2 folders.
[2016.01.27-17.36.36:821][  0]LogCrashTracker: Crashtracker disabled due to settings.
[2016.01.27-17.36.36:827][  0]LogUObjectGlobals:Warning: Failed to find object 'Class None.'
[2016.01.27-17.36.36:848][  0]LogLoad: Full Startup: 9.50 seconds (BP compile: 0.08 seconds)
[2016.01.27-17.36.37:097][  0]LogContentStreaming: Texture pool size now 1000 MB
[2016.01.27-17.36.37:378][  0]LogRenderer: Reallocating scene render targets to support 964x436 (Frame:2).
[2016.01.27-17.36.39:012][  4]LogAssetRegistry: Asset discovery search completed in 5.7056 seconds
[2016.01.27-17.36.39:012][  4]LogCollectionManager: Rebuilt the object cache for 0 collections in 0.000001 seconds (found 0 objects)
[2016.01.27-17.36.39:012][  4]LogCollectionManager: Fixed up redirectors for 0 collections in 0.000026 seconds (updated 0 objects)
[2016.01.27-17.36.49:472][213]LogAIModule: Creating AISystem for world FPSMap1
[2016.01.27-17.36.49:528][213]Cmd: MAP LOAD FILE="../../../../../../Users/Blake/Documents/Unreal Projects/FPS/Content/FPSMap1.umap" TEMPLATE=0 SHOWPROGRESS=1 FEATURELEVEL=3
[2016.01.27-17.36.49:528][213]LightingResults: New page: Lighting Build
[2016.01.27-17.36.49:556][213]LoadErrors: New page: Loading map: FPSMap1.umap
[2016.01.27-17.36.49:557][213]MapCheck: New page: Map Check
[2016.01.27-17.36.49:557][213]LightingResults: New page: Lighting Build
[2016.01.27-17.36.49:586][213]LogParticles: Destroying 0 GPU particle simulations for FXSystem 0x000001BBD5F0F740
[2016.01.27-17.36.49:591][213]LogEditorServer: Finished looking for orphan Actors (0.000 secs)
[2016.01.27-17.36.49:630][213]Cmd: MAP CHECKDEP NOCLEARLOG
[2016.01.27-17.36.49:701][213]MapCheck: Info Map check complete: 0 Error(s), 0 Warning(s), took 69.982ms to complete.
[2016.01.27-17.36.49:703][213]LogFileHelpers: Loading map 'FPSMap1' took 0.176
[2016.01.27-17.37.39:075][244]LogEditorViewport: Clicking on Actor (LMB): StaticMeshActor (Floor)
[2016.01.27-17.38.01:168][696]LogEditorViewport: Clicking on Actor (LMB): BP_Sky_Sphere_C (Sky Sphere)
[2016.01.27-17.38.29:247][292]LogEditorViewport: Clicking on Actor (LMB): BP_Sky_Sphere_C (Sky Sphere)
[2016.01.27-17.38.37:265][460]LogEditorViewport: Clicking on Actor (LMB): BP_Sky_Sphere_C (Sky Sphere)
[2016.01.27-17.46.50:043][511]Cmd: OBJ SAVEPACKAGE PACKAGE="/Game/FPSMap1" FILE="../../../../../../Users/Blake/Documents/Unreal Projects/FPS/Saved/Autosaves/Game/FPSMap1_Auto1.umap" SILENT=true AUTOSAVING=true KEEPDIRTY=false
[2016.01.27-17.46.50:137][511]LogSavePackage: Save=85.426498ms
[2016.01.27-17.46.50:137][511]LogSavePackage: Moving '../../../../../../Users/Blake/Documents/Unreal Projects/FPS/Saved/FPSMap1_Auto12EBCC8DF4C27EF2102F79EB207CCC361.tmp' to '../../../../../../Users/Blake/Documents/Unreal Projects/FPS/Saved/Autosaves/Game/FPSMap1_Auto1.umap'
[2016.01.27-17.46.50:139][511]LogSavePackage: Total save time: 93.550939ms
[2016.01.27-17.46.50:139][511]LogSavePackage:Warning: Finished SavePackage ../../../../../../Users/Blake/Documents/Unreal Projects/FPS/Saved/Autosaves/Game/FPSMap1_Auto1.umap
[2016.01.27-17.46.50:142][511]LogFileHelpers: Editor autosave (incl. sublevels) for '/Game/FPSMap1' took 0.140
[2016.01.27-17.46.50:142][511]LogFileHelpers: Editor autosave (incl. sublevels) for all levels took 0.140
[2016.01.27-18.06.13:338][147]LogEditorViewport: Clicking on Actor (LMB): StaticMeshActor (Floor)
[2016.01.27-18.06.15:250][185]Cmd: EDIT COPY
[2016.01.27-18.06.18:633][256]LogEditorViewport: Clicking on Actor (LMB): BP_Sky_Sphere_C (Sky Sphere)
[2016.01.27-18.06.19:564][275]Cmd: EDIT PASTE
[2016.01.27-18.06.59:646][ 85]LogEditorViewport: Clicking on Actor (LMB): BP_Sky_Sphere_C (Sky Sphere)
[2016.01.27-18.07.07:431][242]LogEditorViewport: Clicking on Actor (LMB): StaticMeshActor (Floor2)
[2016.01.27-18.07.43:669][  4]LogEditorViewport: Clicking on Actor (LMB): BP_Sky_Sphere_C (Sky Sphere)
[2016.01.27-18.07.45:083][ 32]LogEditorViewport: Clicking on Actor (LMB): BP_Sky_Sphere_C (Sky Sphere)
[2016.01.27-18.08.00:178][316]LogEditorViewport: Clicking on Actor (LMB): StaticMeshActor (Floor)
[2016.01.27-18.08.06:187][404]LogEditorViewport: Clicking on Actor (LMB): DirectionalLight (DirectionalLight)
[2016.01.27-18.08.08:236][435]Cmd: DELETE
[2016.01.27-18.08.08:236][435]Cmd: ACTOR DELETE
[2016.01.27-18.08.08:238][435]LogEditorActor: Deleted Actor: DirectionalLight
[2016.01.27-18.08.08:353][435]LogEditorActor: Deleted 1 Actors (0.115 secs)
[2016.01.27-18.08.56:768][ 72]Cmd: OBJ SAVEPACKAGE PACKAGE="/Game/FPSMap1" FILE="../../../../../../Users/Blake/Documents/Unreal Projects/FPS/Content/FPSMap1.umap" SILENT=true AUTOSAVING=false KEEPDIRTY=false
[2016.01.27-18.08.56:846][ 72]LogSavePackage: Save=49.502380ms
[2016.01.27-18.08.56:846][ 72]LogSavePackage: Moving '../../../../../../Users/Blake/Documents/Unreal Projects/FPS/Saved/FPSMap164BE39B84E0B98710F7337BF557F19E0.tmp' to '../../../../../../Users/Blake/Documents/Unreal Projects/FPS/Content/FPSMap1.umap'
[2016.01.27-18.08.56:851][ 72]LogSavePackage: Total save time: 58.591954ms
[2016.01.27-18.08.56:851][ 72]LogSavePackage:Warning: Finished SavePackage ../../../../../../Users/Blake/Documents/Unreal Projects/FPS/Content/FPSMap1.umap
[2016.01.27-18.08.56:926][ 72]LogFileHelpers: Saving map 'FPSMap1' took 0.223
[2016.01.27-18.38.39:102][820]LogPlayLevel: PlayLevel: No blueprints needed recompiling
[2016.01.27-18.38.39:139][820]PIE: New page: PIE session: FPSMap1 (Jan 27, 2016, 8:38:39 AM)
[2016.01.27-18.38.39:140][820]LogPlayLevel: Creating play world package: /Game/UEDPIE_0_FPSMap1
[2016.01.27-18.38.39:161][820]LogPlayLevel: PIE: StaticDuplicateObject took: (0.020878s)
[2016.01.27-18.38.39:164][820]LogAIModule: Creating AISystem for world FPSMap1
[2016.01.27-18.38.39:166][820]LogPlayLevel: PIE: World Init took: (0.004455s)
[2016.01.27-18.38.39:167][820]LogPlayLevel: PIE: Created PIE world by copying editor world from /Game/FPSMap1.FPSMap1 to /Game/UEDPIE_0_FPSMap1.FPSMap1 (0.026982s)
[2016.01.27-18.38.39:237][820]LogInit: XAudio2 using 'Speakers (Realtek High Definition Audio)' : 2 channels at 48 kHz using 32 bits per sample (channel mask 0x3)
[2016.01.27-18.38.39:247][820]LogInit: FAudioDevice initialized.
[2016.01.27-18.38.39:342][820]LogWorld: Game class is 'GameMode'
[2016.01.27-18.38.39:472][820]LogWorld: Bringing World /Game/UEDPIE_0_FPSMap1.FPSMap1 up for play (max tick rate 60) at 2016.01.27-13.38.39
[2016.01.27-18.38.39:473][820]LogActor:Warning: GameSession /Game/UEDPIE_0_FPSMap1.FPSMap1:PersistentLevel.GameSession_0 has natively added scene component(s), but none of them were set as the actor's RootComponent - picking one arbitrarily
[2016.01.27-18.38.39:473][820]LogActor:Warning: GameNetworkManager /Game/UEDPIE_0_FPSMap1.FPSMap1:PersistentLevel.GameNetworkManager_0 has natively added scene component(s), but none of them were set as the actor's RootComponent - picking one arbitrarily
[2016.01.27-18.38.39:474][820]LogWorld: Bringing up level for play took: 0.005549
[2016.01.27-18.38.39:486][820]PIE: Info Play in editor start time for /Game/UEDPIE_0_FPSMap1 1.377
[2016.01.27-18.38.58:535][246]LogParticles: Destroying 0 GPU particle simulations for FXSystem 0x000001BBC6D62D40
[2016.01.27-18.39.03:925][342]LogEditorViewport: Clicking on Actor (LMB): PointLight (PointLight)
[2016.01.27-18.39.11:492][468]LogEditorViewport: Clicking on Actor (LMB): StaticMeshActor (Floor)
[2016.01.27-18.39.22:651][668]LogEditorViewport: Clicking on Actor (LMB): DirectionalLight (Light Source)
[2016.01.27-18.39.23:972][693]LogEditorViewport: Clicking on Actor (LMB): DirectionalLight (Light Source)
[2016.01.27-18.39.25:191][716]LogEditorViewport: Clicking on Actor (LMB): DirectionalLight (Light Source)
[2016.01.27-18.39.34:520][896]LogEditorViewport: Clicking on Actor (LMB): AtmosphericFog (Atmospheric Fog)
[2016.01.27-18.39.38:248][965]LogPlayLevel: PlayLevel: No blueprints needed recompiling
[2016.01.27-18.39.38:249][965]PIE: New page: PIE session: FPSMap1 (Jan 27, 2016, 8:39:38 AM)
[2016.01.27-18.39.38:249][965]LogPlayLevel: Creating play world package: /Game/UEDPIE_0_FPSMap1
[2016.01.27-18.39.38:257][965]LogPlayLevel: PIE: StaticDuplicateObject took: (0.007624s)
[2016.01.27-18.39.38:258][965]LogAIModule: Creating AISystem for world FPSMap1
[2016.01.27-18.39.38:258][965]LogPlayLevel: PIE: World Init took: (0.001056s)
[2016.01.27-18.39.38:258][965]LogPlayLevel: PIE: Created PIE world by copying editor world from /Game/FPSMap1.FPSMap1 to /Game/UEDPIE_0_FPSMap1.FPSMap1 (0.008987s)
[2016.01.27-18.39.38:305][965]LogInit: XAudio2 using 'Speakers (Realtek High Definition Audio)' : 2 channels at 48 kHz using 32 bits per sample (channel mask 0x3)
[2016.01.27-18.39.38:316][965]LogInit: FAudioDevice initialized.
[2016.01.27-18.39.38:360][965]LogWorld: Game class is 'GameMode'
[2016.01.27-18.39.38:366][965]LogWorld: Bringing World /Game/UEDPIE_0_FPSMap1.FPSMap1 up for play (max tick rate 60) at 2016.01.27-13.39.38
[2016.01.27-18.39.38:366][965]LogActor:Warning: GameSession /Game/UEDPIE_0_FPSMap1.FPSMap1:PersistentLevel.GameSession_1 has natively added scene component(s), but none of them were set as the actor's RootComponent - picking one arbitrarily
[2016.01.27-18.39.38:366][965]LogActor:Warning: GameNetworkManager /Game/UEDPIE_0_FPSMap1.FPSMap1:PersistentLevel.GameNetworkManager_1 has natively added scene component(s), but none of them were set as the actor's RootComponent - picking one arbitrarily
[2016.01.27-18.39.38:367][965]LogWorld: Bringing up level for play took: 0.005310
[2016.01.27-18.39.38:370][965]PIE: Info Play in editor start time for /Game/UEDPIE_0_FPSMap1 0.26
[2016.01.27-18.39.57:077][460]LogParticles: Destroying 0 GPU particle simulations for FXSystem 0x000001BBC638F9C0
[2016.01.27-18.40.04:468][584]LogEditorViewport: Clicking on Actor (LMB): PlayerStart (Player Start)
[2016.01.27-18.40.27:893][969]LogEditorViewport: Clicking on Actor (LMB): StaticMeshActor (Floor)
[2016.01.27-18.40.28:759][982]LogEditorViewport: Clicking on Actor (LMB): PlayerStart (Player Start)
[2016.01.27-18.40.31:973][ 34]LogEditorViewport: Clicking on Actor (LMB): Character (Character)
[2016.01.27-18.40.34:586][ 77]LogPlayLevel: PlayLevel: No blueprints needed recompiling
[2016.01.27-18.40.34:586][ 77]PIE: New page: PIE session: FPSMap1 (Jan 27, 2016, 8:40:34 AM)
[2016.01.27-18.40.34:587][ 77]LogPlayLevel: Creating play world package: /Game/UEDPIE_0_FPSMap1
[2016.01.27-18.40.34:593][ 77]LogPlayLevel: PIE: StaticDuplicateObject took: (0.006199s)
[2016.01.27-18.40.34:595][ 77]LogAIModule: Creating AISystem for world FPSMap1
[2016.01.27-18.40.34:595][ 77]LogPlayLevel: PIE: World Init took: (0.001965s)
[2016.01.27-18.40.34:596][ 77]LogPlayLevel: PIE: Created PIE world by copying editor world from /Game/FPSMap1.FPSMap1 to /Game/UEDPIE_0_FPSMap1.FPSMap1 (0.009089s)
[2016.01.27-18.40.34:643][ 77]LogInit: XAudio2 using 'Speakers (Realtek High Definition Audio)' : 2 channels at 48 kHz using 32 bits per sample (channel mask 0x3)
[2016.01.27-18.40.34:654][ 77]LogInit: FAudioDevice initialized.
[2016.01.27-18.40.34:697][ 77]LogWorld: Game class is 'GameMode'
[2016.01.27-18.40.34:700][ 77]LogWorld: Bringing World /Game/UEDPIE_0_FPSMap1.FPSMap1 up for play (max tick rate 60) at 2016.01.27-13.40.34
[2016.01.27-18.40.34:700][ 77]LogActor:Warning: GameSession /Game/UEDPIE_0_FPSMap1.FPSMap1:PersistentLevel.GameSession_2 has natively added scene component(s), but none of them were set as the actor's RootComponent - picking one arbitrarily
[2016.01.27-18.40.34:700][ 77]LogActor:Warning: GameNetworkManager /Game/UEDPIE_0_FPSMap1.FPSMap1:PersistentLevel.GameNetworkManager_2 has natively added scene component(s), but none of them were set as the actor's RootComponent - picking one arbitrarily
[2016.01.27-18.40.34:702][ 77]LogWorld: Bringing up level for play took: 0.004792
[2016.01.27-18.40.34:706][ 77]PIE: Info Play in editor start time for /Game/UEDPIE_0_FPSMap1 0.597
[2016.01.27-18.40.57:684][602]LogParticles: Destroying 0 GPU particle simulations for FXSystem 0x000001BBDC54CB80
[2016.01.27-18.41.15:091][894]MapCheck: New page: Map Check
[2016.01.27-18.41.15:156][894]Cmd: MAP REBUILD ALLVISIBLE
[2016.01.27-18.41.15:157][894]LogEditorServer: Rebuildmap Clear paths rebuilt
[2016.01.27-18.41.15:193][894]LightingResults: New page: Lighting Build - Jan 27, 2016, 8:41:15 AM
[2016.01.27-18.41.30:788][894]LogStaticLightingSystem:Warning: No importance volume found, so the scene bounding box was used.  You can optimize your scene's quality and lighting build times by adding importance volumes.
[2016.01.27-18.41.30:788][894]LogStaticLightingSystem: Running Lightmass w/ ImmediateImport mode ENABLED
[2016.01.27-18.41.30:788][894]LogStaticLightingSystem: Running Lightmass w/ ImmediateProcess mode ENABLED
[2016.01.27-18.41.30:788][894]LogStaticLightingSystem: Running Lightmass w/ Sorting mode ENABLED
[2016.01.27-18.41.30:788][894]LogStaticLightingSystem: Running Lightmass w/ Mapping paddings ENABLED
[2016.01.27-18.41.30:788][894]LogStaticLightingSystem: Running Lightmass w/ Mapping debug paddings DISABLED
[2016.01.27-18.41.31:356][894]LogEditorBuildUtils: Build time 0:00:16
[2016.01.27-18.41.31:366][894]LogMaterial: Missing cached shader map for material FLightmassMaterialRenderer DefaultMaterial, compiling. 
[2016.01.27-18.41.31:382][894]LogMaterial: Missing cached shader map for material FLightmassMaterialRenderer DefaultMaterial, compiling. 
[2016.01.27-18.41.31:416][895]LogMaterial: Missing cached shader map for material FLightmassMaterialRenderer MaterialInstanceDynamic_28, compiling. 
[2016.01.27-18.41.31:425][895]LogMaterial: Missing cached shader map for material FLightmassMaterialRenderer MaterialInstanceDynamic_28, compiling. 
[2016.01.27-18.41.31:557][896]LogMaterial: Missing cached shader map for material FLightmassMaterialRenderer WorldGridMaterial, compiling. Is special engine material.
[2016.01.27-18.41.31:572][896]LogMaterial: Missing cached shader map for material FLightmassMaterialRenderer WorldGridMaterial, compiling. Is special engine material.
[2016.01.27-18.41.37:619][941]Job is a success!
[2016.01.27-18.41.37:977][942]LogTexture:Display: Building textures: HQ_Lightmap0_1 (AutoDXT)
[2016.01.27-18.41.38:022][942]LogTexture:Display: Building textures: LQ_Lightmap_0_3 (DXT1)
[2016.01.27-18.41.38:022][942]LogTexture:Display: Building textures: HQ_Lightmap0_3 (AutoDXT)
[2016.01.27-18.41.38:023][942]LogTexture:Display: Building textures: LQ_Lightmap_1_2 (DXT1)
[2016.01.27-18.41.38:028][942]LogTexture:Display: Building textures: HQ_Lightmap1_2 (AutoDXT)
[2016.01.27-18.41.38:041][942]LogTexture:Display: Building textures: LQ_Lightmap_0_1 (DXT1)
[2016.01.27-18.41.38:078][942]LogTexture:Display: Building textures: ShadowMapTexture2D_0 (BGRA8)
[2016.01.27-18.41.38:091][942]LogTexture:Display: Building textures: ShadowMapTexture2D_3 (BGRA8)
[2016.01.27-18.41.38:094][942]LogTexture:Display: Building textures: ShadowMapTexture2D_4 (G8)
[2016.01.27-18.41.38:458][942]Lightmass on LAPTOP-LIOL8N73: 2.20 sec total, 336 ms importing, 1 ms setup, 202 ms photons, 1.26 sec processing, 0 ms extra exporting [15/15 mappings]. Threads: 5.04 sec total, 1.73 sec processing.
[2016.01.27-18.41.38:506][942]LogStaticLightingSystem: Illumination: 23.1 sec (137 ms encoding lightmaps)
[2016.01.27-18.41.38:506][942]LogStaticLightingSystem: Lightmap texture memory:  0.2 MB (0.1 MB streaming, 0.1 MB non-streaming), 6 textures
[2016.01.27-18.41.38:506][942]LogStaticLightingSystem: Shadowmap texture memory: 0.3 MB (0.2 MB streaming, 0.2 MB non-streaming), 3 textures
[2016.01.27-18.41.38:807][943]Cmd: MAP CHECK NOTIFYRESULTS
[2016.01.27-18.41.38:807][943]MapCheck: New page: FPSMap1 - Jan 27, 2016, 8:41:38 AM
[2016.01.27-18.41.38:882][943]MapCheck: Info Map check complete: 0 Error(s), 0 Warning(s), took 75.106ms to complete.
[2016.01.27-18.41.40:363][970]LogPlayLevel: PlayLevel: No blueprints needed recompiling
[2016.01.27-18.41.40:363][970]PIE: New page: PIE session: FPSMap1 (Jan 27, 2016, 8:41:40 AM)
[2016.01.27-18.41.40:363][970]LogPlayLevel: Creating play world package: /Game/UEDPIE_0_FPSMap1
[2016.01.27-18.41.40:372][970]LogPlayLevel: PIE: StaticDuplicateObject took: (0.008742s)
[2016.01.27-18.41.40:373][970]LogAIModule: Creating AISystem for world FPSMap1
[2016.01.27-18.41.40:373][970]LogPlayLevel: PIE: World Init took: (0.001267s)
[2016.01.27-18.41.40:373][970]LogPlayLevel: PIE: Created PIE world by copying editor world from /Game/FPSMap1.FPSMap1 to /Game/UEDPIE_0_FPSMap1.FPSMap1 (0.010200s)
[2016.01.27-18.41.40:410][970]LogInit: XAudio2 using 'Speakers (Realtek High Definition Audio)' : 2 channels at 48 kHz using 32 bits per sample (channel mask 0x3)
[2016.01.27-18.41.40:418][970]LogInit: FAudioDevice initialized.
[2016.01.27-18.41.40:455][970]LogWorld: Game class is 'GameMode'
[2016.01.27-18.41.40:458][970]LogWorld: Bringing World /Game/UEDPIE_0_FPSMap1.FPSMap1 up for play (max tick rate 60) at 2016.01.27-13.41.40
[2016.01.27-18.41.40:458][970]LogActor:Warning: GameSession /Game/UEDPIE_0_FPSMap1.FPSMap1:PersistentLevel.GameSession_3 has natively added scene component(s), but none of them were set as the actor's RootComponent - picking one arbitrarily
[2016.01.27-18.41.40:459][970]LogActor:Warning: GameNetworkManager /Game/UEDPIE_0_FPSMap1.FPSMap1:PersistentLevel.GameNetworkManager_3 has natively added scene component(s), but none of them were set as the actor's RootComponent - picking one arbitrarily
[2016.01.27-18.41.40:460][970]LogWorld: Bringing up level for play took: 0.004395
[2016.01.27-18.41.40:463][970]PIE: Info Play in editor start time for /Game/UEDPIE_0_FPSMap1 0.354
[2016.01.27-18.42.02:903][565]LogParticles: Destroying 0 GPU particle simulations for FXSystem 0x000001BBD2EFE520
[2016.01.27-18.42.13:288][763]Cmd: OBJ SAVEPACKAGE PACKAGE="/Game/FPSMap1" FILE="../../../../../../Users/Blake/Documents/Unreal Projects/FPS/Content/FPSMap1.umap" SILENT=true AUTOSAVING=false KEEPDIRTY=false
[2016.01.27-18.42.13:396][763]LogSavePackage: Save=76.924385ms
[2016.01.27-18.42.13:396][763]LogSavePackage: Moving '../../../../../../Users/Blake/Documents/Unreal Projects/FPS/Saved/FPSMap125E7E3CE40800FA9322382B279FB57B2.tmp' to '../../../../../../Users/Blake/Documents/Unreal Projects/FPS/Content/FPSMap1.umap'
[2016.01.27-18.42.13:400][763]LogSavePackage: Total save time: 83.709169ms
[2016.01.27-18.42.13:400][763]LogSavePackage:Warning: Finished SavePackage ../../../../../../Users/Blake/Documents/Unreal Projects/FPS/Content/FPSMap1.umap
[2016.01.27-18.42.13:436][763]LogFileHelpers: Saving map 'FPSMap1' took 0.218
[2016.01.27-18.50.17:223][569]LogEditorViewport: Clicking on Actor (LMB): Character (Character)
[2016.01.27-18.50.18:211][586]LogEditorViewport: Clicking on Actor (LMB): Character (Character)
[2016.01.27-18.50.18:964][600]LogEditorViewport: Clicking on Actor (LMB): Character (Character)
[2016.01.27-18.50.19:969][621]Cmd: DELETE
[2016.01.27-18.50.19:969][621]Cmd: ACTOR DELETE
[2016.01.27-18.50.19:972][621]LogEditorActor: Deleted Actor: Character
[2016.01.27-18.50.20:008][621]LogEditorActor: Deleted 1 Actors (0.038 secs)
[2016.01.27-18.50.23:773][696]LogEditorViewport: Clicking on Actor (LMB): PlayerStart (Player Start)
[2016.01.27-18.52.13:762][464]Cmd: OBJ SAVEPACKAGE PACKAGE="/Game/FPSMap1" FILE="../../../../../../Users/Blake/Documents/Unreal Projects/FPS/Saved/Autosaves/Game/FPSMap1_Auto2.umap" SILENT=true AUTOSAVING=true KEEPDIRTY=false
[2016.01.27-18.52.13:833][464]LogSavePackage: Save=64.620193ms
[2016.01.27-18.52.13:833][464]LogSavePackage: Moving '../../../../../../Users/Blake/Documents/Unreal Projects/FPS/Saved/FPSMap1_Auto285B85C7E4AFDC42DC307FDAAE6383234.tmp' to '../../../../../../Users/Blake/Documents/Unreal Projects/FPS/Saved/Autosaves/Game/FPSMap1_Auto2.umap'
[2016.01.27-18.52.13:836][464]LogSavePackage: Total save time: 72.139397ms
[2016.01.27-18.52.13:836][464]LogSavePackage:Warning: Finished SavePackage ../../../../../../Users/Blake/Documents/Unreal Projects/FPS/Saved/Autosaves/Game/FPSMap1_Auto2.umap
[2016.01.27-18.52.13:838][464]LogFileHelpers: Editor autosave (incl. sublevels) for '/Game/FPSMap1' took 0.117
[2016.01.27-18.52.13:838][464]LogFileHelpers: Editor autosave (incl. sublevels) for all levels took 0.117
[2016.01.27-20.21.20:305][822]LogNavigationPoint: PostEditMove Clear paths rebuilt
[2016.01.27-20.21.23:760][898]LogEditorViewport: Clicking on Actor (LMB): StaticMeshActor (Floor2)
[2016.01.27-20.21.49:413][429]LogEditorViewport: Clicking on Actor (context menu): StaticMeshActor (Floor2)
[2016.01.27-20.22.36:546][230]Cmd: OBJ SAVEPACKAGE PACKAGE="/Game/FPSMap1" FILE="../../../../../../Users/Blake/Documents/Unreal Projects/FPS/Content/FPSMap1.umap" SILENT=true AUTOSAVING=false KEEPDIRTY=false
[2016.01.27-20.22.36:658][230]LogSavePackage: Save=78.459984ms
[2016.01.27-20.22.36:658][230]LogSavePackage: Moving '../../../../../../Users/Blake/Documents/Unreal Projects/FPS/Saved/FPSMap1ECE53F5A4DB0CA065215BC9E24228AE4.tmp' to '../../../../../../Users/Blake/Documents/Unreal Projects/FPS/Content/FPSMap1.umap'
[2016.01.27-20.22.36:662][230]LogSavePackage: Total save time: 86.544525ms
[2016.01.27-20.22.36:662][230]LogSavePackage:Warning: Finished SavePackage ../../../../../../Users/Blake/Documents/Unreal Projects/FPS/Content/FPSMap1.umap
[2016.01.27-20.22.36:732][230]LogFileHelpers: Saving map 'FPSMap1' took 0.259
[2016.01.27-20.22.36:856][230]LogWindowsTextInputMethodSystem:Display: IME system now deactivated.
[2016.01.27-20.22.37:244][231]Cmd: QUIT_EDITOR
[2016.01.27-20.22.38:262][231]LogExit: Preparing to exit.
[2016.01.27-20.22.39:303][231]LogExit: Editor shut down
[2016.01.27-20.22.39:306][231]LogExit: Transaction tracking system shut down
[2016.01.27-20.22.39:309][231]LogParticles: Destroying 0 GPU particle simulations for FXSystem 0x000001BBE3DDA5C0
[2016.01.27-20.22.39:310][231]LogParticles: Destroying 0 GPU particle simulations for FXSystem 0x000001BBD31E2F20
[2016.01.27-20.22.39:318][231]LogParticles: Destroying 0 GPU particle simulations for FXSystem 0x000001BBD5148E00
[2016.01.27-20.22.39:318][231]LogParticles: Destroying 0 GPU particle simulations for FXSystem 0x000001BBD503AB60
[2016.01.27-20.22.39:556][231]LogExit: Object subsystem successfully closed.
[2016.01.27-20.22.39:575][231]LogD3D11RHI: Shutdown
[2016.01.27-20.22.39:575][231]LogD3D11RHI: CleanupD3DDevice
[2016.01.27-20.22.39:693][231]LogD3D11RHI: ~FD3D11DynamicRHI
[2016.01.27-20.22.39:728][231]LogModuleManager: Shutting down and abandoning module CrashTracker (197)
[2016.01.27-20.22.39:728][231]LogModuleManager: Shutting down and abandoning module SceneOutliner (196)
[2016.01.27-20.22.39:728][231]LogModuleManager: Shutting down and abandoning module SuperSearch (195)
[2016.01.27-20.22.39:728][231]LogModuleManager: Shutting down and abandoning module WidgetCarousel (194)
[2016.01.27-20.22.39:728][231]LogModuleManager: Shutting down and abandoning module AddContentDialog (193)
[2016.01.27-20.22.39:736][231]LogModuleManager: Shutting down and abandoning module EditorWidgets (192)
[2016.01.27-20.22.39:736][231]LogModuleManager: Shutting down and abandoning module CollectionManager (191)
[2016.01.27-20.22.39:737][231]LogModuleManager: Shutting down and abandoning module StatsViewer (190)
[2016.01.27-20.22.39:737][231]LogModuleManager: Shutting down and abandoning module FoliageEdit (189)
[2016.01.27-20.22.39:737][231]LogModuleManager: Shutting down and abandoning module LandscapeEditor (188)
[2016.01.27-20.22.39:737][231]LogModuleManager: Shutting down and abandoning module ActorPickerMode (187)
[2016.01.27-20.22.39:737][231]LogModuleManager: Shutting down and abandoning module GeometryMode (186)
[2016.01.27-20.22.39:737][231]LogModuleManager: Shutting down and abandoning module TextureAlignMode (185)
[2016.01.27-20.22.39:737][231]LogModuleManager: Shutting down and abandoning module BspMode (184)
[2016.01.27-20.22.39:737][231]LogModuleManager: Shutting down and abandoning module PlacementMode (183)
[2016.01.27-20.22.39:737][231]LogModuleManager: Shutting down and abandoning module AutomationWorker (182)
[2016.01.27-20.22.39:737][231]LogModuleManager: Shutting down and abandoning module CharacterAI (181)
[2016.01.27-20.22.39:737][231]LogModuleManager: Shutting down and abandoning module SmartSnapping (180)
[2016.01.27-20.22.39:737][231]LogModuleManager: Shutting down and abandoning module ViewportSnapping (179)
[2016.01.27-20.22.39:737][231]LogModuleManager: Shutting down and abandoning module LogVisualizer (178)
[2016.01.27-20.22.39:737][231]LogModuleManager: Shutting down and abandoning module GameProjectGeneration (177)
[2016.01.27-20.22.39:737][231]LogModuleManager: Shutting down and abandoning module IntroTutorials (176)
[2016.01.27-20.22.39:737][231]LogModuleManager: Shutting down and abandoning module EditorLiveStreaming (175)
[2016.01.27-20.22.39:737][231]LogModuleManager: Shutting down and abandoning module IOSPlatformEditor (174)
[2016.01.27-20.22.39:737][231]LogModuleManager: Shutting down and abandoning module HTML5PlatformEditor (173)
[2016.01.27-20.22.39:737][231]LogModuleManager: Shutting down and abandoning module AndroidDeviceDetection (172)
[2016.01.27-20.22.39:945][231]LogModuleManager: Shutting down and abandoning module AndroidPlatformEditor (171)
[2016.01.27-20.22.39:945][231]LogModuleManager: Shutting down and abandoning module IOSRuntimeSettings (170)
[2016.01.27-20.22.39:945][231]LogModuleManager: Shutting down and abandoning module AndroidRuntimeSettings (169)
[2016.01.27-20.22.39:945][231]LogModuleManager: Shutting down and abandoning module MergeActors (168)
[2016.01.27-20.22.39:945][231]LogModuleManager: Shutting down and abandoning module SizeMap (167)
[2016.01.27-20.22.39:945][231]LogModuleManager: Shutting down and abandoning module TreeMap (166)
[2016.01.27-20.22.39:945][231]LogModuleManager: Shutting down and abandoning module ReferenceViewer (165)
[2016.01.27-20.22.39:945][231]LogModuleManager: Shutting down and abandoning module LocalizationService (164)
[2016.01.27-20.22.39:945][231]LogModuleManager: Shutting down and abandoning module LocalizationDashboard (163)
[2016.01.27-20.22.39:945][231]LogModuleManager: Shutting down and abandoning module HardwareTargeting (162)
[2016.01.27-20.22.39:945][231]LogModuleManager: Shutting down and abandoning module DeviceProfileEditor (161)
[2016.01.27-20.22.39:945][231]LogModuleManager: Shutting down and abandoning module UndoHistory (160)
[2016.01.27-20.22.39:945][231]LogModuleManager: Shutting down and abandoning module GameplayTagsEditor (159)
[2016.01.27-20.22.39:945][231]LogModuleManager: Shutting down and abandoning module UserFeedback (158)
[2016.01.27-20.22.39:945][231]LogModuleManager: Shutting down and abandoning module XmlParser (157)
[2016.01.27-20.22.39:945][231]LogModuleManager: Shutting down and abandoning module Blutility (156)
[2016.01.27-20.22.39:945][231]LogModuleManager: Shutting down and abandoning module ProjectTargetPlatformEditor (155)
[2016.01.27-20.22.39:946][231]LogModuleManager: Shutting down and abandoning module ProjectSettingsViewer (154)
[2016.01.27-20.22.39:946][231]LogModuleManager: Shutting down and abandoning module InputBindingEditor (153)
[2016.01.27-20.22.39:946][231]LogModuleManager: Shutting down and abandoning module EditorSettingsViewer (152)
[2016.01.27-20.22.39:946][231]LogModuleManager: Shutting down and abandoning module SettingsEditor (151)
[2016.01.27-20.22.39:946][231]LogModuleManager: Shutting down and abandoning module ProjectLauncher (150)
[2016.01.27-20.22.39:946][231]LogModuleManager: Shutting down and abandoning module SessionFrontend (149)
[2016.01.27-20.22.39:946][231]LogModuleManager: Shutting down and abandoning module ProfilerClient (148)
[2016.01.27-20.22.39:946][231]LogModuleManager: Shutting down and abandoning module TargetDeviceServices (147)
[2016.01.27-20.22.39:947][231]LogModuleManager: Shutting down and abandoning module DeviceManager (146)
[2016.01.27-20.22.39:947][231]LogModuleManager: Shutting down and abandoning module AutomationController (145)
[2016.01.27-20.22.39:947][231]LogModuleManager: Shutting down and abandoning module AutomationWindow (144)
[2016.01.27-20.22.39:947][231]LogModuleManager: Shutting down and abandoning module Layers (143)
[2016.01.27-20.22.39:948][231]LogModuleManager: Shutting down and abandoning module ComponentVisualizers (142)
[2016.01.27-20.22.39:948][231]LogModuleManager: Shutting down and abandoning module DetailCustomizations (141)
[2016.01.27-20.22.39:948][231]LogModuleManager: Shutting down and abandoning module PackagesDialog (140)
[2016.01.27-20.22.39:948][231]LogModuleManager: Shutting down and abandoning module Persona (139)
[2016.01.27-20.22.39:948][231]LogModuleManager: Shutting down and abandoning module Kismet (138)
[2016.01.27-20.22.39:948][231]LogModuleManager: Shutting down and abandoning module GraphEditor (137)
[2016.01.27-20.22.39:949][231]LogModuleManager: Shutting down and abandoning module ClassViewer (136)
[2016.01.27-20.22.39:949][231]LogModuleManager: Shutting down and abandoning module Toolbox (135)
[2016.01.27-20.22.39:949][231]LogModuleManager: Shutting down and abandoning module ModuleUI (134)
[2016.01.27-20.22.39:949][231]LogModuleManager: Shutting down and abandoning module MovieSceneTools (133)
[2016.01.27-20.22.39:949][231]LogModuleManager: Shutting down and abandoning module OutputLog (132)
[2016.01.27-20.22.39:949][231]LogModuleManager: Shutting down and abandoning module GammaUI (131)
[2016.01.27-20.22.39:949][231]LogModuleManager: Shutting down and abandoning module Documentation (130)
[2016.01.27-20.22.39:949][231]LogModuleManager: Shutting down and abandoning module GameLiveStreaming (129)
[2016.01.27-20.22.39:949][231]LogModuleManager: Shutting down and abandoning module StreamingPauseRendering (128)
[2016.01.27-20.22.39:949][231]LogModuleManager: Shutting down and abandoning module AnalyticsET (127)
[2016.01.27-20.22.39:949][231]LogModuleManager: Shutting down and abandoning module Analytics (126)
[2016.01.27-20.22.39:949][231]LogModuleManager: Shutting down and abandoning module AITestSuite (125)
[2016.01.27-20.22.39:949][231]LogModuleManager: Shutting down and abandoning module GameplayDebugger (124)
[2016.01.27-20.22.39:949][231]LogModuleManager: Shutting down and abandoning module AIModule (123)
[2016.01.27-20.22.39:949][231]LogModuleManager: Shutting down and abandoning module ProfilerService (122)
[2016.01.27-20.22.40:069][231]LogModuleManager: Shutting down and abandoning module TaskGraph (121)
[2016.01.27-20.22.40:069][231]LogModuleManager: Shutting down and abandoning module SlateRemote (120)
[2016.01.27-20.22.40:069][231]LogModuleManager: Shutting down and abandoning module SteamVRController (119)
[2016.01.27-20.22.40:069][231]LogModuleManager: Shutting down and abandoning module SteamVR (118)
[2016.01.27-20.22.40:069][231]LogModuleManager: Shutting down and abandoning module ProceduralMeshComponent (117)
[2016.01.27-20.22.40:069][231]LogModuleManager: Shutting down and abandoning module OculusRift (116)
[2016.01.27-20.22.40:069][231]LogModuleManager: Shutting down and abandoning module OculusLibrary (115)
[2016.01.27-20.22.40:069][231]LogModuleManager: Shutting down and abandoning module LeapMotionController (114)
[2016.01.27-20.22.40:126][231]LogModuleManager: Shutting down and abandoning module CustomMeshComponent (113)
[2016.01.27-20.22.40:126][231]LogModuleManager: Shutting down and abandoning module CableComponent (112)
[2016.01.27-20.22.40:126][231]LogModuleManager: Shutting down and abandoning module ArchVisCharacter (111)
[2016.01.27-20.22.40:126][231]LogModuleManager: Shutting down and abandoning module MessagingDebugger (110)
[2016.01.27-20.22.40:126][231]LogModuleManager: Shutting down and abandoning module MediaPlayerEditor (109)
[2016.01.27-20.22.40:126][231]LogModuleManager: Shutting down and abandoning module HTML5Networking (108)
[2016.01.27-20.22.40:126][231]LogModuleManager: Shutting down and abandoning module SpeedTreeImporter (107)
[2016.01.27-20.22.40:126][231]LogModuleManager: Shutting down and abandoning module PluginBrowser (106)
[2016.01.27-20.22.40:126][231]LogModuleManager: Shutting down and abandoning module EpicSurvey (105)
[2016.01.27-20.22.40:126][231]LogModuleManager: Shutting down and abandoning module DesktopPlatform (104)
[2016.01.27-20.22.40:126][231]LogModuleManager: Shutting down and abandoning module VisualStudioSourceCodeAccess (103)
[2016.01.27-20.22.40:126][231]LogModuleManager: Shutting down and abandoning module UObjectPlugin (102)
[2016.01.27-20.22.40:126][231]LogModuleManager: Shutting down and abandoning module SubversionSourceControl (101)
[2016.01.27-20.22.40:126][231]LogModuleManager: Shutting down and abandoning module PerforceSourceControl (100)
[2016.01.27-20.22.40:126][231]LogModuleManager: Shutting down and abandoning module SourceControl (99)
[2016.01.27-20.22.40:126][231]LogModuleManager: Shutting down and abandoning module GitSourceControl (98)
[2016.01.27-20.22.40:126][231]LogModuleManager: Shutting down and abandoning module LightPropagationVolumeEditor (97)
[2016.01.27-20.22.40:126][231]LogModuleManager: Shutting down and abandoning module PaperTiledImporter (96)
[2016.01.27-20.22.40:127][231]LogModuleManager: Shutting down and abandoning module PaperSpriteSheetImporter (95)
[2016.01.27-20.22.40:127][231]LogModuleManager: Shutting down and abandoning module MeshPaint (94)
[2016.01.27-20.22.40:127][231]LogModuleManager: Shutting down and abandoning module SlateReflector (93)
[2016.01.27-20.22.40:127][231]LogModuleManager: Shutting down and abandoning module HotReload (92)
[2016.01.27-20.22.40:127][231]LogModuleManager: Shutting down and abandoning module MainFrame (91)
[2016.01.27-20.22.40:127][231]LogModuleManager: Shutting down and abandoning module LevelEditor (90)
[2016.01.27-20.22.40:130][231]LogModuleManager: Shutting down and abandoning module DirectoryWatcher (89)
[2016.01.27-20.22.40:148][231]LogModuleManager: Shutting down and abandoning module AssetRegistry (88)
[2016.01.27-20.22.40:322][231]LogModuleManager: Shutting down and abandoning module ContentBrowser (87)
[2016.01.27-20.22.40:326][231]LogModuleManager: Shutting down and abandoning module Paper2DEditor (86)
[2016.01.27-20.22.40:327][231]LogModuleManager: Shutting down and abandoning module UdpMessaging (85)
[2016.01.27-20.22.40:428][231]LogModuleManager: Shutting down and abandoning module LightPropagationVolumeRuntime (84)
[2016.01.27-20.22.40:428][231]LogModuleManager: Shutting down and abandoning module Paper2D (83)
[2016.01.27-20.22.40:428][231]LogModuleManager: Shutting down and abandoning module WindowsMoviePlayer (82)
[2016.01.27-20.22.40:435][231]LogModuleManager: Shutting down and abandoning module Media (81)
[2016.01.27-20.22.40:435][231]LogModuleManager: Shutting down and abandoning module WmfMedia (80)
[2016.01.27-20.22.40:435][231]LogModuleManager: Shutting down and abandoning module OnlineBlueprintSupport (79)
[2016.01.27-20.22.40:435][231]LogModuleManager: Shutting down and abandoning module GameplayTasksEditor (78)
[2016.01.27-20.22.40:435][231]LogModuleManager: Shutting down and abandoning module PropertyEditor (77)
[2016.01.27-20.22.40:435][231]LogModuleManager: Shutting down and abandoning module BehaviorTreeEditor (76)
[2016.01.27-20.22.40:436][231]LogModuleManager: Shutting down and abandoning module FunctionalTesting (75)
[2016.01.27-20.22.40:436][231]LogModuleManager: Shutting down and abandoning module CollisionAnalyzer (74)
[2016.01.27-20.22.40:436][231]LogModuleManager: Shutting down and abandoning module WorkspaceMenuStructure (73)
[2016.01.27-20.22.40:436][231]LogModuleManager: Shutting down and abandoning module MessageLog (72)
[2016.01.27-20.22.40:436][231]LogModuleManager: Shutting down and abandoning module Sequencer (71)
[2016.01.27-20.22.40:436][231]LogModuleManager: Shutting down and abandoning module AssetTools (70)
[2016.01.27-20.22.40:436][231]LogModuleManager: Shutting down and abandoning module UMGEditor (69)
[2016.01.27-20.22.40:436][231]LogModuleManager: Shutting down and abandoning module UMG (68)
[2016.01.27-20.22.40:436][231]LogModuleManager: Shutting down and abandoning module Slate (67)
[2016.01.27-20.22.40:437][231]LogModuleManager: Shutting down and abandoning module EditorStyle (66)
[2016.01.27-20.22.40:443][231]LogModuleManager: Shutting down and abandoning module SessionServices (65)
[2016.01.27-20.22.40:443][231]LogModuleManager: Shutting down and abandoning module SourceCodeAccess (64)
[2016.01.27-20.22.40:443][231]LogModuleManager: Shutting down and abandoning module HeadMountedDisplay (63)
[2016.01.27-20.22.40:443][231]LogModuleManager: Shutting down and abandoning module XAudio2 (62)
[2016.01.27-20.22.40:443][231]LogModuleManager: Shutting down and abandoning module Networking (60)
[2016.01.27-20.22.40:444][231]LogModuleManager: Shutting down and abandoning module Core (59)
[2016.01.27-20.22.40:444][231]LogModuleManager: Shutting down and abandoning module KismetCompiler (58)
[2016.01.27-20.22.40:444][231]LogModuleManager: Shutting down and abandoning module PhysXFormats (57)
[2016.01.27-20.22.40:444][231]LogModuleManager: Shutting down and abandoning module MeshUtilities (56)
[2016.01.27-20.22.40:444][231]LogModuleManager: Shutting down and abandoning module CookingStats (55)
[2016.01.27-20.22.40:449][231]LogModuleManager: Shutting down and abandoning module DerivedDataCache (54)
[2016.01.27-20.22.40:516][231]LogDerivedDataCache: Shutdown
[2016.01.27-20.22.40:516][231]LogModuleManager: Shutting down and abandoning module ShaderFormatOpenGL (53)
[2016.01.27-20.22.40:516][231]LogModuleManager: Shutting down and abandoning module ShaderFormatD3D (52)
[2016.01.27-20.22.40:516][231]LogModuleManager: Shutting down and abandoning module MetalShaderFormat (51)
[2016.01.27-20.22.40:516][231]LogModuleManager: Shutting down and abandoning module TextureFormatUncompressed (50)
[2016.01.27-20.22.40:516][231]LogModuleManager: Shutting down and abandoning module TextureFormatPVR (49)
[2016.01.27-20.22.40:516][231]LogModuleManager: Shutting down and abandoning module TextureFormatIntelISPCTexComp (48)
[2016.01.27-20.22.40:516][231]LogModuleManager: Shutting down and abandoning module TextureFormatDXT (47)
[2016.01.27-20.22.40:516][231]LogModuleManager: Shutting down and abandoning module ImageWrapper (46)
[2016.01.27-20.22.40:516][231]LogModuleManager: Shutting down and abandoning module TextureFormatASTC (45)
[2016.01.27-20.22.40:516][231]LogModuleManager: Shutting down and abandoning module TextureFormatAndroid (44)
[2016.01.27-20.22.40:516][231]LogModuleManager: Shutting down and abandoning module AudioFormatOpus (43)
[2016.01.27-20.22.40:516][231]LogModuleManager: Shutting down and abandoning module AudioFormatOgg (42)
[2016.01.27-20.22.40:516][231]LogModuleManager: Shutting down and abandoning module AudioFormatADPCM (41)
[2016.01.27-20.22.40:516][231]LogModuleManager: Shutting down and abandoning module LinuxTargetPlatform (40)
[2016.01.27-20.22.40:516][231]LogModuleManager: Shutting down and abandoning module LinuxServerTargetPlatform (39)
[2016.01.27-20.22.40:516][231]LogModuleManager: Shutting down and abandoning module LinuxNoEditorTargetPlatform (38)
[2016.01.27-20.22.40:516][231]LogModuleManager: Shutting down and abandoning module Messaging (37)
[2016.01.27-20.22.40:516][231]LogModuleManager: Shutting down and abandoning module IOSTargetPlatform (36)
[2016.01.27-20.22.40:516][231]LogModuleManager: Shutting down and abandoning module HTML5TargetPlatform (35)
[2016.01.27-20.22.40:516][231]LogModuleManager: Shutting down and abandoning module Android_PVRTCTargetPlatform (34)
[2016.01.27-20.22.40:516][231]LogModuleManager: Shutting down and abandoning module Android_ETC2TargetPlatform (33)
[2016.01.27-20.22.40:516][231]LogModuleManager: Shutting down and abandoning module Android_ETC1TargetPlatform (32)
[2016.01.27-20.22.40:516][231]LogModuleManager: Shutting down and abandoning module Android_DXTTargetPlatform (31)
[2016.01.27-20.22.40:516][231]LogModuleManager: Shutting down and abandoning module Android_ATCTargetPlatform (30)
[2016.01.27-20.22.40:516][231]LogModuleManager: Shutting down and abandoning module Android_ASTCTargetPlatform (29)
[2016.01.27-20.22.40:517][231]LogModuleManager: Shutting down and abandoning module AndroidTargetPlatform (28)
[2016.01.27-20.22.40:517][231]LogModuleManager: Shutting down and abandoning module WindowsTargetPlatform (27)
[2016.01.27-20.22.40:517][231]LogModuleManager: Shutting down and abandoning module WindowsServerTargetPlatform (26)
[2016.01.27-20.22.40:517][231]LogModuleManager: Shutting down and abandoning module WindowsNoEditorTargetPlatform (25)
[2016.01.27-20.22.40:517][231]LogModuleManager: Shutting down and abandoning module WindowsClientTargetPlatform (24)
[2016.01.27-20.22.40:517][231]LogModuleManager: Shutting down and abandoning module AllDesktopTargetPlatform (23)
[2016.01.27-20.22.40:517][231]LogModuleManager: Shutting down and abandoning module TargetPlatform (22)
[2016.01.27-20.22.40:517][231]LogModuleManager: Shutting down and abandoning module InputCore (21)
[2016.01.27-20.22.40:517][231]LogModuleManager: Shutting down and abandoning module Settings (20)
[2016.01.27-20.22.40:517][231]LogModuleManager: Shutting down and abandoning module OnlineSubsystem (18)
[2016.01.27-20.22.40:517][231]LogModuleManager: Shutting down and abandoning module HTTP (17)
[2016.01.27-20.22.42:533][231]LogModuleManager: Shutting down and abandoning module XMPP (16)
[2016.01.27-20.22.42:534][231]LogModuleManager: Shutting down and abandoning module ExampleDeviceProfileSelector (15)
[2016.01.27-20.22.42:534][231]LogModuleManager: Shutting down and abandoning module TextureCompressor (14)
[2016.01.27-20.22.42:534][231]LogModuleManager: Shutting down and abandoning module ShaderCore (13)
[2016.01.27-20.22.42:534][231]LogModuleManager: Shutting down and abandoning module Landscape (12)
[2016.01.27-20.22.42:534][231]LogModuleManager: Shutting down and abandoning module SlateRHIRenderer (11)
[2016.01.27-20.22.42:548][231]LogModuleManager: Shutting down and abandoning module OpenGLDrv (10)
[2016.01.27-20.22.42:548][231]LogModuleManager: Shutting down and abandoning module D3D11RHI (9)
[2016.01.27-20.22.42:548][231]LogModuleManager: Shutting down and abandoning module AnimGraphRuntime (8)
[2016.01.27-20.22.42:548][231]LogModuleManager: Shutting down and abandoning module Renderer (7)
[2016.01.27-20.22.42:548][231]LogModuleManager: Shutting down and abandoning module Engine (6)
[2016.01.27-20.22.42:548][231]LogModuleManager: Shutting down and abandoning module CoreUObject (5)
[2016.01.27-20.22.42:548][231]LogModuleManager: Shutting down and abandoning module NetworkFile (4)
[2016.01.27-20.22.42:548][231]LogModuleManager: Shutting down and abandoning module StreamingFile (3)
[2016.01.27-20.22.42:548][231]LogModuleManager: Shutting down and abandoning module SandboxFile (2)
[2016.01.27-20.22.42:548][231]LogModuleManager: Shutting down and abandoning module PakFile (1)
[2016.01.27-20.22.42:550][231]LogExit: Exiting.
[2016.01.27-20.22.42:563][231]Log file closed, 01/27/16 15:22:42
