[2016.01.26-21.52.24:406][  0]Log file open, 01/26/16 16:52:24
[2016.01.26-21.52.24:406][  0]LogInit:Display: Running engine for game: FPS
[2016.01.26-21.52.24:406][  0]LogInit:Display: RandInit(1975379578) SRandInit(1975379579).
[2016.01.26-21.52.24:406][  0]LogTaskGraph: Started task graph with 4 named threads and 5 total threads.
[2016.01.26-21.52.24:406][  0]LogStats: Stats thread started at 0.085675
[2016.01.26-21.52.24:406][  0]LogInit: Version: 4.9.2-2707645+++depot+UE4-Releases+4.9
[2016.01.26-21.52.24:406][  0]LogInit: API Version: 2672455
[2016.01.26-21.52.24:406][  0]LogInit: Compiled (64-bit): Sep 28 2015 10:25:44
[2016.01.26-21.52.24:407][  0]LogInit: Compiled with Visual C++: 18.00.21005.01
[2016.01.26-21.52.24:407][  0]LogInit: Build Configuration: Development
[2016.01.26-21.52.24:407][  0]LogInit: Branch Name: ++depot+UE4-Releases+4.9
[2016.01.26-21.52.24:407][  0]LogInit: Command line: 
[2016.01.26-21.52.24:407][  0]LogInit: Base directory: C:/Program Files (x86)/Epic Games/4.9/Engine/Binaries/Win64/
[2016.01.26-21.52.24:407][  0]LogInit: Rocket: 1
[2016.01.26-21.52.24:422][  0]LogInit: Using libcurl 7.41.0
[2016.01.26-21.52.24:422][  0]LogInit:  - built for x86_64-pc-win32
[2016.01.26-21.52.24:422][  0]LogInit:  - supports SSL with WinSSL
[2016.01.26-21.52.24:422][  0]LogInit:  - other features:
[2016.01.26-21.52.24:422][  0]LogInit:      CURL_VERSION_SSL
[2016.01.26-21.52.24:422][  0]LogInit:      CURL_VERSION_IPV6
[2016.01.26-21.52.24:422][  0]LogInit:      CURL_VERSION_ASYNCHDNS
[2016.01.26-21.52.24:422][  0]LogInit:      CURL_VERSION_LARGEFILE
[2016.01.26-21.52.24:422][  0]LogInit:      CURL_VERSION_IDN
[2016.01.26-21.52.24:422][  0]LogInit:  CurlRequestOptions (configurable via config and command line):
[2016.01.26-21.52.24:422][  0]LogInit:  - bVerifyPeer = true  - Libcurl will verify peer certificate
[2016.01.26-21.52.24:422][  0]LogInit:  - bUseHttpProxy = false  - Libcurl will NOT use HTTP proxy
[2016.01.26-21.52.24:422][  0]LogInit:  - bDontReuseConnections = false  - Libcurl will reuse connections
[2016.01.26-21.52.24:422][  0]LogInit:  - CertBundlePath = nullptr  - Libcurl will use whatever was configured at build time.
[2016.01.26-21.52.24:436][  0]LogInit: Presizing for 0 objects not considered by GC, pre-allocating 0 bytes.
[2016.01.26-21.52.24:446][  0]LogInit: Object subsystem initialized
[2016.01.26-21.52.24:448][  0]LogInit: Selected Device Profile: [Windows]
[2016.01.26-21.52.24:448][  0]LogInit: Applying CVar settings loaded from the selected device profile: [Windows]
[2016.01.26-21.52.24:460][  0]LogInit: Computer: LAPTOP-LIOL8N73
[2016.01.26-21.52.24:460][  0]LogInit: User: Blake
[2016.01.26-21.52.24:460][  0]LogInit: CPU Page size=4096, Cores=2
[2016.01.26-21.52.24:460][  0]LogInit: High frequency timer resolution =2.531252 MHz
[2016.01.26-21.52.24:460][  0]LogMemory: Memory total: Physical=7.9GB (8GB approx)
[2016.01.26-21.52.24:460][  0]LogMemory: Platform Memory Stats for Windows
[2016.01.26-21.52.24:460][  0]LogMemory: Process Physical Memory: 53.69 MB used, 53.69 MB peak
[2016.01.26-21.52.24:460][  0]LogMemory: Process Virtual Memory: 55.26 MB used, 55.26 MB peak
[2016.01.26-21.52.24:460][  0]LogMemory: Physical Memory: 4925.63 MB used, 8050.76 MB total
[2016.01.26-21.52.24:460][  0]LogMemory: Virtual Memory: 367.54 MB used, 134217728.00 MB total
[2016.01.26-21.52.24:501][  0]LogTextLocalizationManager: No specific translations for ('en-CA') exist, so ('en') translations will be used.
[2016.01.26-21.52.25:467][  0]LogD3D11RHI: Found D3D11 adapter 0: Intel(R) HD Graphics 520 (Feature Level 11_0)
[2016.01.26-21.52.25:467][  0]LogD3D11RHI: Adapter has 128MB of dedicated video memory, 0MB of dedicated system memory, and 4025MB of shared system memory, 1 output[s]
[2016.01.26-21.52.25:473][  0]LogD3D11RHI: Found D3D11 adapter 1: Microsoft Basic Render Driver (Feature Level 11_0)
[2016.01.26-21.52.25:473][  0]LogD3D11RHI: Adapter has 0MB of dedicated video memory, 0MB of dedicated system memory, and 4025MB of shared system memory, 0 output[s]
[2016.01.26-21.52.25:473][  0]LogD3D11RHI: Chosen D3D11 Adapter Id = 0
[2016.01.26-21.52.25:480][  0]LogD3D11RHI: !Direct3DDevice
[2016.01.26-21.52.25:480][  0]LogRHI: Texture pool is 1361 MB (70% of 1945 MB)
[2016.01.26-21.52.25:487][  0]LogD3D11RHI: Async texture creation enabled
[2016.01.26-21.52.25:492][  0]LogShaderCompilers: Guid format shader working directory is 15 characters bigger than the processId version (../../../../../../Users/Blake/Documents/Unreal Projects/FPS/Intermediate/Shaders/WorkingDirectory/3204/).
[2016.01.26-21.52.25:492][  0]LogShaderCompilers: Cleaned the shader compiler working directory '../../../../../../Users/Blake/Documents/Unreal Projects/FPS/Intermediate/Shaders/tmp/F8893C6B48B5C8E9280434AA7320633F/'.
[2016.01.26-21.52.25:492][  0]LogShaderCompilers:Display: Using Local Shader Compiler.
[2016.01.26-21.52.26:921][  0]LogTemp:Display: Loaded TP AllDesktopTargetPlatform
[2016.01.26-21.52.26:930][  0]LogTemp:Display: Loaded TP WindowsClientTargetPlatform
[2016.01.26-21.52.26:937][  0]LogTemp:Display: Loaded TP WindowsNoEditorTargetPlatform
[2016.01.26-21.52.26:944][  0]LogTemp:Display: Loaded TP WindowsServerTargetPlatform
[2016.01.26-21.52.26:951][  0]LogTemp:Display: Loaded TP WindowsTargetPlatform
[2016.01.26-21.52.26:957][  0]LogTemp:Display: Loaded TP AndroidTargetPlatform
[2016.01.26-21.52.26:961][  0]LogTemp:Display: Loaded TP Android_ASTCTargetPlatform
[2016.01.26-21.52.26:966][  0]LogTemp:Display: Loaded TP Android_ATCTargetPlatform
[2016.01.26-21.52.26:972][  0]LogTemp:Display: Loaded TP Android_DXTTargetPlatform
[2016.01.26-21.52.26:977][  0]LogTemp:Display: Loaded TP Android_ETC1TargetPlatform
[2016.01.26-21.52.26:983][  0]LogTemp:Display: Loaded TP Android_ETC2TargetPlatform
[2016.01.26-21.52.26:987][  0]LogTemp:Display: Loaded TP Android_PVRTCTargetPlatform
[2016.01.26-21.52.26:990][  0]LogTemp:Display: Loaded TP HTML5TargetPlatform
[2016.01.26-21.52.27:010][  0]LogTemp:Display: Loaded TP IOSTargetPlatform
[2016.01.26-21.52.27:014][  0]LogTemp:Display: Loaded TP LinuxNoEditorTargetPlatform
[2016.01.26-21.52.27:019][  0]LogTemp:Display: Loaded TP LinuxServerTargetPlatform
[2016.01.26-21.52.27:025][  0]LogTemp:Display: Loaded TP LinuxTargetPlatform
[2016.01.26-21.52.27:025][  0]LogTargetPlatformManager:Display: Building Assets For Windows
[2016.01.26-21.52.27:168][  0]LogDerivedDataCache:Display: Max Cache Size: 512 MB
[2016.01.26-21.52.27:248][  0]LogDerivedDataCache: Loaded boot cache 0.08s 41MB C:/Users/Blake/AppData/Local/UnrealEngine/4.9/DerivedDataCache/Boot.ddc.
[2016.01.26-21.52.27:248][  0]LogDerivedDataCache:Display: Loaded Boot cache: C:/Users/Blake/AppData/Local/UnrealEngine/4.9/DerivedDataCache/Boot.ddc
[2016.01.26-21.52.27:248][  0]LogDerivedDataCache: FDerivedDataBackendGraph:  Pak pak cache file ../../../../../../Users/Blake/Documents/Unreal Projects/FPS/DerivedDataCache/DDC.ddp not found, will not use a pak cache.
[2016.01.26-21.52.27:248][  0]LogDerivedDataCache: Unable to find inner node Pak for hierarchical cache Hierarchy.
[2016.01.26-21.52.27:249][  0]LogDerivedDataCache: FDerivedDataBackendGraph:  CompressedPak pak cache file ../../../../../../Users/Blake/Documents/Unreal Projects/FPS/DerivedDataCache/Compressed.ddp not found, will not use a pak cache.
[2016.01.26-21.52.27:249][  0]LogDerivedDataCache: Unable to find inner node CompressedPak for hierarchical cache Hierarchy.
[2016.01.26-21.52.27:402][  0]LogDerivedDataCache:Display: Pak cache opened for reading ../../../Engine/DerivedDataCache/Compressed.ddp.
[2016.01.26-21.52.27:415][  0]LogDerivedDataCache: Using Local data cache path C:/Users/Blake/AppData/Local/UnrealEngine/Common/DerivedDataCache: Writable
[2016.01.26-21.52.27:735][  0]LogInit: Selected Device Profile: [Windows]
[2016.01.26-21.52.27:740][  0]LogContentStreaming: Texture pool size is 0.000000MB
[2016.01.26-21.52.27:909][  0]LogMeshUtilities: No automatic mesh reduction module available
[2016.01.26-21.52.27:909][  0]LogMeshUtilities: No automatic mesh merging module available
[2016.01.26-21.52.28:266][  0]LogInit: WinSock: version 1.1 (2.2), MaxSocks=32767, MaxUdp=65467
[2016.01.26-21.52.29:207][  0]UdpMessaging: Initializing bridge on interface 0.0.0.0:0 to multicast group 230.0.0.1:6666.
[2016.01.26-21.52.29:323][  0]LogAssetRegistry: FAssetRegistry took 0.0112 seconds to start up
[2016.01.26-21.52.29:639][  0]SourceControl: Info Source control is disabled
[2016.01.26-21.52.29:640][  0]SourceControl: Info Source control is disabled
[2016.01.26-21.52.29:657][  0]SourceControl: Info Source control is disabled
[2016.01.26-21.52.29:674][  0]SourceControl: Info Source control is disabled
[2016.01.26-21.52.29:906][  0]LogLinker:Warning: Asset '../../../Engine/Plugins/Runtime/LeapMotionController/Content/LM_PassthroughMaterial.uasset' has been saved with empty engine version. The asset will be loaded but may be incompatible.
[2016.01.26-21.52.30:028][  0]LogObj: 28361 objects as part of root set at end of initial load.
[2016.01.26-21.52.30:028][  0]LogUObjectAllocator: 6038864 out of 0 bytes used by permanent object pool.
[2016.01.26-21.52.30:098][  0]LogEngine: Initializing Engine...
[2016.01.26-21.52.30:103][  0]LogHMD: Can't find Oculus library dev build: is proper Runtime installed? Version: 0.7.0.0
[2016.01.26-21.52.30:104][  0]LogHMD: SteamVR failed to initialize.  Err: 110
[2016.01.26-21.52.30:292][  0]LogAIModule: Creating AISystem for world NewWorld
[2016.01.26-21.52.30:297][  0]LogInit: XAudio2 using 'Speakers (Realtek High Definition Audio)' : 2 channels at 48 kHz using 32 bits per sample (channel mask 0x3)
[2016.01.26-21.52.30:330][  0]LogInit: FAudioDevice initialized.
[2016.01.26-21.52.30:368][  0]LogDerivedDataCache: Saved boot cache 0.04s 41MB C:/Users/Blake/AppData/Local/UnrealEngine/4.9/DerivedDataCache/Boot.ddc.
[2016.01.26-21.52.30:376][  0]LogInit: Texture streaming: Enabled
[2016.01.26-21.52.30:386][  0]LogAnalytics: Creating configured Analytics provider AnalyticsET
[2016.01.26-21.52.30:386][  0]LogAnalytics: [UEEditor.Rocket.Release] APIServer = http://et2.epicgames.com/ET2/. AppVersion = 4.9.2-2707645+++depot+UE4-Releases+4.9
[2016.01.26-21.52.30:386][  0]LogAnalytics: [UEEditor.Rocket.Release] SetUserId 1a844ea040a7a8e70cdb1494bb51b4f9|da1c9057e925472d8806720c0005e93a|833134bd-e4ea-4f33-b5b6-b3164e4e3338
[2016.01.26-21.52.30:386][  0]LogAnalytics: [UEEditor.Rocket.Release] AnalyticsET::StartSession
[2016.01.26-21.52.30:409][  0]LogWindowsTextInputMethodSystem:Display: IME system now deactivated.
[2016.01.26-21.52.30:440][  0]LogInit: Transaction tracking system initialized
[2016.01.26-21.52.30:489][  0]BlueprintLog: New page: Editor Load
[2016.01.26-21.52.30:649][  0]LocalizationService: Info Localization service is disabled
[2016.01.26-21.52.30:749][  0]LogLinker:Warning: Can't find file '/Game/FirstPersonBP/FirstPersonOverview'
[2016.01.26-21.52.30:750][  0]LogLinker:Warning: Can't find file '/Game/FirstPersonBP/FirstPersonOverview'
[2016.01.26-21.52.30:750][  0]LogUObjectGlobals:Warning: Failed to find object 'Class /Game/FirstPersonBP/FirstPersonOverview.FirstPersonOverview_C'
[2016.01.26-21.52.30:772][  0]LogConsoleResponse:Display: 
[2016.01.26-21.52.30:952][  0]LogCook:Display: Done creating registry. It took  0.00s.
[2016.01.26-21.52.31:070][  0]LogFileCache: Scanning file cache for directory 'C:/Users/Blake/Documents/Unreal Projects/FPS/Content/' took 0.01s
[2016.01.26-21.52.31:070][  0]SourceControl: Info Source control is disabled
[2016.01.26-21.52.31:071][  0]Cmd: MAP LOAD FILE="../../../Engine/Content/Maps/Templates/Template_Default.umap" TEMPLATE=1 SHOWPROGRESS=1 FEATURELEVEL=3
[2016.01.26-21.52.31:071][  0]LightingResults: New page: Lighting Build
[2016.01.26-21.52.31:079][  0]MapCheck: New page: Map Check
[2016.01.26-21.52.31:079][  0]LightingResults: New page: Lighting Build
[2016.01.26-21.52.31:109][  0]LogParticles: Destroying 0 GPU particle simulations for FXSystem 0x0000027424626160
[2016.01.26-21.52.31:552][  0]LogAIModule: Creating AISystem for world Untitled_1
[2016.01.26-21.52.31:563][  0]LogEditorServer: Finished looking for orphan Actors (0.000 secs)
[2016.01.26-21.52.31:582][  0]Cmd: MAP CHECKDEP NOCLEARLOG
[2016.01.26-21.52.31:674][  0]MapCheck: Info Map check complete: 0 Error(s), 0 Warning(s), took 91.628ms to complete.
[2016.01.26-21.52.31:674][  0]LogFileHelpers: Loading map 'Template_Default' took 0.603
[2016.01.26-21.52.31:819][  0]LogCollectionManager: Loaded 0 collections in 0.004086 seconds
[2016.01.26-21.52.31:865][  0]LogFileCache: Scanning file cache for directory 'C:/Users/Blake/Documents/Unreal Projects/FPS/Saved/Collections/' took 0.01s
[2016.01.26-21.52.31:865][  0]LogFileCache: Scanning file cache for directory 'C:/Users/Blake/Documents/Unreal Projects/FPS/Content/Developers/Blake/Collections/' took 0.01s
[2016.01.26-21.52.31:865][  0]LogFileCache: Scanning file cache for directory 'C:/Users/Blake/Documents/Unreal Projects/FPS/Content/Collections/' took 0.01s
[2016.01.26-21.52.31:865][  0]LogContentBrowser: Native class hierarchy populated in 0.0118 seconds. Added 1867 classes and 333 folders.
[2016.01.26-21.52.31:875][  0]LogCollectionManager: Rebuilt the GUID cache for 0 collections in 0.000003 seconds
[2016.01.26-21.52.31:888][  0]LogContentBrowser: Native class hierarchy updated for 'WidgetCarousel' in 0.0005 seconds. Added 0 classes and 0 folders.
[2016.01.26-21.52.31:963][  0]LogContentBrowser: Native class hierarchy updated for 'AddContentDialog' in 0.0005 seconds. Added 0 classes and 0 folders.
[2016.01.26-21.52.31:972][  0]LogContentBrowser: Native class hierarchy updated for 'SceneOutliner' in 0.0004 seconds. Added 1 classes and 2 folders.
[2016.01.26-21.52.32:008][  0]LogCrashTracker: Crashtracker disabled due to settings.
[2016.01.26-21.52.32:014][  0]LogUObjectGlobals:Warning: Failed to find object 'Class None.'
[2016.01.26-21.52.32:036][  0]LogLoad: Full Startup: 8.30 seconds (BP compile: 0.08 seconds)
[2016.01.26-21.52.32:109][  0]LogContentStreaming: Texture pool size now 1000 MB
[2016.01.26-21.52.32:260][  0]LogRenderer: Reallocating scene render targets to support 964x436 (Frame:2).
[2016.01.26-21.52.33:648][  4]LogAssetRegistry: Asset discovery search completed in 4.3354 seconds
[2016.01.26-21.52.33:648][  4]LogCollectionManager: Rebuilt the object cache for 0 collections in 0.000004 seconds (found 0 objects)
[2016.01.26-21.52.33:648][  4]LogCollectionManager: Fixed up redirectors for 0 collections in 0.000082 seconds (updated 0 objects)
[2016.01.26-21.52.49:576][337]Cmd: BRUSH ADD SELECTNEWBRUSH
[2016.01.26-21.53.41:368][413]LogEditorViewport: Clicking on Actor (LMB): StaticMeshActor (Floor)
[2016.01.26-21.53.42:546][431]LogEditorViewport: Clicking on Actor (LMB): StaticMeshActor (Floor)
[2016.01.26-21.53.44:934][480]LogEditorViewport: Clicking on Actor (LMB): BP_Sky_Sphere_C (Sky Sphere)
[2016.01.26-21.53.45:565][492]Cmd: EDIT PASTE
[2016.01.26-21.54.24:813][262]Cmd: DELETE
[2016.01.26-21.54.24:813][262]Cmd: ACTOR DELETE
[2016.01.26-21.54.24:876][262]LogEditorActor: Deleted Actor: StaticMeshActor
[2016.01.26-21.54.24:925][262]LogEditorActor: Deleted 1 Actors (0.079 secs)
[2016.01.26-21.56.05:107][353]LogEditorViewport: Clicking on Actor (LMB): BP_Sky_Sphere_C (Sky Sphere)
[2016.01.26-21.56.18:200][623]Cmd: BRUSH ADD SELECTNEWBRUSH
[2016.01.26-22.02.32:823][125]Cmd: OBJ SAVEPACKAGE PACKAGE="/Temp/Untitled_1" FILE="../../../../../../Users/Blake/Documents/Unreal Projects/FPS/Saved/Autosaves/Temp/Untitled_1_Auto1.umap" SILENT=true AUTOSAVING=true KEEPDIRTY=false
[2016.01.26-22.02.32:884][125]LogSavePackage: Save=58.017929ms
[2016.01.26-22.02.32:884][125]LogSavePackage: Moving '../../../../../../Users/Blake/Documents/Unreal Projects/FPS/Saved/Untitled_1_Auto112F7442442980D5C7CCD6E918C767FD3.tmp' to '../../../../../../Users/Blake/Documents/Unreal Projects/FPS/Saved/Autosaves/Temp/Untitled_1_Auto1.umap'
[2016.01.26-22.02.32:885][125]LogSavePackage: Total save time: 60.493782ms
[2016.01.26-22.02.32:885][125]LogSavePackage:Warning: Finished SavePackage ../../../../../../Users/Blake/Documents/Unreal Projects/FPS/Saved/Autosaves/Temp/Untitled_1_Auto1.umap
[2016.01.26-22.02.32:887][125]LogFileHelpers: Editor autosave (incl. sublevels) for '/Temp/Untitled_1' took 0.110
[2016.01.26-22.02.32:887][125]LogFileHelpers: Editor autosave (incl. sublevels) for all levels took 0.110
[2016.01.26-22.12.53:745][128]Cmd: OBJ SAVEPACKAGE PACKAGE="/Game/FPSMap1" FILE="../../../../../../Users/Blake/Documents/Unreal Projects/FPS/Content/FPSMap1.umap" SILENT=true AUTOSAVING=false KEEPDIRTY=false
[2016.01.26-22.12.53:847][128]LogSavePackage: Save=63.849430ms
[2016.01.26-22.12.53:847][128]LogSavePackage: Moving '../../../../../../Users/Blake/Documents/Unreal Projects/FPS/Saved/FPSMap1D63C055940F8701270262DB7A32C5D51.tmp' to '../../../../../../Users/Blake/Documents/Unreal Projects/FPS/Content/FPSMap1.umap'
[2016.01.26-22.12.53:851][128]LogSavePackage: Total save time: 69.810513ms
[2016.01.26-22.12.53:851][128]LogSavePackage:Warning: Finished SavePackage ../../../../../../Users/Blake/Documents/Unreal Projects/FPS/Content/FPSMap1.umap
[2016.01.26-22.12.53:897][128]LogFileHelpers: Saving map 'FPSMap1' took 0.732
[2016.01.26-22.22.46:060][112]Cmd: OBJ SAVEPACKAGE PACKAGE="/Game/FPSMap1" FILE="../../../../../../Users/Blake/Documents/Unreal Projects/FPS/Saved/Autosaves/Game/FPSMap1_Auto2.umap" SILENT=true AUTOSAVING=true KEEPDIRTY=false
[2016.01.26-22.22.46:104][112]LogSavePackage: Save=38.487278ms
[2016.01.26-22.22.46:104][112]LogSavePackage: Moving '../../../../../../Users/Blake/Documents/Unreal Projects/FPS/Saved/FPSMap1_Auto225ABDDC4474339A1FDDE54ABE97CA3D9.tmp' to '../../../../../../Users/Blake/Documents/Unreal Projects/FPS/Saved/Autosaves/Game/FPSMap1_Auto2.umap'
[2016.01.26-22.22.46:105][112]LogSavePackage: Total save time: 43.472163ms
[2016.01.26-22.22.46:105][112]LogSavePackage:Warning: Finished SavePackage ../../../../../../Users/Blake/Documents/Unreal Projects/FPS/Saved/Autosaves/Game/FPSMap1_Auto2.umap
[2016.01.26-22.22.46:107][112]LogFileHelpers: Editor autosave (incl. sublevels) for '/Game/FPSMap1' took 0.089
[2016.01.26-22.22.46:107][112]LogFileHelpers: Editor autosave (incl. sublevels) for all levels took 0.089
[2016.01.26-22.36.43:691][634]Cmd: OBJ SAVEPACKAGE PACKAGE="/Game/FPSMap1" FILE="../../../../../../Users/Blake/Documents/Unreal Projects/FPS/Content/FPSMap1.umap" SILENT=true AUTOSAVING=false KEEPDIRTY=false
[2016.01.26-22.36.43:774][634]LogSavePackage: Save=42.659523ms
[2016.01.26-22.36.43:774][634]LogSavePackage: Moving '../../../../../../Users/Blake/Documents/Unreal Projects/FPS/Saved/FPSMap14A0107DB4BE757084FE6899AFA0E4DC7.tmp' to '../../../../../../Users/Blake/Documents/Unreal Projects/FPS/Content/FPSMap1.umap'
[2016.01.26-22.36.43:808][634]LogSavePackage: Total save time: 79.353616ms
[2016.01.26-22.36.43:808][634]LogSavePackage:Warning: Finished SavePackage ../../../../../../Users/Blake/Documents/Unreal Projects/FPS/Content/FPSMap1.umap
[2016.01.26-22.36.43:855][634]LogFileHelpers: Saving map 'FPSMap1' took 0.243
[2016.01.26-22.36.43:973][634]LogWindowsTextInputMethodSystem:Display: IME system now deactivated.
[2016.01.26-22.36.44:335][635]Cmd: QUIT_EDITOR
[2016.01.26-22.36.44:647][635]LogExit: Preparing to exit.
[2016.01.26-22.36.45:466][635]LogExit: Editor shut down
[2016.01.26-22.36.45:469][635]LogExit: Transaction tracking system shut down
[2016.01.26-22.36.45:476][635]LogParticles: Destroying 0 GPU particle simulations for FXSystem 0x0000027419BF79C0
[2016.01.26-22.36.45:476][635]LogParticles: Destroying 0 GPU particle simulations for FXSystem 0x0000027417AC8E00
[2016.01.26-22.36.45:722][635]LogParticles: Destroying 0 GPU particle simulations for FXSystem 0x000002743E973CE0
[2016.01.26-22.36.45:722][635]LogParticles: Destroying 0 GPU particle simulations for FXSystem 0x000002743E973A60
[2016.01.26-22.36.45:722][635]LogExit: Object subsystem successfully closed.
[2016.01.26-22.36.45:745][635]LogD3D11RHI: Shutdown
[2016.01.26-22.36.45:745][635]LogD3D11RHI: CleanupD3DDevice
[2016.01.26-22.36.45:822][635]LogD3D11RHI: ~FD3D11DynamicRHI
[2016.01.26-22.36.45:855][635]LogModuleManager: Shutting down and abandoning module CrashTracker (197)
[2016.01.26-22.36.45:855][635]LogModuleManager: Shutting down and abandoning module SceneOutliner (196)
[2016.01.26-22.36.45:855][635]LogModuleManager: Shutting down and abandoning module SuperSearch (195)
[2016.01.26-22.36.45:855][635]LogModuleManager: Shutting down and abandoning module WidgetCarousel (194)
[2016.01.26-22.36.45:855][635]LogModuleManager: Shutting down and abandoning module AddContentDialog (193)
[2016.01.26-22.36.45:861][635]LogModuleManager: Shutting down and abandoning module EditorWidgets (192)
[2016.01.26-22.36.45:861][635]LogModuleManager: Shutting down and abandoning module CollectionManager (191)
[2016.01.26-22.36.45:862][635]LogModuleManager: Shutting down and abandoning module StatsViewer (190)
[2016.01.26-22.36.45:862][635]LogModuleManager: Shutting down and abandoning module FoliageEdit (189)
[2016.01.26-22.36.45:862][635]LogModuleManager: Shutting down and abandoning module LandscapeEditor (188)
[2016.01.26-22.36.45:862][635]LogModuleManager: Shutting down and abandoning module ActorPickerMode (187)
[2016.01.26-22.36.45:862][635]LogModuleManager: Shutting down and abandoning module GeometryMode (186)
[2016.01.26-22.36.45:863][635]LogModuleManager: Shutting down and abandoning module TextureAlignMode (185)
[2016.01.26-22.36.45:863][635]LogModuleManager: Shutting down and abandoning module BspMode (184)
[2016.01.26-22.36.45:863][635]LogModuleManager: Shutting down and abandoning module PlacementMode (183)
[2016.01.26-22.36.45:863][635]LogModuleManager: Shutting down and abandoning module AutomationWorker (182)
[2016.01.26-22.36.45:863][635]LogModuleManager: Shutting down and abandoning module CharacterAI (181)
[2016.01.26-22.36.45:863][635]LogModuleManager: Shutting down and abandoning module SmartSnapping (180)
[2016.01.26-22.36.45:863][635]LogModuleManager: Shutting down and abandoning module ViewportSnapping (179)
[2016.01.26-22.36.45:863][635]LogModuleManager: Shutting down and abandoning module LogVisualizer (178)
[2016.01.26-22.36.45:863][635]LogModuleManager: Shutting down and abandoning module GameProjectGeneration (177)
[2016.01.26-22.36.45:863][635]LogModuleManager: Shutting down and abandoning module IntroTutorials (176)
[2016.01.26-22.36.45:863][635]LogModuleManager: Shutting down and abandoning module EditorLiveStreaming (175)
[2016.01.26-22.36.45:863][635]LogModuleManager: Shutting down and abandoning module IOSPlatformEditor (174)
[2016.01.26-22.36.45:863][635]LogModuleManager: Shutting down and abandoning module HTML5PlatformEditor (173)
[2016.01.26-22.36.45:863][635]LogModuleManager: Shutting down and abandoning module AndroidDeviceDetection (172)
[2016.01.26-22.36.46:657][635]LogModuleManager: Shutting down and abandoning module AndroidPlatformEditor (171)
[2016.01.26-22.36.46:657][635]LogModuleManager: Shutting down and abandoning module IOSRuntimeSettings (170)
[2016.01.26-22.36.46:657][635]LogModuleManager: Shutting down and abandoning module AndroidRuntimeSettings (169)
[2016.01.26-22.36.46:657][635]LogModuleManager: Shutting down and abandoning module MergeActors (168)
[2016.01.26-22.36.46:657][635]LogModuleManager: Shutting down and abandoning module SizeMap (167)
[2016.01.26-22.36.46:657][635]LogModuleManager: Shutting down and abandoning module TreeMap (166)
[2016.01.26-22.36.46:657][635]LogModuleManager: Shutting down and abandoning module ReferenceViewer (165)
[2016.01.26-22.36.46:657][635]LogModuleManager: Shutting down and abandoning module LocalizationService (164)
[2016.01.26-22.36.46:657][635]LogModuleManager: Shutting down and abandoning module LocalizationDashboard (163)
[2016.01.26-22.36.46:657][635]LogModuleManager: Shutting down and abandoning module HardwareTargeting (162)
[2016.01.26-22.36.46:657][635]LogModuleManager: Shutting down and abandoning module DeviceProfileEditor (161)
[2016.01.26-22.36.46:657][635]LogModuleManager: Shutting down and abandoning module UndoHistory (160)
[2016.01.26-22.36.46:657][635]LogModuleManager: Shutting down and abandoning module GameplayTagsEditor (159)
[2016.01.26-22.36.46:657][635]LogModuleManager: Shutting down and abandoning module UserFeedback (158)
[2016.01.26-22.36.46:658][635]LogModuleManager: Shutting down and abandoning module XmlParser (157)
[2016.01.26-22.36.46:658][635]LogModuleManager: Shutting down and abandoning module Blutility (156)
[2016.01.26-22.36.46:658][635]LogModuleManager: Shutting down and abandoning module ProjectTargetPlatformEditor (155)
[2016.01.26-22.36.46:658][635]LogModuleManager: Shutting down and abandoning module ProjectSettingsViewer (154)
[2016.01.26-22.36.46:658][635]LogModuleManager: Shutting down and abandoning module InputBindingEditor (153)
[2016.01.26-22.36.46:658][635]LogModuleManager: Shutting down and abandoning module EditorSettingsViewer (152)
[2016.01.26-22.36.46:658][635]LogModuleManager: Shutting down and abandoning module SettingsEditor (151)
[2016.01.26-22.36.46:658][635]LogModuleManager: Shutting down and abandoning module ProjectLauncher (150)
[2016.01.26-22.36.46:658][635]LogModuleManager: Shutting down and abandoning module SessionFrontend (149)
[2016.01.26-22.36.46:658][635]LogModuleManager: Shutting down and abandoning module ProfilerClient (148)
[2016.01.26-22.36.46:658][635]LogModuleManager: Shutting down and abandoning module TargetDeviceServices (147)
[2016.01.26-22.36.46:658][635]LogModuleManager: Shutting down and abandoning module DeviceManager (146)
[2016.01.26-22.36.46:659][635]LogModuleManager: Shutting down and abandoning module AutomationController (145)
[2016.01.26-22.36.46:659][635]LogModuleManager: Shutting down and abandoning module AutomationWindow (144)
[2016.01.26-22.36.46:659][635]LogModuleManager: Shutting down and abandoning module Layers (143)
[2016.01.26-22.36.46:659][635]LogModuleManager: Shutting down and abandoning module ComponentVisualizers (142)
[2016.01.26-22.36.46:659][635]LogModuleManager: Shutting down and abandoning module DetailCustomizations (141)
[2016.01.26-22.36.46:659][635]LogModuleManager: Shutting down and abandoning module PackagesDialog (140)
[2016.01.26-22.36.46:659][635]LogModuleManager: Shutting down and abandoning module Persona (139)
[2016.01.26-22.36.46:659][635]LogModuleManager: Shutting down and abandoning module Kismet (138)
[2016.01.26-22.36.46:659][635]LogModuleManager: Shutting down and abandoning module GraphEditor (137)
[2016.01.26-22.36.46:659][635]LogModuleManager: Shutting down and abandoning module ClassViewer (136)
[2016.01.26-22.36.46:660][635]LogModuleManager: Shutting down and abandoning module Toolbox (135)
[2016.01.26-22.36.46:660][635]LogModuleManager: Shutting down and abandoning module ModuleUI (134)
[2016.01.26-22.36.46:660][635]LogModuleManager: Shutting down and abandoning module MovieSceneTools (133)
[2016.01.26-22.36.46:660][635]LogModuleManager: Shutting down and abandoning module OutputLog (132)
[2016.01.26-22.36.46:660][635]LogModuleManager: Shutting down and abandoning module GammaUI (131)
[2016.01.26-22.36.46:660][635]LogModuleManager: Shutting down and abandoning module Documentation (130)
[2016.01.26-22.36.46:660][635]LogModuleManager: Shutting down and abandoning module GameLiveStreaming (129)
[2016.01.26-22.36.46:660][635]LogModuleManager: Shutting down and abandoning module StreamingPauseRendering (128)
[2016.01.26-22.36.46:660][635]LogModuleManager: Shutting down and abandoning module AnalyticsET (127)
[2016.01.26-22.36.46:661][635]LogModuleManager: Shutting down and abandoning module Analytics (126)
[2016.01.26-22.36.46:661][635]LogModuleManager: Shutting down and abandoning module AITestSuite (125)
[2016.01.26-22.36.46:661][635]LogModuleManager: Shutting down and abandoning module GameplayDebugger (124)
[2016.01.26-22.36.46:661][635]LogModuleManager: Shutting down and abandoning module AIModule (123)
[2016.01.26-22.36.46:661][635]LogModuleManager: Shutting down and abandoning module ProfilerService (122)
[2016.01.26-22.36.46:703][635]LogModuleManager: Shutting down and abandoning module TaskGraph (121)
[2016.01.26-22.36.46:703][635]LogModuleManager: Shutting down and abandoning module SlateRemote (120)
[2016.01.26-22.36.46:704][635]LogModuleManager: Shutting down and abandoning module SteamVRController (119)
[2016.01.26-22.36.46:704][635]LogModuleManager: Shutting down and abandoning module SteamVR (118)
[2016.01.26-22.36.46:704][635]LogModuleManager: Shutting down and abandoning module ProceduralMeshComponent (117)
[2016.01.26-22.36.46:704][635]LogModuleManager: Shutting down and abandoning module OculusRift (116)
[2016.01.26-22.36.46:704][635]LogModuleManager: Shutting down and abandoning module OculusLibrary (115)
[2016.01.26-22.36.46:704][635]LogModuleManager: Shutting down and abandoning module LeapMotionController (114)
[2016.01.26-22.36.46:726][635]LogModuleManager: Shutting down and abandoning module CustomMeshComponent (113)
[2016.01.26-22.36.46:726][635]LogModuleManager: Shutting down and abandoning module CableComponent (112)
[2016.01.26-22.36.46:726][635]LogModuleManager: Shutting down and abandoning module ArchVisCharacter (111)
[2016.01.26-22.36.46:726][635]LogModuleManager: Shutting down and abandoning module MessagingDebugger (110)
[2016.01.26-22.36.46:726][635]LogModuleManager: Shutting down and abandoning module MediaPlayerEditor (109)
[2016.01.26-22.36.46:726][635]LogModuleManager: Shutting down and abandoning module HTML5Networking (108)
[2016.01.26-22.36.46:726][635]LogModuleManager: Shutting down and abandoning module SpeedTreeImporter (107)
[2016.01.26-22.36.46:726][635]LogModuleManager: Shutting down and abandoning module PluginBrowser (106)
[2016.01.26-22.36.46:726][635]LogModuleManager: Shutting down and abandoning module EpicSurvey (105)
[2016.01.26-22.36.46:726][635]LogModuleManager: Shutting down and abandoning module DesktopPlatform (104)
[2016.01.26-22.36.46:726][635]LogModuleManager: Shutting down and abandoning module VisualStudioSourceCodeAccess (103)
[2016.01.26-22.36.46:726][635]LogModuleManager: Shutting down and abandoning module UObjectPlugin (102)
[2016.01.26-22.36.46:726][635]LogModuleManager: Shutting down and abandoning module SubversionSourceControl (101)
[2016.01.26-22.36.46:726][635]LogModuleManager: Shutting down and abandoning module PerforceSourceControl (100)
[2016.01.26-22.36.46:726][635]LogModuleManager: Shutting down and abandoning module SourceControl (99)
[2016.01.26-22.36.46:726][635]LogModuleManager: Shutting down and abandoning module GitSourceControl (98)
[2016.01.26-22.36.46:727][635]LogModuleManager: Shutting down and abandoning module LightPropagationVolumeEditor (97)
[2016.01.26-22.36.46:727][635]LogModuleManager: Shutting down and abandoning module PaperTiledImporter (96)
[2016.01.26-22.36.46:727][635]LogModuleManager: Shutting down and abandoning module PaperSpriteSheetImporter (95)
[2016.01.26-22.36.46:727][635]LogModuleManager: Shutting down and abandoning module MeshPaint (94)
[2016.01.26-22.36.46:727][635]LogModuleManager: Shutting down and abandoning module SlateReflector (93)
[2016.01.26-22.36.46:727][635]LogModuleManager: Shutting down and abandoning module HotReload (92)
[2016.01.26-22.36.46:727][635]LogModuleManager: Shutting down and abandoning module MainFrame (91)
[2016.01.26-22.36.46:727][635]LogModuleManager: Shutting down and abandoning module LevelEditor (90)
[2016.01.26-22.36.46:728][635]LogModuleManager: Shutting down and abandoning module DirectoryWatcher (89)
[2016.01.26-22.36.46:731][635]LogModuleManager: Shutting down and abandoning module AssetRegistry (88)
[2016.01.26-22.36.46:809][635]LogModuleManager: Shutting down and abandoning module ContentBrowser (87)
[2016.01.26-22.36.46:811][635]LogModuleManager: Shutting down and abandoning module Paper2DEditor (86)
[2016.01.26-22.36.46:811][635]LogModuleManager: Shutting down and abandoning module UdpMessaging (85)
[2016.01.26-22.36.46:912][635]LogModuleManager: Shutting down and abandoning module LightPropagationVolumeRuntime (84)
[2016.01.26-22.36.46:912][635]LogModuleManager: Shutting down and abandoning module Paper2D (83)
[2016.01.26-22.36.46:912][635]LogModuleManager: Shutting down and abandoning module WindowsMoviePlayer (82)
[2016.01.26-22.36.46:924][635]LogModuleManager: Shutting down and abandoning module Media (81)
[2016.01.26-22.36.46:924][635]LogModuleManager: Shutting down and abandoning module WmfMedia (80)
[2016.01.26-22.36.46:924][635]LogModuleManager: Shutting down and abandoning module OnlineBlueprintSupport (79)
[2016.01.26-22.36.46:924][635]LogModuleManager: Shutting down and abandoning module GameplayTasksEditor (78)
[2016.01.26-22.36.46:924][635]LogModuleManager: Shutting down and abandoning module PropertyEditor (77)
[2016.01.26-22.36.46:924][635]LogModuleManager: Shutting down and abandoning module BehaviorTreeEditor (76)
[2016.01.26-22.36.46:924][635]LogModuleManager: Shutting down and abandoning module FunctionalTesting (75)
[2016.01.26-22.36.46:924][635]LogModuleManager: Shutting down and abandoning module CollisionAnalyzer (74)
[2016.01.26-22.36.46:924][635]LogModuleManager: Shutting down and abandoning module WorkspaceMenuStructure (73)
[2016.01.26-22.36.46:924][635]LogModuleManager: Shutting down and abandoning module MessageLog (72)
[2016.01.26-22.36.46:924][635]LogModuleManager: Shutting down and abandoning module Sequencer (71)
[2016.01.26-22.36.46:925][635]LogModuleManager: Shutting down and abandoning module AssetTools (70)
[2016.01.26-22.36.46:925][635]LogModuleManager: Shutting down and abandoning module UMGEditor (69)
[2016.01.26-22.36.46:925][635]LogModuleManager: Shutting down and abandoning module UMG (68)
[2016.01.26-22.36.46:925][635]LogModuleManager: Shutting down and abandoning module Slate (67)
[2016.01.26-22.36.46:925][635]LogModuleManager: Shutting down and abandoning module EditorStyle (66)
[2016.01.26-22.36.46:930][635]LogModuleManager: Shutting down and abandoning module SessionServices (65)
[2016.01.26-22.36.46:930][635]LogModuleManager: Shutting down and abandoning module SourceCodeAccess (64)
[2016.01.26-22.36.46:930][635]LogModuleManager: Shutting down and abandoning module HeadMountedDisplay (63)
[2016.01.26-22.36.46:931][635]LogModuleManager: Shutting down and abandoning module XAudio2 (62)
[2016.01.26-22.36.46:931][635]LogModuleManager: Shutting down and abandoning module Networking (60)
[2016.01.26-22.36.46:931][635]LogModuleManager: Shutting down and abandoning module Core (59)
[2016.01.26-22.36.46:931][635]LogModuleManager: Shutting down and abandoning module KismetCompiler (58)
[2016.01.26-22.36.46:931][635]LogModuleManager: Shutting down and abandoning module PhysXFormats (57)
[2016.01.26-22.36.46:931][635]LogModuleManager: Shutting down and abandoning module MeshUtilities (56)
[2016.01.26-22.36.46:931][635]LogModuleManager: Shutting down and abandoning module CookingStats (55)
[2016.01.26-22.36.46:933][635]LogModuleManager: Shutting down and abandoning module DerivedDataCache (54)
[2016.01.26-22.36.46:950][635]LogDerivedDataCache: Shutdown
[2016.01.26-22.36.46:950][635]LogModuleManager: Shutting down and abandoning module ShaderFormatOpenGL (53)
[2016.01.26-22.36.46:950][635]LogModuleManager: Shutting down and abandoning module ShaderFormatD3D (52)
[2016.01.26-22.36.46:950][635]LogModuleManager: Shutting down and abandoning module MetalShaderFormat (51)
[2016.01.26-22.36.46:950][635]LogModuleManager: Shutting down and abandoning module TextureFormatUncompressed (50)
[2016.01.26-22.36.46:950][635]LogModuleManager: Shutting down and abandoning module TextureFormatPVR (49)
[2016.01.26-22.36.46:950][635]LogModuleManager: Shutting down and abandoning module TextureFormatIntelISPCTexComp (48)
[2016.01.26-22.36.46:950][635]LogModuleManager: Shutting down and abandoning module TextureFormatDXT (47)
[2016.01.26-22.36.46:950][635]LogModuleManager: Shutting down and abandoning module ImageWrapper (46)
[2016.01.26-22.36.46:950][635]LogModuleManager: Shutting down and abandoning module TextureFormatASTC (45)
[2016.01.26-22.36.46:950][635]LogModuleManager: Shutting down and abandoning module TextureFormatAndroid (44)
[2016.01.26-22.36.46:950][635]LogModuleManager: Shutting down and abandoning module AudioFormatOpus (43)
[2016.01.26-22.36.46:951][635]LogModuleManager: Shutting down and abandoning module AudioFormatOgg (42)
[2016.01.26-22.36.46:951][635]LogModuleManager: Shutting down and abandoning module AudioFormatADPCM (41)
[2016.01.26-22.36.46:951][635]LogModuleManager: Shutting down and abandoning module LinuxTargetPlatform (40)
[2016.01.26-22.36.46:951][635]LogModuleManager: Shutting down and abandoning module LinuxServerTargetPlatform (39)
[2016.01.26-22.36.46:951][635]LogModuleManager: Shutting down and abandoning module LinuxNoEditorTargetPlatform (38)
[2016.01.26-22.36.46:951][635]LogModuleManager: Shutting down and abandoning module Messaging (37)
[2016.01.26-22.36.46:951][635]LogModuleManager: Shutting down and abandoning module IOSTargetPlatform (36)
[2016.01.26-22.36.46:951][635]LogModuleManager: Shutting down and abandoning module HTML5TargetPlatform (35)
[2016.01.26-22.36.46:951][635]LogModuleManager: Shutting down and abandoning module Android_PVRTCTargetPlatform (34)
[2016.01.26-22.36.46:951][635]LogModuleManager: Shutting down and abandoning module Android_ETC2TargetPlatform (33)
[2016.01.26-22.36.46:951][635]LogModuleManager: Shutting down and abandoning module Android_ETC1TargetPlatform (32)
[2016.01.26-22.36.46:951][635]LogModuleManager: Shutting down and abandoning module Android_DXTTargetPlatform (31)
[2016.01.26-22.36.46:951][635]LogModuleManager: Shutting down and abandoning module Android_ATCTargetPlatform (30)
[2016.01.26-22.36.46:951][635]LogModuleManager: Shutting down and abandoning module Android_ASTCTargetPlatform (29)
[2016.01.26-22.36.46:951][635]LogModuleManager: Shutting down and abandoning module AndroidTargetPlatform (28)
[2016.01.26-22.36.46:951][635]LogModuleManager: Shutting down and abandoning module WindowsTargetPlatform (27)
[2016.01.26-22.36.46:951][635]LogModuleManager: Shutting down and abandoning module WindowsServerTargetPlatform (26)
[2016.01.26-22.36.46:951][635]LogModuleManager: Shutting down and abandoning module WindowsNoEditorTargetPlatform (25)
[2016.01.26-22.36.46:951][635]LogModuleManager: Shutting down and abandoning module WindowsClientTargetPlatform (24)
[2016.01.26-22.36.46:951][635]LogModuleManager: Shutting down and abandoning module AllDesktopTargetPlatform (23)
[2016.01.26-22.36.46:951][635]LogModuleManager: Shutting down and abandoning module TargetPlatform (22)
[2016.01.26-22.36.46:952][635]LogModuleManager: Shutting down and abandoning module InputCore (21)
[2016.01.26-22.36.46:952][635]LogModuleManager: Shutting down and abandoning module Settings (20)
[2016.01.26-22.36.46:952][635]LogModuleManager: Shutting down and abandoning module OnlineSubsystem (18)
[2016.01.26-22.36.46:952][635]LogModuleManager: Shutting down and abandoning module HTTP (17)
[2016.01.26-22.36.48:957][635]LogModuleManager: Shutting down and abandoning module XMPP (16)
[2016.01.26-22.36.48:957][635]LogModuleManager: Shutting down and abandoning module ExampleDeviceProfileSelector (15)
[2016.01.26-22.36.48:957][635]LogModuleManager: Shutting down and abandoning module TextureCompressor (14)
[2016.01.26-22.36.48:958][635]LogModuleManager: Shutting down and abandoning module ShaderCore (13)
[2016.01.26-22.36.48:958][635]LogModuleManager: Shutting down and abandoning module Landscape (12)
[2016.01.26-22.36.48:958][635]LogModuleManager: Shutting down and abandoning module SlateRHIRenderer (11)
[2016.01.26-22.36.48:962][635]LogModuleManager: Shutting down and abandoning module OpenGLDrv (10)
[2016.01.26-22.36.48:962][635]LogModuleManager: Shutting down and abandoning module D3D11RHI (9)
[2016.01.26-22.36.48:962][635]LogModuleManager: Shutting down and abandoning module AnimGraphRuntime (8)
[2016.01.26-22.36.48:962][635]LogModuleManager: Shutting down and abandoning module Renderer (7)
[2016.01.26-22.36.48:962][635]LogModuleManager: Shutting down and abandoning module Engine (6)
[2016.01.26-22.36.48:962][635]LogModuleManager: Shutting down and abandoning module CoreUObject (5)
[2016.01.26-22.36.48:962][635]LogModuleManager: Shutting down and abandoning module NetworkFile (4)
[2016.01.26-22.36.48:962][635]LogModuleManager: Shutting down and abandoning module StreamingFile (3)
[2016.01.26-22.36.48:962][635]LogModuleManager: Shutting down and abandoning module SandboxFile (2)
[2016.01.26-22.36.48:962][635]LogModuleManager: Shutting down and abandoning module PakFile (1)
[2016.01.26-22.36.48:963][635]LogExit: Exiting.
[2016.01.26-22.36.48:987][635]Log file closed, 01/26/16 17:36:48
