[2016.01.27-22.51.40:046][  0]Log file open, 01/27/16 17:51:40
[2016.01.27-22.51.40:046][  0]LogInit:Display: Running engine for game: FPS
[2016.01.27-22.51.40:046][  0]LogInit:Display: RandInit(2075420203) SRandInit(2075420209).
[2016.01.27-22.51.40:046][  0]LogTaskGraph: Started task graph with 4 named threads and 5 total threads.
[2016.01.27-22.51.40:046][  0]LogStats: Stats thread started at 0.100009
[2016.01.27-22.51.40:046][  0]LogInit: Version: 4.9.2-2707645+++depot+UE4-Releases+4.9
[2016.01.27-22.51.40:046][  0]LogInit: API Version: 2672455
[2016.01.27-22.51.40:046][  0]LogInit: Compiled (64-bit): Sep 28 2015 10:25:44
[2016.01.27-22.51.40:046][  0]LogInit: Compiled with Visual C++: 18.00.21005.01
[2016.01.27-22.51.40:046][  0]LogInit: Build Configuration: Development
[2016.01.27-22.51.40:046][  0]LogInit: Branch Name: ++depot+UE4-Releases+4.9
[2016.01.27-22.51.40:046][  0]LogInit: Command line: 
[2016.01.27-22.51.40:046][  0]LogInit: Base directory: C:/Program Files (x86)/Epic Games/4.9/Engine/Binaries/Win64/
[2016.01.27-22.51.40:046][  0]LogInit: Rocket: 1
[2016.01.27-22.51.40:065][  0]LogInit: Using libcurl 7.41.0
[2016.01.27-22.51.40:065][  0]LogInit:  - built for x86_64-pc-win32
[2016.01.27-22.51.40:065][  0]LogInit:  - supports SSL with WinSSL
[2016.01.27-22.51.40:065][  0]LogInit:  - other features:
[2016.01.27-22.51.40:065][  0]LogInit:      CURL_VERSION_SSL
[2016.01.27-22.51.40:065][  0]LogInit:      CURL_VERSION_IPV6
[2016.01.27-22.51.40:065][  0]LogInit:      CURL_VERSION_ASYNCHDNS
[2016.01.27-22.51.40:065][  0]LogInit:      CURL_VERSION_LARGEFILE
[2016.01.27-22.51.40:065][  0]LogInit:      CURL_VERSION_IDN
[2016.01.27-22.51.40:065][  0]LogInit:  CurlRequestOptions (configurable via config and command line):
[2016.01.27-22.51.40:065][  0]LogInit:  - bVerifyPeer = true  - Libcurl will verify peer certificate
[2016.01.27-22.51.40:065][  0]LogInit:  - bUseHttpProxy = false  - Libcurl will NOT use HTTP proxy
[2016.01.27-22.51.40:065][  0]LogInit:  - bDontReuseConnections = false  - Libcurl will reuse connections
[2016.01.27-22.51.40:066][  0]LogInit:  - CertBundlePath = nullptr  - Libcurl will use whatever was configured at build time.
[2016.01.27-22.51.40:082][  0]LogInit: Presizing for 0 objects not considered by GC, pre-allocating 0 bytes.
[2016.01.27-22.51.40:096][  0]LogInit: Object subsystem initialized
[2016.01.27-22.51.40:098][  0]LogInit: Selected Device Profile: [Windows]
[2016.01.27-22.51.40:098][  0]LogInit: Applying CVar settings loaded from the selected device profile: [Windows]
[2016.01.27-22.51.40:113][  0]LogInit: Computer: LAPTOP-LIOL8N73
[2016.01.27-22.51.40:113][  0]LogInit: User: Blake
[2016.01.27-22.51.40:113][  0]LogInit: CPU Page size=4096, Cores=2
[2016.01.27-22.51.40:113][  0]LogInit: High frequency timer resolution =2.531252 MHz
[2016.01.27-22.51.40:113][  0]LogMemory: Memory total: Physical=7.9GB (8GB approx)
[2016.01.27-22.51.40:113][  0]LogMemory: Platform Memory Stats for Windows
[2016.01.27-22.51.40:113][  0]LogMemory: Process Physical Memory: 53.64 MB used, 53.64 MB peak
[2016.01.27-22.51.40:113][  0]LogMemory: Process Virtual Memory: 57.18 MB used, 57.18 MB peak
[2016.01.27-22.51.40:113][  0]LogMemory: Physical Memory: 5162.21 MB used, 8050.76 MB total
[2016.01.27-22.51.40:113][  0]LogMemory: Virtual Memory: 369.48 MB used, 134217728.00 MB total
[2016.01.27-22.51.40:162][  0]LogTextLocalizationManager: No specific translations for ('en-CA') exist, so ('en') translations will be used.
[2016.01.27-22.51.41:317][  0]LogD3D11RHI: Found D3D11 adapter 0: Intel(R) HD Graphics 520 (Feature Level 11_0)
[2016.01.27-22.51.41:317][  0]LogD3D11RHI: Adapter has 128MB of dedicated video memory, 0MB of dedicated system memory, and 4025MB of shared system memory, 1 output[s]
[2016.01.27-22.51.41:318][  0]LogD3D11RHI: Found D3D11 adapter 1: Microsoft Basic Render Driver (Feature Level 11_0)
[2016.01.27-22.51.41:319][  0]LogD3D11RHI: Adapter has 0MB of dedicated video memory, 0MB of dedicated system memory, and 4025MB of shared system memory, 0 output[s]
[2016.01.27-22.51.41:319][  0]LogD3D11RHI: Chosen D3D11 Adapter Id = 0
[2016.01.27-22.51.41:327][  0]LogD3D11RHI: !Direct3DDevice
[2016.01.27-22.51.41:327][  0]LogRHI: Texture pool is 1361 MB (70% of 1945 MB)
[2016.01.27-22.51.41:334][  0]LogD3D11RHI: Async texture creation enabled
[2016.01.27-22.51.41:338][  0]LogShaderCompilers: Guid format shader working directory is 15 characters bigger than the processId version (../../../../../../Users/Blake/Documents/Unreal Projects/FPS/Intermediate/Shaders/WorkingDirectory/4656/).
[2016.01.27-22.51.41:339][  0]LogShaderCompilers: Cleaned the shader compiler working directory '../../../../../../Users/Blake/Documents/Unreal Projects/FPS/Intermediate/Shaders/tmp/F3788E8344099A86E83016A75EFA01A2/'.
[2016.01.27-22.51.41:339][  0]LogShaderCompilers:Display: Using Local Shader Compiler.
[2016.01.27-22.51.42:932][  0]LogTemp:Display: Loaded TP AllDesktopTargetPlatform
[2016.01.27-22.51.42:941][  0]LogTemp:Display: Loaded TP WindowsClientTargetPlatform
[2016.01.27-22.51.42:949][  0]LogTemp:Display: Loaded TP WindowsNoEditorTargetPlatform
[2016.01.27-22.51.42:958][  0]LogTemp:Display: Loaded TP WindowsServerTargetPlatform
[2016.01.27-22.51.42:964][  0]LogTemp:Display: Loaded TP WindowsTargetPlatform
[2016.01.27-22.51.42:969][  0]LogTemp:Display: Loaded TP AndroidTargetPlatform
[2016.01.27-22.51.42:974][  0]LogTemp:Display: Loaded TP Android_ASTCTargetPlatform
[2016.01.27-22.51.42:979][  0]LogTemp:Display: Loaded TP Android_ATCTargetPlatform
[2016.01.27-22.51.42:984][  0]LogTemp:Display: Loaded TP Android_DXTTargetPlatform
[2016.01.27-22.51.42:988][  0]LogTemp:Display: Loaded TP Android_ETC1TargetPlatform
[2016.01.27-22.51.42:993][  0]LogTemp:Display: Loaded TP Android_ETC2TargetPlatform
[2016.01.27-22.51.42:999][  0]LogTemp:Display: Loaded TP Android_PVRTCTargetPlatform
[2016.01.27-22.51.43:000][  0]LogTemp:Display: Loaded TP HTML5TargetPlatform
[2016.01.27-22.51.43:022][  0]LogTemp:Display: Loaded TP IOSTargetPlatform
[2016.01.27-22.51.43:028][  0]LogTemp:Display: Loaded TP LinuxNoEditorTargetPlatform
[2016.01.27-22.51.43:033][  0]LogTemp:Display: Loaded TP LinuxServerTargetPlatform
[2016.01.27-22.51.43:037][  0]LogTemp:Display: Loaded TP LinuxTargetPlatform
[2016.01.27-22.51.43:037][  0]LogTargetPlatformManager:Display: Building Assets For Windows
[2016.01.27-22.51.43:168][  0]LogDerivedDataCache:Display: Max Cache Size: 512 MB
[2016.01.27-22.51.43:247][  0]LogDerivedDataCache: Loaded boot cache 0.08s 41MB C:/Users/Blake/AppData/Local/UnrealEngine/4.9/DerivedDataCache/Boot.ddc.
[2016.01.27-22.51.43:247][  0]LogDerivedDataCache:Display: Loaded Boot cache: C:/Users/Blake/AppData/Local/UnrealEngine/4.9/DerivedDataCache/Boot.ddc
[2016.01.27-22.51.43:247][  0]LogDerivedDataCache: FDerivedDataBackendGraph:  Pak pak cache file ../../../../../../Users/Blake/Documents/Unreal Projects/FPS/DerivedDataCache/DDC.ddp not found, will not use a pak cache.
[2016.01.27-22.51.43:247][  0]LogDerivedDataCache: Unable to find inner node Pak for hierarchical cache Hierarchy.
[2016.01.27-22.51.43:248][  0]LogDerivedDataCache: FDerivedDataBackendGraph:  CompressedPak pak cache file ../../../../../../Users/Blake/Documents/Unreal Projects/FPS/DerivedDataCache/Compressed.ddp not found, will not use a pak cache.
[2016.01.27-22.51.43:248][  0]LogDerivedDataCache: Unable to find inner node CompressedPak for hierarchical cache Hierarchy.
[2016.01.27-22.51.43:406][  0]LogDerivedDataCache:Display: Pak cache opened for reading ../../../Engine/DerivedDataCache/Compressed.ddp.
[2016.01.27-22.51.43:420][  0]LogDerivedDataCache: Using Local data cache path C:/Users/Blake/AppData/Local/UnrealEngine/Common/DerivedDataCache: Writable
[2016.01.27-22.51.43:681][  0]LogInit: Selected Device Profile: [Windows]
[2016.01.27-22.51.43:684][  0]LogContentStreaming: Texture pool size is 0.000000MB
[2016.01.27-22.51.43:863][  0]LogMeshUtilities: No automatic mesh reduction module available
[2016.01.27-22.51.43:863][  0]LogMeshUtilities: No automatic mesh merging module available
[2016.01.27-22.51.44:319][  0]LogInit: WinSock: version 1.1 (2.2), MaxSocks=32767, MaxUdp=65467
[2016.01.27-22.51.45:252][  0]UdpMessaging: Initializing bridge on interface 0.0.0.0:0 to multicast group 230.0.0.1:6666.
[2016.01.27-22.51.45:366][  0]LogAssetRegistry: FAssetRegistry took 0.0107 seconds to start up
[2016.01.27-22.51.45:668][  0]SourceControl: Info Source control is disabled
[2016.01.27-22.51.45:673][  0]SourceControl: Info Source control is disabled
[2016.01.27-22.51.45:698][  0]SourceControl: Info Source control is disabled
[2016.01.27-22.51.45:730][  0]SourceControl: Info Source control is disabled
[2016.01.27-22.51.45:976][  0]LogLinker:Warning: Asset '../../../Engine/Plugins/Runtime/LeapMotionController/Content/LM_PassthroughMaterial.uasset' has been saved with empty engine version. The asset will be loaded but may be incompatible.
[2016.01.27-22.51.46:104][  0]LogObj: 28361 objects as part of root set at end of initial load.
[2016.01.27-22.51.46:104][  0]LogUObjectAllocator: 6038864 out of 0 bytes used by permanent object pool.
[2016.01.27-22.51.46:178][  0]LogEngine: Initializing Engine...
[2016.01.27-22.51.46:181][  0]LogHMD: Can't find Oculus library dev build: is proper Runtime installed? Version: 0.7.0.0
[2016.01.27-22.51.46:182][  0]LogHMD: SteamVR failed to initialize.  Err: 110
[2016.01.27-22.51.46:366][  0]LogAIModule: Creating AISystem for world NewWorld
[2016.01.27-22.51.46:372][  0]LogInit: XAudio2 using 'Speakers (Realtek High Definition Audio)' : 2 channels at 48 kHz using 32 bits per sample (channel mask 0x3)
[2016.01.27-22.51.46:564][  0]LogInit: FAudioDevice initialized.
[2016.01.27-22.51.46:603][  0]LogDerivedDataCache: Saved boot cache 0.04s 41MB C:/Users/Blake/AppData/Local/UnrealEngine/4.9/DerivedDataCache/Boot.ddc.
[2016.01.27-22.51.46:609][  0]LogInit: Texture streaming: Enabled
[2016.01.27-22.51.46:618][  0]LogAnalytics: Creating configured Analytics provider AnalyticsET
[2016.01.27-22.51.46:618][  0]LogAnalytics: [UEEditor.Rocket.Release] APIServer = http://et2.epicgames.com/ET2/. AppVersion = 4.9.2-2707645+++depot+UE4-Releases+4.9
[2016.01.27-22.51.46:618][  0]LogAnalytics: [UEEditor.Rocket.Release] SetUserId 1a844ea040a7a8e70cdb1494bb51b4f9|da1c9057e925472d8806720c0005e93a|833134bd-e4ea-4f33-b5b6-b3164e4e3338
[2016.01.27-22.51.46:618][  0]LogAnalytics: [UEEditor.Rocket.Release] AnalyticsET::StartSession
[2016.01.27-22.51.46:643][  0]LogWindowsTextInputMethodSystem:Display: IME system now deactivated.
[2016.01.27-22.51.46:677][  0]LogInit: Transaction tracking system initialized
[2016.01.27-22.51.46:734][  0]BlueprintLog: New page: Editor Load
[2016.01.27-22.51.46:949][  0]LocalizationService: Info Localization service is disabled
[2016.01.27-22.51.47:068][  0]LogLinker:Warning: Can't find file '/Game/FirstPersonBP/FirstPersonOverview'
[2016.01.27-22.51.47:068][  0]LogLinker:Warning: Can't find file '/Game/FirstPersonBP/FirstPersonOverview'
[2016.01.27-22.51.47:068][  0]LogUObjectGlobals:Warning: Failed to find object 'Class /Game/FirstPersonBP/FirstPersonOverview.FirstPersonOverview_C'
[2016.01.27-22.51.47:092][  0]LogConsoleResponse:Display: 
[2016.01.27-22.51.47:285][  0]LogCook:Display: Done creating registry. It took  0.00s.
[2016.01.27-22.51.47:407][  0]LogFileCache: Scanning file cache for directory 'C:/Users/Blake/Documents/Unreal Projects/FPS/Content/' took 0.01s
[2016.01.27-22.51.47:407][  0]SourceControl: Info Source control is disabled
[2016.01.27-22.51.47:407][  0]Cmd: MAP LOAD FILE="../../../Engine/Content/Maps/Templates/Template_Default.umap" TEMPLATE=1 SHOWPROGRESS=1 FEATURELEVEL=3
[2016.01.27-22.51.47:408][  0]LightingResults: New page: Lighting Build
[2016.01.27-22.51.47:421][  0]MapCheck: New page: Map Check
[2016.01.27-22.51.47:421][  0]LightingResults: New page: Lighting Build
[2016.01.27-22.51.47:454][  0]LogParticles: Destroying 0 GPU particle simulations for FXSystem 0x0000025BDFB96160
[2016.01.27-22.51.47:922][  0]LogAIModule: Creating AISystem for world Untitled_1
[2016.01.27-22.51.47:931][  0]LogEditorServer: Finished looking for orphan Actors (0.000 secs)
[2016.01.27-22.51.47:944][  0]Cmd: MAP CHECKDEP NOCLEARLOG
[2016.01.27-22.51.48:078][  0]MapCheck: Info Map check complete: 0 Error(s), 0 Warning(s), took 133.61ms to complete.
[2016.01.27-22.51.48:078][  0]LogFileHelpers: Loading map 'Template_Default' took 0.671
[2016.01.27-22.51.48:237][  0]LogCollectionManager: Loaded 0 collections in 0.005439 seconds
[2016.01.27-22.51.48:287][  0]LogFileCache: Scanning file cache for directory 'C:/Users/Blake/Documents/Unreal Projects/FPS/Saved/Collections/' took 0.01s
[2016.01.27-22.51.48:287][  0]LogFileCache: Scanning file cache for directory 'C:/Users/Blake/Documents/Unreal Projects/FPS/Content/Developers/Blake/Collections/' took 0.01s
[2016.01.27-22.51.48:287][  0]LogFileCache: Scanning file cache for directory 'C:/Users/Blake/Documents/Unreal Projects/FPS/Content/Collections/' took 0.01s
[2016.01.27-22.51.48:287][  0]LogContentBrowser: Native class hierarchy populated in 0.0119 seconds. Added 1867 classes and 333 folders.
[2016.01.27-22.51.48:297][  0]LogCollectionManager: Rebuilt the GUID cache for 0 collections in 0.000003 seconds
[2016.01.27-22.51.48:313][  0]LogContentBrowser: Native class hierarchy updated for 'WidgetCarousel' in 0.0009 seconds. Added 0 classes and 0 folders.
[2016.01.27-22.51.48:442][  0]LogContentBrowser: Native class hierarchy updated for 'AddContentDialog' in 0.0005 seconds. Added 0 classes and 0 folders.
[2016.01.27-22.51.48:449][  0]LogContentBrowser: Native class hierarchy updated for 'SceneOutliner' in 0.0005 seconds. Added 1 classes and 2 folders.
[2016.01.27-22.51.48:495][  0]LogCrashTracker: Crashtracker disabled due to settings.
[2016.01.27-22.51.48:500][  0]LogUObjectGlobals:Warning: Failed to find object 'Class None.'
[2016.01.27-22.51.48:522][  0]LogLoad: Full Startup: 9.28 seconds (BP compile: 0.07 seconds)
[2016.01.27-22.51.48:597][  0]LogContentStreaming: Texture pool size now 1000 MB
[2016.01.27-22.51.48:758][  0]LogRenderer: Reallocating scene render targets to support 964x436 (Frame:2).
[2016.01.27-22.51.50:262][  4]LogAssetRegistry: Asset discovery search completed in 4.9067 seconds
[2016.01.27-22.51.50:262][  4]LogCollectionManager: Rebuilt the object cache for 0 collections in 0.000002 seconds (found 0 objects)
[2016.01.27-22.51.50:262][  4]LogCollectionManager: Fixed up redirectors for 0 collections in 0.000055 seconds (updated 0 objects)
[2016.01.27-22.51.54:259][ 80]LogAIModule: Creating AISystem for world FPSMap1
[2016.01.27-22.51.54:316][ 80]Cmd: MAP LOAD FILE="../../../../../../Users/Blake/Documents/Unreal Projects/FPS/Content/FPSMap1.umap" TEMPLATE=0 SHOWPROGRESS=1 FEATURELEVEL=3
[2016.01.27-22.51.54:316][ 80]LightingResults: New page: Lighting Build
[2016.01.27-22.51.54:342][ 80]LoadErrors: New page: Loading map: FPSMap1.umap
[2016.01.27-22.51.54:342][ 80]MapCheck: New page: Map Check
[2016.01.27-22.51.54:343][ 80]LightingResults: New page: Lighting Build
[2016.01.27-22.51.54:366][ 80]LogParticles: Destroying 0 GPU particle simulations for FXSystem 0x0000025BD4BA76A0
[2016.01.27-22.51.54:372][ 80]LogEditorServer: Finished looking for orphan Actors (0.000 secs)
[2016.01.27-22.51.54:410][ 80]Cmd: MAP CHECKDEP NOCLEARLOG
[2016.01.27-22.51.54:479][ 80]MapCheck: Info Map check complete: 0 Error(s), 0 Warning(s), took 68.003ms to complete.
[2016.01.27-22.51.54:480][ 80]LogFileHelpers: Loading map 'FPSMap1' took 0.166
[2016.01.27-22.51.55:997][107]LogEditorViewport: Clicking on Actor (LMB): StaticMeshActor (Floor2)
[2016.01.27-22.51.56:833][116]LogEditorViewport: Clicking on Actor (LMB): StaticMeshActor (Floor)
[2016.01.27-22.52.02:487][212]Cmd: DELETE
[2016.01.27-22.52.02:487][212]Cmd: ACTOR DELETE
[2016.01.27-22.52.02:493][212]LogEditorActor: Deleted Actor: Brush
[2016.01.27-22.52.02:593][212]LogEditorActor: Deleted 1 Actors (0.105 secs)
[2016.01.27-22.52.03:534][227]Cmd: DELETE
[2016.01.27-22.52.03:534][227]Cmd: ACTOR DELETE
[2016.01.27-22.52.03:535][227]LogEditorActor: Deleted Actor: Brush
[2016.01.27-22.52.03:591][227]LogEditorActor: Deleted 1 Actors (0.057 secs)
[2016.01.27-22.52.04:543][244]LogEditorViewport: Clicking on Actor (LMB): StaticMeshActor (Floor2)
[2016.01.27-22.52.05:260][254]LogEditorViewport: Clicking on Actor (LMB): StaticMeshActor (Floor)
[2016.01.27-22.52.06:066][267]LogEditorViewport: Clicking on Actor (LMB): StaticMeshActor (Floor2)
[2016.01.27-22.52.06:611][276]Cmd: DELETE
[2016.01.27-22.52.06:611][276]Cmd: ACTOR DELETE
[2016.01.27-22.52.06:613][276]LogEditorActor: Deleted Actor: StaticMeshActor
[2016.01.27-22.52.06:665][276]LogEditorActor: Deleted 1 Actors (0.054 secs)
[2016.01.27-22.52.07:768][301]LogEditorViewport: Clicking on Actor (LMB): PointLight (PointLight)
[2016.01.27-22.52.29:274][759]LogEditorViewport: Clicking on Actor (LMB): PointLight (PointLight)
[2016.01.27-23.01.54:413][195]Cmd: OBJ SAVEPACKAGE PACKAGE="/Game/FPSMap1" FILE="../../../../../../Users/Blake/Documents/Unreal Projects/FPS/Saved/Autosaves/Game/FPSMap1_Auto1.umap" SILENT=true AUTOSAVING=true KEEPDIRTY=false
[2016.01.27-23.01.54:453][195]LogSavePackage: Save=35.106342ms
[2016.01.27-23.01.54:453][195]LogSavePackage: Moving '../../../../../../Users/Blake/Documents/Unreal Projects/FPS/Saved/FPSMap1_Auto194627126417D5F0CB2BB1E8FD93F216C.tmp' to '../../../../../../Users/Blake/Documents/Unreal Projects/FPS/Saved/Autosaves/Game/FPSMap1_Auto1.umap'
[2016.01.27-23.01.54:454][195]LogSavePackage: Total save time: 39.425548ms
[2016.01.27-23.01.54:454][195]LogSavePackage:Warning: Finished SavePackage ../../../../../../Users/Blake/Documents/Unreal Projects/FPS/Saved/Autosaves/Game/FPSMap1_Auto1.umap
[2016.01.27-23.01.54:456][195]LogFileHelpers: Editor autosave (incl. sublevels) for '/Game/FPSMap1' took 0.070
[2016.01.27-23.01.54:456][195]LogFileHelpers: Editor autosave (incl. sublevels) for all levels took 0.070
[2016.01.27-23.21.25:612][436]LogEditorViewport: Clicking on Actor (LMB): AtmosphericFog (Atmospheric Fog)
[2016.01.27-23.21.29:052][513]LogEditorViewport: Clicking on Actor (context menu): BP_Sky_Sphere_C (Sky Sphere)
[2016.01.27-23.21.29:861][560]LogEditorViewport: Clicking on Actor (LMB): BP_Sky_Sphere_C (Sky Sphere)
[2016.01.27-23.21.38:002][741]LogEditorViewport: Clicking on Actor (LMB): DirectionalLight (Light Source)
[2016.01.27-23.21.52:983][ 83]LogEditorViewport: Clicking on Actor (LMB): BP_Sky_Sphere_C (Sky Sphere)
[2016.01.27-23.21.53:834][102]LogEditorViewport: Clicking on Actor (LMB): DirectionalLight (Light Source)
[2016.01.27-23.22.07:900][416]LogEditorViewport: Clicking on Actor (LMB): BP_Sky_Sphere_C (Sky Sphere)
[2016.01.27-23.22.08:389][428]LogEditorViewport: Clicking on Actor (LMB): BP_Sky_Sphere_C (Sky Sphere)
[2016.01.27-23.22.08:908][439]LogEditorViewport: Clicking on Actor (LMB): BP_Sky_Sphere_C (Sky Sphere)
[2016.01.27-23.22.42:105][708]Cmd: OBJ SAVEPACKAGE PACKAGE="/Game/FPSMap1" FILE="../../../../../../Users/Blake/Documents/Unreal Projects/FPS/Saved/Autosaves/Game/FPSMap1_Auto2.umap" SILENT=true AUTOSAVING=true KEEPDIRTY=false
[2016.01.27-23.22.42:146][708]LogSavePackage: Save=36.208565ms
[2016.01.27-23.22.42:146][708]LogSavePackage: Moving '../../../../../../Users/Blake/Documents/Unreal Projects/FPS/Saved/FPSMap1_Auto2B8BE15704CA974F112126B9945A266E4.tmp' to '../../../../../../Users/Blake/Documents/Unreal Projects/FPS/Saved/Autosaves/Game/FPSMap1_Auto2.umap'
[2016.01.27-23.22.42:157][708]LogSavePackage: Total save time: 51.048648ms
[2016.01.27-23.22.42:157][708]LogSavePackage:Warning: Finished SavePackage ../../../../../../Users/Blake/Documents/Unreal Projects/FPS/Saved/Autosaves/Game/FPSMap1_Auto2.umap
[2016.01.27-23.22.42:159][708]LogFileHelpers: Editor autosave (incl. sublevels) for '/Game/FPSMap1' took 0.083
[2016.01.27-23.22.42:159][708]LogFileHelpers: Editor autosave (incl. sublevels) for all levels took 0.083
[2016.01.27-23.28.00:213][ 25]LogEditorViewport: Clicking on Actor (LMB): PointLight (PointLight)
[2016.01.27-23.28.01:475][ 50]Cmd: DELETE
[2016.01.27-23.28.01:476][ 50]Cmd: ACTOR DELETE
[2016.01.27-23.28.01:478][ 50]LogEditorActor: Deleted Actor: PointLight
[2016.01.27-23.28.01:561][ 50]LogEditorActor: Deleted 1 Actors (0.084 secs)
[2016.01.27-23.28.11:735][284]Cmd: CAMERA ALIGN ACTIVEVIEWPORTONLY
[2016.01.27-23.28.31:132][730]LogEditorViewport: Clicking on Actor (LMB): BP_Sky_Sphere_C (Sky Sphere)
[2016.01.27-23.28.31:178][730]LogEditorViewport: Clicking on Component (LMB): StaticMeshComponent (Sky Sphere mesh)
[2016.01.27-23.28.43:113][954]LogEditorActor: Deleted 0 Actors (2.372 secs)
[2016.01.27-23.28.47:242][203]Cmd: CAMERA ALIGN ACTIVEVIEWPORTONLY
[2016.01.27-23.29.06:520][854]Cmd: CAMERA ALIGN ACTIVEVIEWPORTONLY
[2016.01.27-23.29.31:509][455]Cmd: CAMERA ALIGN ACTIVEVIEWPORTONLY
[2016.01.27-23.29.44:584][772]Cmd: SELECT NONE
[2016.01.27-23.29.45:585][797]Cmd: SELECT NONE
[2016.01.27-23.29.47:142][837]LogEditorViewport: Clicking on Actor (LMB): BP_Sky_Sphere_C (Sky Sphere)
[2016.01.27-23.29.48:954][879]LogEditorViewport: Clicking on Actor (LMB): BP_Sky_Sphere_C (Sky Sphere)
[2016.01.27-23.30.16:779][514]Cmd: OBJ SAVEPACKAGE PACKAGE="/Game/FPSMap1" FILE="../../../../../../Users/Blake/Documents/Unreal Projects/FPS/Content/FPSMap1.umap" SILENT=true AUTOSAVING=false KEEPDIRTY=false
[2016.01.27-23.30.16:855][514]LogSavePackage: Save=45.838581ms
[2016.01.27-23.30.16:855][514]LogSavePackage: Moving '../../../../../../Users/Blake/Documents/Unreal Projects/FPS/Saved/FPSMap1A09CA4614BAF8F18B0177EB27CCCCCB1.tmp' to '../../../../../../Users/Blake/Documents/Unreal Projects/FPS/Content/FPSMap1.umap'
[2016.01.27-23.30.16:859][514]LogSavePackage: Total save time: 54.200448ms
[2016.01.27-23.30.16:859][514]LogSavePackage:Warning: Finished SavePackage ../../../../../../Users/Blake/Documents/Unreal Projects/FPS/Content/FPSMap1.umap
[2016.01.27-23.30.16:922][514]LogFileHelpers: Saving map 'FPSMap1' took 0.197
[2016.01.27-23.30.17:340][515]Cmd: QUIT_EDITOR
[2016.01.27-23.30.17:513][515]LogWindowsTextInputMethodSystem:Display: IME system now deactivated.
[2016.01.27-23.30.17:627][515]LogExit: Preparing to exit.
[2016.01.27-23.30.18:871][515]LogExit: Editor shut down
[2016.01.27-23.30.18:873][515]LogExit: Transaction tracking system shut down
[2016.01.27-23.30.18:874][515]LogParticles: Destroying 0 GPU particle simulations for FXSystem 0x0000025BEC4B8680
[2016.01.27-23.30.18:878][515]LogParticles: Destroying 0 GPU particle simulations for FXSystem 0x0000025BEC4B85E0
[2016.01.27-23.30.18:878][515]LogParticles: Destroying 0 GPU particle simulations for FXSystem 0x0000025BE7CACE00
[2016.01.27-23.30.18:878][515]LogParticles: Destroying 0 GPU particle simulations for FXSystem 0x0000025BE7AE5F80
[2016.01.27-23.30.19:043][515]LogExit: Object subsystem successfully closed.
[2016.01.27-23.30.19:065][515]LogD3D11RHI: Shutdown
[2016.01.27-23.30.19:065][515]LogD3D11RHI: CleanupD3DDevice
[2016.01.27-23.30.19:183][515]LogD3D11RHI: ~FD3D11DynamicRHI
[2016.01.27-23.30.19:217][515]LogModuleManager: Shutting down and abandoning module CrashTracker (197)
[2016.01.27-23.30.19:217][515]LogModuleManager: Shutting down and abandoning module SceneOutliner (196)
[2016.01.27-23.30.19:217][515]LogModuleManager: Shutting down and abandoning module SuperSearch (195)
[2016.01.27-23.30.19:217][515]LogModuleManager: Shutting down and abandoning module WidgetCarousel (194)
[2016.01.27-23.30.19:217][515]LogModuleManager: Shutting down and abandoning module AddContentDialog (193)
[2016.01.27-23.30.19:222][515]LogModuleManager: Shutting down and abandoning module EditorWidgets (192)
[2016.01.27-23.30.19:222][515]LogModuleManager: Shutting down and abandoning module CollectionManager (191)
[2016.01.27-23.30.19:223][515]LogModuleManager: Shutting down and abandoning module StatsViewer (190)
[2016.01.27-23.30.19:223][515]LogModuleManager: Shutting down and abandoning module FoliageEdit (189)
[2016.01.27-23.30.19:223][515]LogModuleManager: Shutting down and abandoning module LandscapeEditor (188)
[2016.01.27-23.30.19:223][515]LogModuleManager: Shutting down and abandoning module ActorPickerMode (187)
[2016.01.27-23.30.19:223][515]LogModuleManager: Shutting down and abandoning module GeometryMode (186)
[2016.01.27-23.30.19:223][515]LogModuleManager: Shutting down and abandoning module TextureAlignMode (185)
[2016.01.27-23.30.19:223][515]LogModuleManager: Shutting down and abandoning module BspMode (184)
[2016.01.27-23.30.19:223][515]LogModuleManager: Shutting down and abandoning module PlacementMode (183)
[2016.01.27-23.30.19:223][515]LogModuleManager: Shutting down and abandoning module AutomationWorker (182)
[2016.01.27-23.30.19:223][515]LogModuleManager: Shutting down and abandoning module CharacterAI (181)
[2016.01.27-23.30.19:223][515]LogModuleManager: Shutting down and abandoning module SmartSnapping (180)
[2016.01.27-23.30.19:223][515]LogModuleManager: Shutting down and abandoning module ViewportSnapping (179)
[2016.01.27-23.30.19:223][515]LogModuleManager: Shutting down and abandoning module LogVisualizer (178)
[2016.01.27-23.30.19:223][515]LogModuleManager: Shutting down and abandoning module GameProjectGeneration (177)
[2016.01.27-23.30.19:223][515]LogModuleManager: Shutting down and abandoning module IntroTutorials (176)
[2016.01.27-23.30.19:223][515]LogModuleManager: Shutting down and abandoning module EditorLiveStreaming (175)
[2016.01.27-23.30.19:223][515]LogModuleManager: Shutting down and abandoning module IOSPlatformEditor (174)
[2016.01.27-23.30.19:223][515]LogModuleManager: Shutting down and abandoning module HTML5PlatformEditor (173)
[2016.01.27-23.30.19:223][515]LogModuleManager: Shutting down and abandoning module AndroidDeviceDetection (172)
[2016.01.27-23.30.20:075][515]LogModuleManager: Shutting down and abandoning module AndroidPlatformEditor (171)
[2016.01.27-23.30.20:075][515]LogModuleManager: Shutting down and abandoning module IOSRuntimeSettings (170)
[2016.01.27-23.30.20:075][515]LogModuleManager: Shutting down and abandoning module AndroidRuntimeSettings (169)
[2016.01.27-23.30.20:075][515]LogModuleManager: Shutting down and abandoning module MergeActors (168)
[2016.01.27-23.30.20:075][515]LogModuleManager: Shutting down and abandoning module SizeMap (167)
[2016.01.27-23.30.20:075][515]LogModuleManager: Shutting down and abandoning module TreeMap (166)
[2016.01.27-23.30.20:075][515]LogModuleManager: Shutting down and abandoning module ReferenceViewer (165)
[2016.01.27-23.30.20:075][515]LogModuleManager: Shutting down and abandoning module LocalizationService (164)
[2016.01.27-23.30.20:075][515]LogModuleManager: Shutting down and abandoning module LocalizationDashboard (163)
[2016.01.27-23.30.20:075][515]LogModuleManager: Shutting down and abandoning module HardwareTargeting (162)
[2016.01.27-23.30.20:075][515]LogModuleManager: Shutting down and abandoning module DeviceProfileEditor (161)
[2016.01.27-23.30.20:075][515]LogModuleManager: Shutting down and abandoning module UndoHistory (160)
[2016.01.27-23.30.20:075][515]LogModuleManager: Shutting down and abandoning module GameplayTagsEditor (159)
[2016.01.27-23.30.20:075][515]LogModuleManager: Shutting down and abandoning module UserFeedback (158)
[2016.01.27-23.30.20:075][515]LogModuleManager: Shutting down and abandoning module XmlParser (157)
[2016.01.27-23.30.20:075][515]LogModuleManager: Shutting down and abandoning module Blutility (156)
[2016.01.27-23.30.20:075][515]LogModuleManager: Shutting down and abandoning module ProjectTargetPlatformEditor (155)
[2016.01.27-23.30.20:075][515]LogModuleManager: Shutting down and abandoning module ProjectSettingsViewer (154)
[2016.01.27-23.30.20:075][515]LogModuleManager: Shutting down and abandoning module InputBindingEditor (153)
[2016.01.27-23.30.20:075][515]LogModuleManager: Shutting down and abandoning module EditorSettingsViewer (152)
[2016.01.27-23.30.20:075][515]LogModuleManager: Shutting down and abandoning module SettingsEditor (151)
[2016.01.27-23.30.20:075][515]LogModuleManager: Shutting down and abandoning module ProjectLauncher (150)
[2016.01.27-23.30.20:076][515]LogModuleManager: Shutting down and abandoning module SessionFrontend (149)
[2016.01.27-23.30.20:076][515]LogModuleManager: Shutting down and abandoning module ProfilerClient (148)
[2016.01.27-23.30.20:076][515]LogModuleManager: Shutting down and abandoning module TargetDeviceServices (147)
[2016.01.27-23.30.20:076][515]LogModuleManager: Shutting down and abandoning module DeviceManager (146)
[2016.01.27-23.30.20:076][515]LogModuleManager: Shutting down and abandoning module AutomationController (145)
[2016.01.27-23.30.20:076][515]LogModuleManager: Shutting down and abandoning module AutomationWindow (144)
[2016.01.27-23.30.20:076][515]LogModuleManager: Shutting down and abandoning module Layers (143)
[2016.01.27-23.30.20:076][515]LogModuleManager: Shutting down and abandoning module ComponentVisualizers (142)
[2016.01.27-23.30.20:076][515]LogModuleManager: Shutting down and abandoning module DetailCustomizations (141)
[2016.01.27-23.30.20:076][515]LogModuleManager: Shutting down and abandoning module PackagesDialog (140)
[2016.01.27-23.30.20:076][515]LogModuleManager: Shutting down and abandoning module Persona (139)
[2016.01.27-23.30.20:076][515]LogModuleManager: Shutting down and abandoning module Kismet (138)
[2016.01.27-23.30.20:076][515]LogModuleManager: Shutting down and abandoning module GraphEditor (137)
[2016.01.27-23.30.20:076][515]LogModuleManager: Shutting down and abandoning module ClassViewer (136)
[2016.01.27-23.30.20:076][515]LogModuleManager: Shutting down and abandoning module Toolbox (135)
[2016.01.27-23.30.20:076][515]LogModuleManager: Shutting down and abandoning module ModuleUI (134)
[2016.01.27-23.30.20:076][515]LogModuleManager: Shutting down and abandoning module MovieSceneTools (133)
[2016.01.27-23.30.20:076][515]LogModuleManager: Shutting down and abandoning module OutputLog (132)
[2016.01.27-23.30.20:076][515]LogModuleManager: Shutting down and abandoning module GammaUI (131)
[2016.01.27-23.30.20:076][515]LogModuleManager: Shutting down and abandoning module Documentation (130)
[2016.01.27-23.30.20:076][515]LogModuleManager: Shutting down and abandoning module GameLiveStreaming (129)
[2016.01.27-23.30.20:076][515]LogModuleManager: Shutting down and abandoning module StreamingPauseRendering (128)
[2016.01.27-23.30.20:076][515]LogModuleManager: Shutting down and abandoning module AnalyticsET (127)
[2016.01.27-23.30.20:076][515]LogModuleManager: Shutting down and abandoning module Analytics (126)
[2016.01.27-23.30.20:076][515]LogModuleManager: Shutting down and abandoning module AITestSuite (125)
[2016.01.27-23.30.20:076][515]LogModuleManager: Shutting down and abandoning module GameplayDebugger (124)
[2016.01.27-23.30.20:076][515]LogModuleManager: Shutting down and abandoning module AIModule (123)
[2016.01.27-23.30.20:076][515]LogModuleManager: Shutting down and abandoning module ProfilerService (122)
[2016.01.27-23.30.20:316][515]LogModuleManager: Shutting down and abandoning module TaskGraph (121)
[2016.01.27-23.30.20:316][515]LogModuleManager: Shutting down and abandoning module SlateRemote (120)
[2016.01.27-23.30.20:316][515]LogModuleManager: Shutting down and abandoning module SteamVRController (119)
[2016.01.27-23.30.20:316][515]LogModuleManager: Shutting down and abandoning module SteamVR (118)
[2016.01.27-23.30.20:316][515]LogModuleManager: Shutting down and abandoning module ProceduralMeshComponent (117)
[2016.01.27-23.30.20:316][515]LogModuleManager: Shutting down and abandoning module OculusRift (116)
[2016.01.27-23.30.20:316][515]LogModuleManager: Shutting down and abandoning module OculusLibrary (115)
[2016.01.27-23.30.20:316][515]LogModuleManager: Shutting down and abandoning module LeapMotionController (114)
[2016.01.27-23.30.20:351][515]LogModuleManager: Shutting down and abandoning module CustomMeshComponent (113)
[2016.01.27-23.30.20:351][515]LogModuleManager: Shutting down and abandoning module CableComponent (112)
[2016.01.27-23.30.20:351][515]LogModuleManager: Shutting down and abandoning module ArchVisCharacter (111)
[2016.01.27-23.30.20:351][515]LogModuleManager: Shutting down and abandoning module MessagingDebugger (110)
[2016.01.27-23.30.20:351][515]LogModuleManager: Shutting down and abandoning module MediaPlayerEditor (109)
[2016.01.27-23.30.20:351][515]LogModuleManager: Shutting down and abandoning module HTML5Networking (108)
[2016.01.27-23.30.20:351][515]LogModuleManager: Shutting down and abandoning module SpeedTreeImporter (107)
[2016.01.27-23.30.20:351][515]LogModuleManager: Shutting down and abandoning module PluginBrowser (106)
[2016.01.27-23.30.20:352][515]LogModuleManager: Shutting down and abandoning module EpicSurvey (105)
[2016.01.27-23.30.20:352][515]LogModuleManager: Shutting down and abandoning module DesktopPlatform (104)
[2016.01.27-23.30.20:352][515]LogModuleManager: Shutting down and abandoning module VisualStudioSourceCodeAccess (103)
[2016.01.27-23.30.20:352][515]LogModuleManager: Shutting down and abandoning module UObjectPlugin (102)
[2016.01.27-23.30.20:352][515]LogModuleManager: Shutting down and abandoning module SubversionSourceControl (101)
[2016.01.27-23.30.20:352][515]LogModuleManager: Shutting down and abandoning module PerforceSourceControl (100)
[2016.01.27-23.30.20:352][515]LogModuleManager: Shutting down and abandoning module SourceControl (99)
[2016.01.27-23.30.20:352][515]LogModuleManager: Shutting down and abandoning module GitSourceControl (98)
[2016.01.27-23.30.20:352][515]LogModuleManager: Shutting down and abandoning module LightPropagationVolumeEditor (97)
[2016.01.27-23.30.20:352][515]LogModuleManager: Shutting down and abandoning module PaperTiledImporter (96)
[2016.01.27-23.30.20:352][515]LogModuleManager: Shutting down and abandoning module PaperSpriteSheetImporter (95)
[2016.01.27-23.30.20:352][515]LogModuleManager: Shutting down and abandoning module MeshPaint (94)
[2016.01.27-23.30.20:352][515]LogModuleManager: Shutting down and abandoning module SlateReflector (93)
[2016.01.27-23.30.20:353][515]LogModuleManager: Shutting down and abandoning module HotReload (92)
[2016.01.27-23.30.20:353][515]LogModuleManager: Shutting down and abandoning module MainFrame (91)
[2016.01.27-23.30.20:353][515]LogModuleManager: Shutting down and abandoning module LevelEditor (90)
[2016.01.27-23.30.20:355][515]LogModuleManager: Shutting down and abandoning module DirectoryWatcher (89)
[2016.01.27-23.30.20:357][515]LogModuleManager: Shutting down and abandoning module AssetRegistry (88)
[2016.01.27-23.30.20:452][515]LogModuleManager: Shutting down and abandoning module ContentBrowser (87)
[2016.01.27-23.30.20:454][515]LogModuleManager: Shutting down and abandoning module Paper2DEditor (86)
[2016.01.27-23.30.20:455][515]LogModuleManager: Shutting down and abandoning module UdpMessaging (85)
[2016.01.27-23.30.20:556][515]LogModuleManager: Shutting down and abandoning module LightPropagationVolumeRuntime (84)
[2016.01.27-23.30.20:556][515]LogModuleManager: Shutting down and abandoning module Paper2D (83)
[2016.01.27-23.30.20:556][515]LogModuleManager: Shutting down and abandoning module WindowsMoviePlayer (82)
[2016.01.27-23.30.20:560][515]LogModuleManager: Shutting down and abandoning module Media (81)
[2016.01.27-23.30.20:560][515]LogModuleManager: Shutting down and abandoning module WmfMedia (80)
[2016.01.27-23.30.20:560][515]LogModuleManager: Shutting down and abandoning module OnlineBlueprintSupport (79)
[2016.01.27-23.30.20:560][515]LogModuleManager: Shutting down and abandoning module GameplayTasksEditor (78)
[2016.01.27-23.30.20:560][515]LogModuleManager: Shutting down and abandoning module PropertyEditor (77)
[2016.01.27-23.30.20:560][515]LogModuleManager: Shutting down and abandoning module BehaviorTreeEditor (76)
[2016.01.27-23.30.20:560][515]LogModuleManager: Shutting down and abandoning module FunctionalTesting (75)
[2016.01.27-23.30.20:560][515]LogModuleManager: Shutting down and abandoning module CollisionAnalyzer (74)
[2016.01.27-23.30.20:560][515]LogModuleManager: Shutting down and abandoning module WorkspaceMenuStructure (73)
[2016.01.27-23.30.20:560][515]LogModuleManager: Shutting down and abandoning module MessageLog (72)
[2016.01.27-23.30.20:560][515]LogModuleManager: Shutting down and abandoning module Sequencer (71)
[2016.01.27-23.30.20:560][515]LogModuleManager: Shutting down and abandoning module AssetTools (70)
[2016.01.27-23.30.20:560][515]LogModuleManager: Shutting down and abandoning module UMGEditor (69)
[2016.01.27-23.30.20:560][515]LogModuleManager: Shutting down and abandoning module UMG (68)
[2016.01.27-23.30.20:561][515]LogModuleManager: Shutting down and abandoning module Slate (67)
[2016.01.27-23.30.20:561][515]LogModuleManager: Shutting down and abandoning module EditorStyle (66)
[2016.01.27-23.30.20:565][515]LogModuleManager: Shutting down and abandoning module SessionServices (65)
[2016.01.27-23.30.20:565][515]LogModuleManager: Shutting down and abandoning module SourceCodeAccess (64)
[2016.01.27-23.30.20:565][515]LogModuleManager: Shutting down and abandoning module HeadMountedDisplay (63)
[2016.01.27-23.30.20:565][515]LogModuleManager: Shutting down and abandoning module XAudio2 (62)
[2016.01.27-23.30.20:565][515]LogModuleManager: Shutting down and abandoning module Networking (60)
[2016.01.27-23.30.20:565][515]LogModuleManager: Shutting down and abandoning module Core (59)
[2016.01.27-23.30.20:565][515]LogModuleManager: Shutting down and abandoning module KismetCompiler (58)
[2016.01.27-23.30.20:565][515]LogModuleManager: Shutting down and abandoning module PhysXFormats (57)
[2016.01.27-23.30.20:565][515]LogModuleManager: Shutting down and abandoning module MeshUtilities (56)
[2016.01.27-23.30.20:565][515]LogModuleManager: Shutting down and abandoning module CookingStats (55)
[2016.01.27-23.30.20:566][515]LogModuleManager: Shutting down and abandoning module DerivedDataCache (54)
[2016.01.27-23.30.20:598][515]LogDerivedDataCache: Shutdown
[2016.01.27-23.30.20:598][515]LogModuleManager: Shutting down and abandoning module ShaderFormatOpenGL (53)
[2016.01.27-23.30.20:598][515]LogModuleManager: Shutting down and abandoning module ShaderFormatD3D (52)
[2016.01.27-23.30.20:598][515]LogModuleManager: Shutting down and abandoning module MetalShaderFormat (51)
[2016.01.27-23.30.20:598][515]LogModuleManager: Shutting down and abandoning module TextureFormatUncompressed (50)
[2016.01.27-23.30.20:598][515]LogModuleManager: Shutting down and abandoning module TextureFormatPVR (49)
[2016.01.27-23.30.20:598][515]LogModuleManager: Shutting down and abandoning module TextureFormatIntelISPCTexComp (48)
[2016.01.27-23.30.20:598][515]LogModuleManager: Shutting down and abandoning module TextureFormatDXT (47)
[2016.01.27-23.30.20:598][515]LogModuleManager: Shutting down and abandoning module ImageWrapper (46)
[2016.01.27-23.30.20:598][515]LogModuleManager: Shutting down and abandoning module TextureFormatASTC (45)
[2016.01.27-23.30.20:598][515]LogModuleManager: Shutting down and abandoning module TextureFormatAndroid (44)
[2016.01.27-23.30.20:598][515]LogModuleManager: Shutting down and abandoning module AudioFormatOpus (43)
[2016.01.27-23.30.20:598][515]LogModuleManager: Shutting down and abandoning module AudioFormatOgg (42)
[2016.01.27-23.30.20:598][515]LogModuleManager: Shutting down and abandoning module AudioFormatADPCM (41)
[2016.01.27-23.30.20:598][515]LogModuleManager: Shutting down and abandoning module LinuxTargetPlatform (40)
[2016.01.27-23.30.20:598][515]LogModuleManager: Shutting down and abandoning module LinuxServerTargetPlatform (39)
[2016.01.27-23.30.20:598][515]LogModuleManager: Shutting down and abandoning module LinuxNoEditorTargetPlatform (38)
[2016.01.27-23.30.20:598][515]LogModuleManager: Shutting down and abandoning module Messaging (37)
[2016.01.27-23.30.20:598][515]LogModuleManager: Shutting down and abandoning module IOSTargetPlatform (36)
[2016.01.27-23.30.20:598][515]LogModuleManager: Shutting down and abandoning module HTML5TargetPlatform (35)
[2016.01.27-23.30.20:598][515]LogModuleManager: Shutting down and abandoning module Android_PVRTCTargetPlatform (34)
[2016.01.27-23.30.20:598][515]LogModuleManager: Shutting down and abandoning module Android_ETC2TargetPlatform (33)
[2016.01.27-23.30.20:598][515]LogModuleManager: Shutting down and abandoning module Android_ETC1TargetPlatform (32)
[2016.01.27-23.30.20:598][515]LogModuleManager: Shutting down and abandoning module Android_DXTTargetPlatform (31)
[2016.01.27-23.30.20:598][515]LogModuleManager: Shutting down and abandoning module Android_ATCTargetPlatform (30)
[2016.01.27-23.30.20:598][515]LogModuleManager: Shutting down and abandoning module Android_ASTCTargetPlatform (29)
[2016.01.27-23.30.20:598][515]LogModuleManager: Shutting down and abandoning module AndroidTargetPlatform (28)
[2016.01.27-23.30.20:598][515]LogModuleManager: Shutting down and abandoning module WindowsTargetPlatform (27)
[2016.01.27-23.30.20:599][515]LogModuleManager: Shutting down and abandoning module WindowsServerTargetPlatform (26)
[2016.01.27-23.30.20:599][515]LogModuleManager: Shutting down and abandoning module WindowsNoEditorTargetPlatform (25)
[2016.01.27-23.30.20:599][515]LogModuleManager: Shutting down and abandoning module WindowsClientTargetPlatform (24)
[2016.01.27-23.30.20:599][515]LogModuleManager: Shutting down and abandoning module AllDesktopTargetPlatform (23)
[2016.01.27-23.30.20:599][515]LogModuleManager: Shutting down and abandoning module TargetPlatform (22)
[2016.01.27-23.30.20:599][515]LogModuleManager: Shutting down and abandoning module InputCore (21)
[2016.01.27-23.30.20:599][515]LogModuleManager: Shutting down and abandoning module Settings (20)
[2016.01.27-23.30.20:599][515]LogModuleManager: Shutting down and abandoning module OnlineSubsystem (18)
[2016.01.27-23.30.20:599][515]LogModuleManager: Shutting down and abandoning module HTTP (17)
[2016.01.27-23.30.22:608][515]LogModuleManager: Shutting down and abandoning module XMPP (16)
[2016.01.27-23.30.22:608][515]LogModuleManager: Shutting down and abandoning module ExampleDeviceProfileSelector (15)
[2016.01.27-23.30.22:608][515]LogModuleManager: Shutting down and abandoning module TextureCompressor (14)
[2016.01.27-23.30.22:608][515]LogModuleManager: Shutting down and abandoning module ShaderCore (13)
[2016.01.27-23.30.22:608][515]LogModuleManager: Shutting down and abandoning module Landscape (12)
[2016.01.27-23.30.22:608][515]LogModuleManager: Shutting down and abandoning module SlateRHIRenderer (11)
[2016.01.27-23.30.22:616][515]LogModuleManager: Shutting down and abandoning module OpenGLDrv (10)
[2016.01.27-23.30.22:617][515]LogModuleManager: Shutting down and abandoning module D3D11RHI (9)
[2016.01.27-23.30.22:617][515]LogModuleManager: Shutting down and abandoning module AnimGraphRuntime (8)
[2016.01.27-23.30.22:617][515]LogModuleManager: Shutting down and abandoning module Renderer (7)
[2016.01.27-23.30.22:617][515]LogModuleManager: Shutting down and abandoning module Engine (6)
[2016.01.27-23.30.22:617][515]LogModuleManager: Shutting down and abandoning module CoreUObject (5)
[2016.01.27-23.30.22:617][515]LogModuleManager: Shutting down and abandoning module NetworkFile (4)
[2016.01.27-23.30.22:617][515]LogModuleManager: Shutting down and abandoning module StreamingFile (3)
[2016.01.27-23.30.22:617][515]LogModuleManager: Shutting down and abandoning module SandboxFile (2)
[2016.01.27-23.30.22:617][515]LogModuleManager: Shutting down and abandoning module PakFile (1)
[2016.01.27-23.30.22:618][515]LogExit: Exiting.
[2016.01.27-23.30.22:622][515]Log file closed, 01/27/16 18:30:22
