[2016.01.27-23.30.55:580][  0]Log file open, 01/27/16 18:30:55
[2016.01.27-23.30.55:580][  0]LogInit:Display: Running engine for game: FPS
[2016.01.27-23.30.55:580][  0]LogInit:Display: RandInit(-551735274) SRandInit(-551735274).
[2016.01.27-23.30.55:580][  0]LogTaskGraph: Started task graph with 4 named threads and 5 total threads.
[2016.01.27-23.30.55:580][  0]LogStats: Stats thread started at 0.089310
[2016.01.27-23.30.55:580][  0]LogInit: Version: 4.9.2-2707645+++depot+UE4-Releases+4.9
[2016.01.27-23.30.55:580][  0]LogInit: API Version: 2672455
[2016.01.27-23.30.55:580][  0]LogInit: Compiled (64-bit): Sep 28 2015 10:25:44
[2016.01.27-23.30.55:580][  0]LogInit: Compiled with Visual C++: 18.00.21005.01
[2016.01.27-23.30.55:580][  0]LogInit: Build Configuration: Development
[2016.01.27-23.30.55:580][  0]LogInit: Branch Name: ++depot+UE4-Releases+4.9
[2016.01.27-23.30.55:580][  0]LogInit: Command line: 
[2016.01.27-23.30.55:580][  0]LogInit: Base directory: C:/Program Files (x86)/Epic Games/4.9/Engine/Binaries/Win64/
[2016.01.27-23.30.55:580][  0]LogInit: Rocket: 1
[2016.01.27-23.30.55:592][  0]LogInit: Using libcurl 7.41.0
[2016.01.27-23.30.55:592][  0]LogInit:  - built for x86_64-pc-win32
[2016.01.27-23.30.55:592][  0]LogInit:  - supports SSL with WinSSL
[2016.01.27-23.30.55:592][  0]LogInit:  - other features:
[2016.01.27-23.30.55:592][  0]LogInit:      CURL_VERSION_SSL
[2016.01.27-23.30.55:592][  0]LogInit:      CURL_VERSION_IPV6
[2016.01.27-23.30.55:592][  0]LogInit:      CURL_VERSION_ASYNCHDNS
[2016.01.27-23.30.55:592][  0]LogInit:      CURL_VERSION_LARGEFILE
[2016.01.27-23.30.55:592][  0]LogInit:      CURL_VERSION_IDN
[2016.01.27-23.30.55:592][  0]LogInit:  CurlRequestOptions (configurable via config and command line):
[2016.01.27-23.30.55:592][  0]LogInit:  - bVerifyPeer = true  - Libcurl will verify peer certificate
[2016.01.27-23.30.55:592][  0]LogInit:  - bUseHttpProxy = false  - Libcurl will NOT use HTTP proxy
[2016.01.27-23.30.55:593][  0]LogInit:  - bDontReuseConnections = false  - Libcurl will reuse connections
[2016.01.27-23.30.55:593][  0]LogInit:  - CertBundlePath = nullptr  - Libcurl will use whatever was configured at build time.
[2016.01.27-23.30.55:602][  0]LogInit: Presizing for 0 objects not considered by GC, pre-allocating 0 bytes.
[2016.01.27-23.30.55:612][  0]LogInit: Object subsystem initialized
[2016.01.27-23.30.55:614][  0]LogInit: Selected Device Profile: [Windows]
[2016.01.27-23.30.55:614][  0]LogInit: Applying CVar settings loaded from the selected device profile: [Windows]
[2016.01.27-23.30.55:628][  0]LogInit: Computer: LAPTOP-LIOL8N73
[2016.01.27-23.30.55:628][  0]LogInit: User: Blake
[2016.01.27-23.30.55:628][  0]LogInit: CPU Page size=4096, Cores=2
[2016.01.27-23.30.55:628][  0]LogInit: High frequency timer resolution =2.531252 MHz
[2016.01.27-23.30.55:628][  0]LogMemory: Memory total: Physical=7.9GB (8GB approx)
[2016.01.27-23.30.55:628][  0]LogMemory: Platform Memory Stats for Windows
[2016.01.27-23.30.55:628][  0]LogMemory: Process Physical Memory: 53.72 MB used, 53.72 MB peak
[2016.01.27-23.30.55:628][  0]LogMemory: Process Virtual Memory: 57.33 MB used, 57.33 MB peak
[2016.01.27-23.30.55:628][  0]LogMemory: Physical Memory: 5177.95 MB used, 8050.76 MB total
[2016.01.27-23.30.55:628][  0]LogMemory: Virtual Memory: 369.48 MB used, 134217728.00 MB total
[2016.01.27-23.30.55:676][  0]LogTextLocalizationManager: No specific translations for ('en-CA') exist, so ('en') translations will be used.
[2016.01.27-23.30.56:688][  0]LogD3D11RHI: Found D3D11 adapter 0: Intel(R) HD Graphics 520 (Feature Level 11_0)
[2016.01.27-23.30.56:688][  0]LogD3D11RHI: Adapter has 128MB of dedicated video memory, 0MB of dedicated system memory, and 4025MB of shared system memory, 1 output[s]
[2016.01.27-23.30.56:690][  0]LogD3D11RHI: Found D3D11 adapter 1: Microsoft Basic Render Driver (Feature Level 11_0)
[2016.01.27-23.30.56:690][  0]LogD3D11RHI: Adapter has 0MB of dedicated video memory, 0MB of dedicated system memory, and 4025MB of shared system memory, 0 output[s]
[2016.01.27-23.30.56:690][  0]LogD3D11RHI: Chosen D3D11 Adapter Id = 0
[2016.01.27-23.30.56:698][  0]LogD3D11RHI: !Direct3DDevice
[2016.01.27-23.30.56:698][  0]LogRHI: Texture pool is 1361 MB (70% of 1945 MB)
[2016.01.27-23.30.56:705][  0]LogD3D11RHI: Async texture creation enabled
[2016.01.27-23.30.56:710][  0]LogShaderCompilers: Guid format shader working directory is 15 characters bigger than the processId version (../../../../../../Users/Blake/Documents/Unreal Projects/FPS/Intermediate/Shaders/WorkingDirectory/4692/).
[2016.01.27-23.30.56:710][  0]LogShaderCompilers: Cleaned the shader compiler working directory '../../../../../../Users/Blake/Documents/Unreal Projects/FPS/Intermediate/Shaders/tmp/4A9FE7354B12BF80A9A8B3B9ADDE08E7/'.
[2016.01.27-23.30.56:710][  0]LogShaderCompilers:Display: Using Local Shader Compiler.
[2016.01.27-23.30.58:266][  0]LogTemp:Display: Loaded TP AllDesktopTargetPlatform
[2016.01.27-23.30.58:274][  0]LogTemp:Display: Loaded TP WindowsClientTargetPlatform
[2016.01.27-23.30.58:282][  0]LogTemp:Display: Loaded TP WindowsNoEditorTargetPlatform
[2016.01.27-23.30.58:290][  0]LogTemp:Display: Loaded TP WindowsServerTargetPlatform
[2016.01.27-23.30.58:297][  0]LogTemp:Display: Loaded TP WindowsTargetPlatform
[2016.01.27-23.30.58:303][  0]LogTemp:Display: Loaded TP AndroidTargetPlatform
[2016.01.27-23.30.58:308][  0]LogTemp:Display: Loaded TP Android_ASTCTargetPlatform
[2016.01.27-23.30.58:312][  0]LogTemp:Display: Loaded TP Android_ATCTargetPlatform
[2016.01.27-23.30.58:317][  0]LogTemp:Display: Loaded TP Android_DXTTargetPlatform
[2016.01.27-23.30.58:321][  0]LogTemp:Display: Loaded TP Android_ETC1TargetPlatform
[2016.01.27-23.30.58:326][  0]LogTemp:Display: Loaded TP Android_ETC2TargetPlatform
[2016.01.27-23.30.58:331][  0]LogTemp:Display: Loaded TP Android_PVRTCTargetPlatform
[2016.01.27-23.30.58:332][  0]LogTemp:Display: Loaded TP HTML5TargetPlatform
[2016.01.27-23.30.58:353][  0]LogTemp:Display: Loaded TP IOSTargetPlatform
[2016.01.27-23.30.58:358][  0]LogTemp:Display: Loaded TP LinuxNoEditorTargetPlatform
[2016.01.27-23.30.58:363][  0]LogTemp:Display: Loaded TP LinuxServerTargetPlatform
[2016.01.27-23.30.58:368][  0]LogTemp:Display: Loaded TP LinuxTargetPlatform
[2016.01.27-23.30.58:368][  0]LogTargetPlatformManager:Display: Building Assets For Windows
[2016.01.27-23.30.58:507][  0]LogDerivedDataCache:Display: Max Cache Size: 512 MB
[2016.01.27-23.30.58:586][  0]LogDerivedDataCache: Loaded boot cache 0.08s 41MB C:/Users/Blake/AppData/Local/UnrealEngine/4.9/DerivedDataCache/Boot.ddc.
[2016.01.27-23.30.58:586][  0]LogDerivedDataCache:Display: Loaded Boot cache: C:/Users/Blake/AppData/Local/UnrealEngine/4.9/DerivedDataCache/Boot.ddc
[2016.01.27-23.30.58:586][  0]LogDerivedDataCache: FDerivedDataBackendGraph:  Pak pak cache file ../../../../../../Users/Blake/Documents/Unreal Projects/FPS/DerivedDataCache/DDC.ddp not found, will not use a pak cache.
[2016.01.27-23.30.58:586][  0]LogDerivedDataCache: Unable to find inner node Pak for hierarchical cache Hierarchy.
[2016.01.27-23.30.58:586][  0]LogDerivedDataCache: FDerivedDataBackendGraph:  CompressedPak pak cache file ../../../../../../Users/Blake/Documents/Unreal Projects/FPS/DerivedDataCache/Compressed.ddp not found, will not use a pak cache.
[2016.01.27-23.30.58:586][  0]LogDerivedDataCache: Unable to find inner node CompressedPak for hierarchical cache Hierarchy.
[2016.01.27-23.30.58:740][  0]LogDerivedDataCache:Display: Pak cache opened for reading ../../../Engine/DerivedDataCache/Compressed.ddp.
[2016.01.27-23.30.58:754][  0]LogDerivedDataCache: Using Local data cache path C:/Users/Blake/AppData/Local/UnrealEngine/Common/DerivedDataCache: Writable
[2016.01.27-23.30.59:012][  0]LogInit: Selected Device Profile: [Windows]
[2016.01.27-23.30.59:014][  0]LogContentStreaming: Texture pool size is 0.000000MB
[2016.01.27-23.30.59:246][  0]LogMeshUtilities: No automatic mesh reduction module available
[2016.01.27-23.30.59:246][  0]LogMeshUtilities: No automatic mesh merging module available
[2016.01.27-23.30.59:607][  0]LogInit: WinSock: version 1.1 (2.2), MaxSocks=32767, MaxUdp=65467
[2016.01.27-23.31.00:544][  0]UdpMessaging: Initializing bridge on interface 0.0.0.0:0 to multicast group 230.0.0.1:6666.
[2016.01.27-23.31.00:663][  0]LogAssetRegistry: FAssetRegistry took 0.0113 seconds to start up
[2016.01.27-23.31.00:942][  0]SourceControl: Info Source control is disabled
[2016.01.27-23.31.00:944][  0]SourceControl: Info Source control is disabled
[2016.01.27-23.31.00:969][  0]SourceControl: Info Source control is disabled
[2016.01.27-23.31.00:993][  0]SourceControl: Info Source control is disabled
[2016.01.27-23.31.01:241][  0]LogLinker:Warning: Asset '../../../Engine/Plugins/Runtime/LeapMotionController/Content/LM_PassthroughMaterial.uasset' has been saved with empty engine version. The asset will be loaded but may be incompatible.
[2016.01.27-23.31.01:374][  0]LogObj: 28361 objects as part of root set at end of initial load.
[2016.01.27-23.31.01:374][  0]LogUObjectAllocator: 6038864 out of 0 bytes used by permanent object pool.
[2016.01.27-23.31.01:448][  0]LogEngine: Initializing Engine...
[2016.01.27-23.31.01:453][  0]LogHMD: Can't find Oculus library dev build: is proper Runtime installed? Version: 0.7.0.0
[2016.01.27-23.31.01:454][  0]LogHMD: SteamVR failed to initialize.  Err: 110
[2016.01.27-23.31.01:627][  0]LogAIModule: Creating AISystem for world NewWorld
[2016.01.27-23.31.01:633][  0]LogInit: XAudio2 using 'Speakers (Realtek High Definition Audio)' : 2 channels at 48 kHz using 32 bits per sample (channel mask 0x3)
[2016.01.27-23.31.01:669][  0]LogInit: FAudioDevice initialized.
[2016.01.27-23.31.01:707][  0]LogDerivedDataCache: Saved boot cache 0.04s 41MB C:/Users/Blake/AppData/Local/UnrealEngine/4.9/DerivedDataCache/Boot.ddc.
[2016.01.27-23.31.01:716][  0]LogInit: Texture streaming: Enabled
[2016.01.27-23.31.01:726][  0]LogAnalytics: Creating configured Analytics provider AnalyticsET
[2016.01.27-23.31.01:726][  0]LogAnalytics: [UEEditor.Rocket.Release] APIServer = http://et2.epicgames.com/ET2/. AppVersion = 4.9.2-2707645+++depot+UE4-Releases+4.9
[2016.01.27-23.31.01:726][  0]LogAnalytics: [UEEditor.Rocket.Release] SetUserId 1a844ea040a7a8e70cdb1494bb51b4f9|da1c9057e925472d8806720c0005e93a|833134bd-e4ea-4f33-b5b6-b3164e4e3338
[2016.01.27-23.31.01:726][  0]LogAnalytics: [UEEditor.Rocket.Release] AnalyticsET::StartSession
[2016.01.27-23.31.01:750][  0]LogWindowsTextInputMethodSystem:Display: IME system now deactivated.
[2016.01.27-23.31.01:780][  0]LogInit: Transaction tracking system initialized
[2016.01.27-23.31.01:834][  0]BlueprintLog: New page: Editor Load
[2016.01.27-23.31.01:990][  0]LocalizationService: Info Localization service is disabled
[2016.01.27-23.31.02:091][  0]LogLinker:Warning: Can't find file '/Game/FirstPersonBP/FirstPersonOverview'
[2016.01.27-23.31.02:091][  0]LogLinker:Warning: Can't find file '/Game/FirstPersonBP/FirstPersonOverview'
[2016.01.27-23.31.02:091][  0]LogUObjectGlobals:Warning: Failed to find object 'Class /Game/FirstPersonBP/FirstPersonOverview.FirstPersonOverview_C'
[2016.01.27-23.31.02:114][  0]LogConsoleResponse:Display: 
[2016.01.27-23.31.02:297][  0]LogCook:Display: Done creating registry. It took  0.00s.
[2016.01.27-23.31.02:406][  0]LogFileCache: Scanning file cache for directory 'C:/Users/Blake/Documents/Unreal Projects/FPS/Content/' took 0.01s
[2016.01.27-23.31.02:406][  0]SourceControl: Info Source control is disabled
[2016.01.27-23.31.02:406][  0]Cmd: MAP LOAD FILE="../../../Engine/Content/Maps/Templates/Template_Default.umap" TEMPLATE=1 SHOWPROGRESS=1 FEATURELEVEL=3
[2016.01.27-23.31.02:407][  0]LightingResults: New page: Lighting Build
[2016.01.27-23.31.02:413][  0]MapCheck: New page: Map Check
[2016.01.27-23.31.02:414][  0]LightingResults: New page: Lighting Build
[2016.01.27-23.31.02:443][  0]LogParticles: Destroying 0 GPU particle simulations for FXSystem 0x00000221DE1AE160
[2016.01.27-23.31.02:873][  0]LogAIModule: Creating AISystem for world Untitled_1
[2016.01.27-23.31.02:884][  0]LogEditorServer: Finished looking for orphan Actors (0.000 secs)
[2016.01.27-23.31.02:911][  0]Cmd: MAP CHECKDEP NOCLEARLOG
[2016.01.27-23.31.02:981][  0]MapCheck: Info Map check complete: 0 Error(s), 0 Warning(s), took 69.843ms to complete.
[2016.01.27-23.31.02:981][  0]LogFileHelpers: Loading map 'Template_Default' took 0.575
[2016.01.27-23.31.03:117][  0]LogCollectionManager: Loaded 0 collections in 0.005603 seconds
[2016.01.27-23.31.03:163][  0]LogFileCache: Scanning file cache for directory 'C:/Users/Blake/Documents/Unreal Projects/FPS/Saved/Collections/' took 0.01s
[2016.01.27-23.31.03:163][  0]LogFileCache: Scanning file cache for directory 'C:/Users/Blake/Documents/Unreal Projects/FPS/Content/Developers/Blake/Collections/' took 0.01s
[2016.01.27-23.31.03:163][  0]LogFileCache: Scanning file cache for directory 'C:/Users/Blake/Documents/Unreal Projects/FPS/Content/Collections/' took 0.01s
[2016.01.27-23.31.03:163][  0]LogContentBrowser: Native class hierarchy populated in 0.0116 seconds. Added 1867 classes and 333 folders.
[2016.01.27-23.31.03:173][  0]LogCollectionManager: Rebuilt the GUID cache for 0 collections in 0.000004 seconds
[2016.01.27-23.31.03:186][  0]LogContentBrowser: Native class hierarchy updated for 'WidgetCarousel' in 0.0006 seconds. Added 0 classes and 0 folders.
[2016.01.27-23.31.03:261][  0]LogContentBrowser: Native class hierarchy updated for 'AddContentDialog' in 0.0005 seconds. Added 0 classes and 0 folders.
[2016.01.27-23.31.03:268][  0]LogContentBrowser: Native class hierarchy updated for 'SceneOutliner' in 0.0005 seconds. Added 1 classes and 2 folders.
[2016.01.27-23.31.03:307][  0]LogCrashTracker: Crashtracker disabled due to settings.
[2016.01.27-23.31.03:313][  0]LogUObjectGlobals:Warning: Failed to find object 'Class None.'
[2016.01.27-23.31.03:336][  0]LogLoad: Full Startup: 8.43 seconds (BP compile: 0.07 seconds)
[2016.01.27-23.31.03:403][  0]LogContentStreaming: Texture pool size now 1000 MB
[2016.01.27-23.31.03:563][  0]LogRenderer: Reallocating scene render targets to support 964x436 (Frame:2).
[2016.01.27-23.31.04:945][  4]LogAssetRegistry: Asset discovery search completed in 4.2935 seconds
[2016.01.27-23.31.04:945][  4]LogCollectionManager: Rebuilt the object cache for 0 collections in 0.000001 seconds (found 0 objects)
[2016.01.27-23.31.04:945][  4]LogCollectionManager: Fixed up redirectors for 0 collections in 0.000030 seconds (updated 0 objects)
[2016.01.27-23.31.10:578][114]LogAIModule: Creating AISystem for world FPSMap1
[2016.01.27-23.31.16:649][339]LogEditorViewport: Clicking on Actor (LMB): StaticMeshActor (Floor)
[2016.01.27-23.31.29:232][601]LogEditorViewport: Clicking on Actor (LMB): StaticMeshActor (Floor)
[2016.01.27-23.31.30:093][618]LogEditorViewport: Clicking on Actor (LMB): StaticMeshActor (Floor)
[2016.01.27-23.31.35:382][728]Cmd: CAMERA ALIGN ACTIVEVIEWPORTONLY
[2016.01.27-23.34.02:770][608]LogEditorViewport: Clicking on Actor (LMB): StaticMeshActor (Floor)
[2016.01.27-23.34.36:305][556]Cmd: BRUSH ADD SELECTNEWBRUSH
[2016.01.27-23.34.41:119][655]LogEditorViewport: Clicking on Actor (LMB): StaticMeshActor (Floor)
[2016.01.27-23.34.45:567][744]LogEditorViewport: Clicking on Actor (LMB): StaticMeshActor (Floor)
[2016.01.27-23.36.03:218][529]LogEditorViewport: Clicking on Actor (LMB): BP_Sky_Sphere_C (Sky Sphere)
[2016.01.27-23.36.05:969][585]LogEditorViewport: Clicking on Actor (LMB): BP_Sky_Sphere_C (Sky Sphere)
[2016.01.27-23.36.07:344][613]LogEditorViewport: Clicking on Actor (LMB): BP_Sky_Sphere_C (Sky Sphere)
[2016.01.27-23.36.16:362][804]Cmd: EDIT COPY
[2016.01.27-23.36.17:091][819]LogEditorViewport: Clicking on Actor (LMB): StaticMeshActor (Floor)
[2016.01.27-23.36.18:523][847]LogEditorViewport: Clicking on Actor (LMB): BP_Sky_Sphere_C (Sky Sphere)
[2016.01.27-23.36.19:291][861]LogEditorViewport: Clicking on Actor (LMB): StaticMeshActor (Floor)
[2016.01.27-23.36.19:740][869]Cmd: EDIT PASTE
[2016.01.27-23.36.25:460][988]LogEditorViewport: Clicking on Actor (LMB): BP_Sky_Sphere_C (Sky Sphere)
[2016.01.27-23.36.29:768][ 78]LogPlayLevel: PlayLevel: No blueprints needed recompiling
[2016.01.27-23.36.29:769][ 78]PIE: New page: PIE session: Untitled_1 (Jan 27, 2016, 1:36:29 PM)
[2016.01.27-23.36.29:769][ 78]LogPlayLevel: Creating play world package: /Temp/UEDPIE_0_Untitled_1
[2016.01.27-23.36.29:785][ 78]LogPlayLevel: PIE: StaticDuplicateObject took: (0.016123s)
[2016.01.27-23.36.29:786][ 78]LogAIModule: Creating AISystem for world Untitled_1
[2016.01.27-23.36.29:787][ 78]LogPlayLevel: PIE: World Init took: (0.001698s)
[2016.01.27-23.36.29:788][ 78]LogPlayLevel: PIE: Created PIE world by copying editor world from /Temp/Untitled_1.Untitled_1 to /Temp/UEDPIE_0_Untitled_1.Untitled_1 (0.018928s)
[2016.01.27-23.36.29:788][ 78]LogActorComponent: UnregisterComponent: (/Engine/Transient.MovementComponent0) Not registered. Aborting.
[2016.01.27-23.36.29:834][ 78]LogInit: XAudio2 using 'Speakers (Realtek High Definition Audio)' : 2 channels at 48 kHz using 32 bits per sample (channel mask 0x3)
[2016.01.27-23.36.29:845][ 78]LogInit: FAudioDevice initialized.
[2016.01.27-23.36.29:900][ 78]LogWorld: Game class is 'GameMode'
[2016.01.27-23.36.29:905][ 78]LogWorld: Bringing World /Temp/UEDPIE_0_Untitled_1.Untitled_1 up for play (max tick rate 0) at 2016.01.27-18.36.29
[2016.01.27-23.36.29:905][ 78]LogActor:Warning: GameSession /Temp/UEDPIE_0_Untitled_1.Untitled_1:PersistentLevel.GameSession_0 has natively added scene component(s), but none of them were set as the actor's RootComponent - picking one arbitrarily
[2016.01.27-23.36.29:905][ 78]LogActor:Warning: GameNetworkManager /Temp/UEDPIE_0_Untitled_1.Untitled_1:PersistentLevel.GameNetworkManager_0 has natively added scene component(s), but none of them were set as the actor's RootComponent - picking one arbitrarily
[2016.01.27-23.36.29:905][ 78]LogWorld: Bringing up level for play took: 0.002857
[2016.01.27-23.36.29:907][ 78]PIE: Info Play in editor start time for /Temp/UEDPIE_0_Untitled_1 -0.195
[2016.01.27-23.36.39:153][333]LogParticles: Destroying 0 GPU particle simulations for FXSystem 0x0000022182B471A0
[2016.01.27-23.37.40:636][663]LogEditorViewport: Clicking on Actor (LMB): StaticMeshActor (Floor)
[2016.01.27-23.37.51:067][867]LogEditorViewport: Clicking on Actor (LMB): BP_Sky_Sphere_C (Sky Sphere)
[2016.01.27-23.38.20:410][ 84]Cmd: OBJ SAVEPACKAGE PACKAGE="/Game/Floor1_Sewers" FILE="../../../../../../Users/Blake/Documents/Unreal Projects/FPS/Content/Floor1_Sewers.umap" SILENT=true AUTOSAVING=false KEEPDIRTY=false
[2016.01.27-23.38.20:482][ 84]LogSavePackage: Save=42.480953ms
[2016.01.27-23.38.20:482][ 84]LogSavePackage: Moving '../../../../../../Users/Blake/Documents/Unreal Projects/FPS/Saved/Floor1_SewersFBC49B97457B858D9AAE148EA5093C8B.tmp' to '../../../../../../Users/Blake/Documents/Unreal Projects/FPS/Content/Floor1_Sewers.umap'
[2016.01.27-23.38.20:485][ 84]LogSavePackage: Total save time: 46.354927ms
[2016.01.27-23.38.20:485][ 84]LogSavePackage:Warning: Finished SavePackage ../../../../../../Users/Blake/Documents/Unreal Projects/FPS/Content/Floor1_Sewers.umap
[2016.01.27-23.38.20:545][ 84]LogFileHelpers: Saving map 'Floor1_Sewers' took 0.812
[2016.01.27-23.40.52:754][147]Cmd: BRUSH ADD SELECTNEWBRUSH
[2016.01.27-23.41.28:490][885]LogEditorViewport: Clicking on Actor (LMB): BP_Sky_Sphere_C (Sky Sphere)
[2016.01.27-23.41.32:783][974]LogPlayLevel: PlayLevel: No blueprints needed recompiling
[2016.01.27-23.41.32:784][974]PIE: New page: PIE session: Floor1_Sewers (Jan 27, 2016, 1:41:32 PM)
[2016.01.27-23.41.32:784][974]LogPlayLevel: Creating play world package: /Game/UEDPIE_0_Floor1_Sewers
[2016.01.27-23.41.32:789][974]LogPlayLevel: PIE: StaticDuplicateObject took: (0.005508s)
[2016.01.27-23.41.32:792][974]LogAIModule: Creating AISystem for world Floor1_Sewers
[2016.01.27-23.41.32:793][974]LogPlayLevel: PIE: World Init took: (0.003902s)
[2016.01.27-23.41.32:794][974]LogPlayLevel: PIE: Created PIE world by copying editor world from /Game/Floor1_Sewers.Floor1_Sewers to /Game/UEDPIE_0_Floor1_Sewers.Floor1_Sewers (0.010065s)
[2016.01.27-23.41.32:839][974]LogInit: XAudio2 using 'Speakers (Realtek High Definition Audio)' : 2 channels at 48 kHz using 32 bits per sample (channel mask 0x3)
[2016.01.27-23.41.32:854][974]LogInit: FAudioDevice initialized.
[2016.01.27-23.41.32:893][974]LogWorld: Game class is 'GameMode'
[2016.01.27-23.41.32:897][974]LogWorld: Bringing World /Game/UEDPIE_0_Floor1_Sewers.Floor1_Sewers up for play (max tick rate 0) at 2016.01.27-18.41.32
[2016.01.27-23.41.32:898][974]LogActor:Warning: GameSession /Game/UEDPIE_0_Floor1_Sewers.Floor1_Sewers:PersistentLevel.GameSession_1 has natively added scene component(s), but none of them were set as the actor's RootComponent - picking one arbitrarily
[2016.01.27-23.41.32:898][974]LogActor:Warning: GameNetworkManager /Game/UEDPIE_0_Floor1_Sewers.Floor1_Sewers:PersistentLevel.GameNetworkManager_1 has natively added scene component(s), but none of them were set as the actor's RootComponent - picking one arbitrarily
[2016.01.27-23.41.32:898][974]LogWorld: Bringing up level for play took: 0.005146
[2016.01.27-23.41.32:900][974]PIE: Info Play in editor start time for /Game/UEDPIE_0_Floor1_Sewers 0.798
[2016.01.27-23.41.39:475][154]LogParticles: Destroying 0 GPU particle simulations for FXSystem 0x0000022186EDDC60
[2016.01.27-23.42.21:230][988]Cmd: OBJ SAVEPACKAGE PACKAGE="/Game/Floor1_Sewers" FILE="../../../../../../Users/Blake/Documents/Unreal Projects/FPS/Content/Floor1_Sewers.umap" SILENT=true AUTOSAVING=false KEEPDIRTY=false
[2016.01.27-23.42.21:287][988]LogSavePackage: Save=32.754147ms
[2016.01.27-23.42.21:287][988]LogSavePackage: Moving '../../../../../../Users/Blake/Documents/Unreal Projects/FPS/Saved/Floor1_Sewers640A039043E88B6BD9F1679F12E9F97A.tmp' to '../../../../../../Users/Blake/Documents/Unreal Projects/FPS/Content/Floor1_Sewers.umap'
[2016.01.27-23.42.21:290][988]LogSavePackage: Total save time: 38.995326ms
[2016.01.27-23.42.21:290][988]LogSavePackage:Warning: Finished SavePackage ../../../../../../Users/Blake/Documents/Unreal Projects/FPS/Content/Floor1_Sewers.umap
[2016.01.27-23.42.21:322][988]LogFileHelpers: Saving map 'Floor1_Sewers' took 0.145
[2016.01.27-23.42.37:013][349]LogEditorViewport: Clicking on Actor (LMB): StaticMeshActor (Floor)
[2016.01.27-23.42.44:043][504]LogEditorViewport: Clicking on Actor (LMB): StaticMeshActor (Floor)
[2016.01.27-23.42.46:333][550]Cmd: EDIT COPY
[2016.01.27-23.42.46:875][562]LogEditorViewport: Clicking on Actor (LMB): BP_Sky_Sphere_C (Sky Sphere)
[2016.01.27-23.42.47:541][576]Cmd: EDIT PASTE
[2016.01.27-23.43.11:035][ 70]LogEditorViewport: Clicking on Actor (LMB): BP_Sky_Sphere_C (Sky Sphere)
[2016.01.27-23.43.11:930][ 90]LogEditorViewport: Clicking on Actor (LMB): StaticMeshActor (Floor2)
[2016.01.27-23.43.18:585][230]LogEditorViewport: Clicking on Actor (LMB): BP_Sky_Sphere_C (Sky Sphere)
[2016.01.27-23.43.32:247][528]LogEditorViewport: Clicking on Actor (LMB): StaticMeshActor (Floor2)
[2016.01.27-23.43.43:375][756]LogEditorViewport: Clicking on Actor (LMB): BP_Sky_Sphere_C (Sky Sphere)
[2016.01.27-23.43.44:454][777]LogEditorViewport: Clicking on Actor (LMB): StaticMeshActor (Floor2)
[2016.01.27-23.44.06:446][249]LogEditorViewport: Clicking on Actor (LMB): BP_Sky_Sphere_C (Sky Sphere)
[2016.01.27-23.44.25:540][665]Cmd: OBJ SAVEPACKAGE PACKAGE="/Game/Floor1_Sewers" FILE="../../../../../../Users/Blake/Documents/Unreal Projects/FPS/Content/Floor1_Sewers.umap" SILENT=true AUTOSAVING=false KEEPDIRTY=false
[2016.01.27-23.44.25:591][665]LogSavePackage: Save=28.686594ms
[2016.01.27-23.44.25:591][665]LogSavePackage: Moving '../../../../../../Users/Blake/Documents/Unreal Projects/FPS/Saved/Floor1_Sewers945DEB324EEC662E179D0E927A248E50.tmp' to '../../../../../../Users/Blake/Documents/Unreal Projects/FPS/Content/Floor1_Sewers.umap'
[2016.01.27-23.44.25:594][665]LogSavePackage: Total save time: 34.004122ms
[2016.01.27-23.44.25:594][665]LogSavePackage:Warning: Finished SavePackage ../../../../../../Users/Blake/Documents/Unreal Projects/FPS/Content/Floor1_Sewers.umap
[2016.01.27-23.44.25:636][665]LogFileHelpers: Saving map 'Floor1_Sewers' took 0.146
[2016.01.27-23.50.53:440][530]LogEditorViewport: Clicking on Actor (LMB): StaticMeshActor (Floor2)
[2016.01.27-23.51.26:440][847]Cmd: EDIT COPY
[2016.01.27-23.51.29:774][916]Cmd: EDIT PASTE
[2016.01.27-23.51.54:287][416]LogEditorViewport: Clicking on Actor (LMB): BP_Sky_Sphere_C (Sky Sphere)
[2016.01.27-23.51.56:928][469]Cmd: EDIT COPY
[2016.01.27-23.51.57:174][474]Cmd: EDIT PASTE
[2016.01.27-23.52.05:694][646]LogEditorViewport: Clicking on Actor (LMB): StaticMeshActor (Floor2)
[2016.01.27-23.52.06:955][671]LogEditorViewport: Clicking on Actor (LMB): BP_Sky_Sphere_C (Sky Sphere)
[2016.01.27-23.52.14:314][824]Cmd: OBJ SAVEPACKAGE PACKAGE="/Game/Floor1_Sewers" FILE="../../../../../../Users/Blake/Documents/Unreal Projects/FPS/Content/Floor1_Sewers.umap" SILENT=true AUTOSAVING=false KEEPDIRTY=false
[2016.01.27-23.52.14:384][824]LogSavePackage: Save=39.125698ms
[2016.01.27-23.52.14:384][824]LogSavePackage: Moving '../../../../../../Users/Blake/Documents/Unreal Projects/FPS/Saved/Floor1_SewersD0E07D084BFDDC3B98279D86DA31A101.tmp' to '../../../../../../Users/Blake/Documents/Unreal Projects/FPS/Content/Floor1_Sewers.umap'
[2016.01.27-23.52.14:387][824]LogSavePackage: Total save time: 46.159767ms
[2016.01.27-23.52.14:387][824]LogSavePackage:Warning: Finished SavePackage ../../../../../../Users/Blake/Documents/Unreal Projects/FPS/Content/Floor1_Sewers.umap
[2016.01.27-23.54.18:774][875]LogPlayLevel: PlayLevel: No blueprints needed recompiling
[2016.01.27-23.54.18:774][875]PIE: New page: PIE session: Floor1_Sewers (Jan 27, 2016, 1:54:18 PM)
[2016.01.27-23.54.18:774][875]LogPlayLevel: Creating play world package: /Game/UEDPIE_0_Floor1_Sewers
[2016.01.27-23.54.18:782][875]LogPlayLevel: PIE: StaticDuplicateObject took: (0.008269s)
[2016.01.27-23.54.18:785][875]LogAIModule: Creating AISystem for world Floor1_Sewers
[2016.01.27-23.54.18:786][875]LogPlayLevel: PIE: World Init took: (0.003652s)
[2016.01.27-23.54.18:787][875]LogPlayLevel: PIE: Created PIE world by copying editor world from /Game/Floor1_Sewers.Floor1_Sewers to /Game/UEDPIE_0_Floor1_Sewers.Floor1_Sewers (0.012745s)
[2016.01.27-23.54.18:844][875]LogInit: XAudio2 using 'Speakers (Realtek High Definition Audio)' : 2 channels at 48 kHz using 32 bits per sample (channel mask 0x3)
[2016.01.27-23.54.18:853][875]LogInit: FAudioDevice initialized.
[2016.01.27-23.54.18:888][875]LogWorld: Game class is 'GameMode'
[2016.01.27-23.54.18:891][875]LogWorld: Bringing World /Game/UEDPIE_0_Floor1_Sewers.Floor1_Sewers up for play (max tick rate 0) at 2016.01.27-18.54.18
[2016.01.27-23.54.18:891][875]LogActor:Warning: GameSession /Game/UEDPIE_0_Floor1_Sewers.Floor1_Sewers:PersistentLevel.GameSession_2 has natively added scene component(s), but none of them were set as the actor's RootComponent - picking one arbitrarily
[2016.01.27-23.54.18:891][875]LogActor:Warning: GameNetworkManager /Game/UEDPIE_0_Floor1_Sewers.Floor1_Sewers:PersistentLevel.GameNetworkManager_2 has natively added scene component(s), but none of them were set as the actor's RootComponent - picking one arbitrarily
[2016.01.27-23.54.18:891][875]LogWorld: Bringing up level for play took: 0.002945
[2016.01.27-23.54.18:893][875]PIE: Info Play in editor start time for /Game/UEDPIE_0_Floor1_Sewers 0.791
[2016.01.27-23.54.37:218][388]LogParticles: Destroying 0 GPU particle simulations for FXSystem 0x00000221D7E780E0
[2016.01.27-23.54.56:775][799]LogEditorViewport: Clicking on Actor (CTRL LMB): StaticMeshActor (Floor2)
[2016.01.27-23.54.56:939][800]Cmd: EDIT COPY
[2016.01.27-23.54.58:221][827]Cmd: EDIT PASTE
[2016.01.27-23.55.09:697][ 53]Cmd: TRANSACTION UNDO
[2016.01.27-23.55.09:697][ 53]LogEditorTransaction: Undo Move Actors
[2016.01.27-23.55.09:777][ 53]LogActorComponent: ~FComponentReregisterContext: (/Game/Floor1_Sewers.Floor1_Sewers:PersistentLevel.BoxBrush2.BrushComponent0) Component already registered.
[2016.01.27-23.55.12:501][107]Cmd: TRANSACTION UNDO
[2016.01.27-23.55.12:501][107]LogEditorTransaction: Undo Paste
[2016.01.27-23.55.12:580][107]LogActorComponent: ~FComponentReregisterContext: (/Game/Floor1_Sewers.Floor1_Sewers:PersistentLevel.BoxBrush4.BrushComponent0) Component already registered.
[2016.01.27-23.55.15:691][169]Cmd: EDIT COPY
[2016.01.27-23.55.15:882][173]Cmd: EDIT PASTE
[2016.01.27-23.56.14:736][394]LogEditorViewport: Clicking on Actor (LMB): StaticMeshActor (Floor2)
[2016.01.27-23.56.15:766][414]LogEditorViewport: Clicking on Actor (LMB): BP_Sky_Sphere_C (Sky Sphere)
[2016.01.28-00.03.16:930][932]LogEditorViewport: Clicking on Actor (LMB): BP_Sky_Sphere_C (Sky Sphere)
[2016.01.28-00.03.38:964][407]Cmd: EDIT COPY
[2016.01.28-00.03.40:895][447]Cmd: EDIT PASTE
[2016.01.28-00.04.36:670][632]LogEditorViewport: Clicking on Actor (LMB): BP_Sky_Sphere_C (Sky Sphere)
[2016.01.28-00.05.19:994][574]Cmd: EDIT COPY
[2016.01.28-00.05.22:807][632]Cmd: EDIT PASTE
[2016.01.28-00.06.12:861][658]LogEditorViewport: Clicking on Actor (LMB): BP_Sky_Sphere_C (Sky Sphere)
[2016.01.28-00.06.15:647][715]LogPlayLevel: PlayLevel: No blueprints needed recompiling
[2016.01.28-00.06.15:647][715]PIE: New page: PIE session: Floor1_Sewers (Jan 27, 2016, 2:06:15 PM)
[2016.01.28-00.06.15:648][715]LogPlayLevel: Creating play world package: /Game/UEDPIE_0_Floor1_Sewers
[2016.01.28-00.06.15:659][715]LogPlayLevel: PIE: StaticDuplicateObject took: (0.011228s)
[2016.01.28-00.06.15:663][715]LogAIModule: Creating AISystem for world Floor1_Sewers
[2016.01.28-00.06.15:664][715]LogPlayLevel: PIE: World Init took: (0.005585s)
[2016.01.28-00.06.15:665][715]LogPlayLevel: PIE: Created PIE world by copying editor world from /Game/Floor1_Sewers.Floor1_Sewers to /Game/UEDPIE_0_Floor1_Sewers.Floor1_Sewers (0.017656s)
[2016.01.28-00.06.15:718][715]LogInit: XAudio2 using 'Speakers (Realtek High Definition Audio)' : 2 channels at 48 kHz using 32 bits per sample (channel mask 0x3)
[2016.01.28-00.06.15:728][715]LogInit: FAudioDevice initialized.
[2016.01.28-00.06.15:763][715]LogWorld: Game class is 'GameMode'
[2016.01.28-00.06.15:767][715]LogWorld: Bringing World /Game/UEDPIE_0_Floor1_Sewers.Floor1_Sewers up for play (max tick rate 0) at 2016.01.27-19.06.15
[2016.01.28-00.06.15:767][715]LogActor:Warning: GameSession /Game/UEDPIE_0_Floor1_Sewers.Floor1_Sewers:PersistentLevel.GameSession_3 has natively added scene component(s), but none of them were set as the actor's RootComponent - picking one arbitrarily
[2016.01.28-00.06.15:767][715]LogActor:Warning: GameNetworkManager /Game/UEDPIE_0_Floor1_Sewers.Floor1_Sewers:PersistentLevel.GameNetworkManager_3 has natively added scene component(s), but none of them were set as the actor's RootComponent - picking one arbitrarily
[2016.01.28-00.06.15:767][715]LogWorld: Bringing up level for play took: 0.003065
[2016.01.28-00.06.15:777][715]PIE: Info Play in editor start time for /Game/UEDPIE_0_Floor1_Sewers -0.326
[2016.01.28-00.06.51:772][712]LogParticles: Destroying 0 GPU particle simulations for FXSystem 0x00000221E54885E0
[2016.01.28-00.07.19:640][388]MapCheck: New page: Map Check
[2016.01.28-00.07.19:666][388]Cmd: MAP REBUILD ALLVISIBLE
[2016.01.28-00.07.19:667][388]LogEditorServer: Rebuildmap Clear paths rebuilt
[2016.01.28-00.07.19:687][388]LightingResults: New page: Lighting Build - Jan 27, 2016, 2:07:19 PM
[2016.01.28-00.07.23:284][388]LogStaticLightingSystem:Warning: No importance volume found, so the scene bounding box was used.  You can optimize your scene's quality and lighting build times by adding importance volumes.
[2016.01.28-00.07.23:284][388]LogStaticLightingSystem: Running Lightmass w/ ImmediateImport mode ENABLED
[2016.01.28-00.07.23:284][388]LogStaticLightingSystem: Running Lightmass w/ ImmediateProcess mode ENABLED
[2016.01.28-00.07.23:284][388]LogStaticLightingSystem: Running Lightmass w/ Sorting mode ENABLED
[2016.01.28-00.07.23:284][388]LogStaticLightingSystem: Running Lightmass w/ Mapping paddings ENABLED
[2016.01.28-00.07.23:284][388]LogStaticLightingSystem: Running Lightmass w/ Mapping debug paddings DISABLED
[2016.01.28-00.07.23:653][388]LogEditorBuildUtils: Build time 0:00:04
[2016.01.28-00.07.26:159][453]Job is a success!
[2016.01.28-00.07.26:452][454]LogTexture:Display: Building textures: HQ_Lightmap0_1 (AutoDXT)
[2016.01.28-00.07.26:492][454]LogTexture:Display: Building textures: LQ_Lightmap_0_3 (DXT1)
[2016.01.28-00.07.26:493][454]LogTexture:Display: Building textures: HQ_Lightmap0_3 (AutoDXT)
[2016.01.28-00.07.26:494][454]LogTexture:Display: Building textures: LQ_Lightmap_1_2 (DXT1)
[2016.01.28-00.07.26:512][454]LogTexture:Display: Building textures: HQ_Lightmap1_2 (AutoDXT)
[2016.01.28-00.07.26:538][454]LogTexture:Display: Building textures: LQ_Lightmap_0_1 (DXT1)
[2016.01.28-00.07.26:565][454]LogTexture:Display: Building textures: ShadowMapTexture2D_0 (G8)
[2016.01.28-00.07.26:594][454]LogTexture:Display: Building textures: ShadowMapTexture2D_3 (G8)
[2016.01.28-00.07.26:600][454]LogTexture:Display: Building textures: ShadowMapTexture2D_4 (G8)
[2016.01.28-00.07.26:650][454]Lightmass on LAPTOP-LIOL8N73: 1.82 sec total, 290 ms importing, 1 ms setup, 177 ms photons, 1.33 sec processing, 0 ms extra exporting [29/29 mappings]. Threads: 5.29 sec total, 2.09 sec processing.
[2016.01.28-00.07.26:696][454]LogStaticLightingSystem: Illumination: 6.90 sec (171 ms encoding lightmaps)
[2016.01.28-00.07.26:696][454]LogStaticLightingSystem: Lightmap texture memory:  0.4 MB (0.1 MB streaming, 0.3 MB non-streaming), 6 textures
[2016.01.28-00.07.26:696][454]LogStaticLightingSystem: Shadowmap texture memory: 0.2 MB (0.0 MB streaming, 0.2 MB non-streaming), 3 textures
[2016.01.28-00.07.27:318][455]Cmd: MAP CHECK NOTIFYRESULTS
[2016.01.28-00.07.27:319][455]MapCheck: New page: Floor1_Sewers - Jan 27, 2016, 2:07:27 PM
[2016.01.28-00.07.27:422][455]MapCheck: Info Map check complete: 0 Error(s), 0 Warning(s), took 103.742ms to complete.
[2016.01.28-00.07.29:539][502]LogPlayLevel: PlayLevel: No blueprints needed recompiling
[2016.01.28-00.07.29:539][502]PIE: New page: PIE session: Floor1_Sewers (Jan 27, 2016, 2:07:29 PM)
[2016.01.28-00.07.29:539][502]LogPlayLevel: Creating play world package: /Game/UEDPIE_0_Floor1_Sewers
[2016.01.28-00.07.29:550][502]LogPlayLevel: PIE: StaticDuplicateObject took: (0.010202s)
[2016.01.28-00.07.29:552][502]LogAIModule: Creating AISystem for world Floor1_Sewers
[2016.01.28-00.07.29:552][502]LogPlayLevel: PIE: World Init took: (0.002695s)
[2016.01.28-00.07.29:553][502]LogPlayLevel: PIE: Created PIE world by copying editor world from /Game/Floor1_Sewers.Floor1_Sewers to /Game/UEDPIE_0_Floor1_Sewers.Floor1_Sewers (0.013341s)
[2016.01.28-00.07.29:587][502]LogInit: XAudio2 using 'Speakers (Realtek High Definition Audio)' : 2 channels at 48 kHz using 32 bits per sample (channel mask 0x3)
[2016.01.28-00.07.29:594][502]LogInit: FAudioDevice initialized.
[2016.01.28-00.07.29:630][502]LogWorld: Game class is 'GameMode'
[2016.01.28-00.07.29:632][502]LogWorld: Bringing World /Game/UEDPIE_0_Floor1_Sewers.Floor1_Sewers up for play (max tick rate 0) at 2016.01.27-19.07.29
[2016.01.28-00.07.29:632][502]LogActor:Warning: GameSession /Game/UEDPIE_0_Floor1_Sewers.Floor1_Sewers:PersistentLevel.GameSession_4 has natively added scene component(s), but none of them were set as the actor's RootComponent - picking one arbitrarily
[2016.01.28-00.07.29:633][502]LogActor:Warning: GameNetworkManager /Game/UEDPIE_0_Floor1_Sewers.Floor1_Sewers:PersistentLevel.GameNetworkManager_4 has natively added scene component(s), but none of them were set as the actor's RootComponent - picking one arbitrarily
[2016.01.28-00.07.29:633][502]LogWorld: Bringing up level for play took: 0.002678
[2016.01.28-00.07.29:634][502]PIE: Info Play in editor start time for /Game/UEDPIE_0_Floor1_Sewers -0.468
[2016.01.28-00.07.38:259][751]LogParticles: Destroying 0 GPU particle simulations for FXSystem 0x00000221EAB0E480
[2016.01.28-00.07.39:547][781]LogEditorViewport: Clicking on Actor (LMB): BP_Sky_Sphere_C (Sky Sphere)
[2016.01.28-00.07.55:015][138]Cmd: OBJ SAVEPACKAGE PACKAGE="/Game/Floor1_Sewers" FILE="../../../../../../Users/Blake/Documents/Unreal Projects/FPS/Content/Floor1_Sewers.umap" SILENT=true AUTOSAVING=false KEEPDIRTY=false
[2016.01.28-00.0